#
# There is insufficient memory for the Java Runtime Environment to continue.
# Native memory allocation (malloc) failed to allocate 47696 bytes. Error detail: Chunk::new
# Possible reasons:
#   The system is out of physical RAM or swap space
#   This process is running with CompressedOops enabled, and the Java Heap may be blocking the growth of the native heap
# Possible solutions:
#   Reduce memory load on the system
#   Increase physical memory or swap space
#   Check if swap backing store is full
#   Decrease Java heap size (-Xmx/-Xms)
#   Decrease number of Java threads
#   Decrease Java thread stack sizes (-Xss)
#   Set larger code cache with -XX:ReservedCodeCacheSize=
#   JVM is running with Unscaled Compressed Oops mode in which the Java heap is
#     placed in the first 4GB address space. The Java Heap base address is the
#     maximum limit for the native heap growth. Please use -XX:HeapBaseMinAddress
#     to set the Java Heap base and to place the Java Heap above 4GB virtual address.
# This output file may be truncated or incomplete.
#
#  Out of Memory Error (arena.cpp:168), pid=4800, tid=2096
#
# JRE version: OpenJDK Runtime Environment JBR-21.0.5+8-631.30-jcef (21.0.5+8) (build 21.0.5+8-b631.30)
# Java VM: OpenJDK 64-Bit Server VM JBR-21.0.5+8-631.30-jcef (21.0.5+8-b631.30, mixed mode, sharing, tiered, compressed oops, compressed class ptrs, g1 gc, windows-amd64)
# No core dump will be written. Minidumps are not enabled by default on client versions of Windows
#

---------------  S U M M A R Y ------------

Command Line: -Djava.rmi.server.hostname=127.0.0.1 -Duser.timezone=UTC -Xmx2048m -Xms128m -Djdbc.classpath=C:\Users\MSI\AppData\Local\Temp\RemoteDriver9.classpath.txt --add-exports=java.desktop/sun.awt=ALL-UNNAMED --add-exports=java.desktop/java.awt.peer=ALL-UNNAMED --add-opens=java.desktop/java.awt=ALL-UNNAMED --add-opens=jdk.unsupported/sun.misc=ALL-UNNAMED --add-opens=java.base/java.nio=ALL-UNNAMED --add-opens=java.base/java.util=ALL-UNNAMED -Dfile.encoding=UTF-8 -Dsun.stdout.encoding=UTF-8 -Dsun.stderr.encoding=UTF-8 com.intellij.database.remote.RemoteJdbcServer com.mysql.cj.jdbc.Driver

Host: Intel(R) Core(TM) i5-10500H CPU @ 2.50GHz, 12 cores, 7G,  Windows 10 , 64 bit Build 19041 (10.0.19041.5438)
Time: Sat Mar 22 16:37:13 2025 Sri Lanka Standard Time elapsed time: 0.780147 seconds (0d 0h 0m 0s)

---------------  T H R E A D  ---------------

Current thread (0x000002095f880680):  JavaThread "C2 CompilerThread0" daemon [_thread_in_native, id=2096, stack(0x00000058d0e00000,0x00000058d0f00000) (1024K)]


Current CompileTask:
C2:780  655       4       jdk.internal.org.objectweb.asm.ByteVector::putUTF8 (144 bytes)

Stack: [0x00000058d0e00000,0x00000058d0f00000]
Native frames: (J=compiled Java code, j=interpreted, Vv=VM code, C=native code)
V  [jvm.dll+0x6e52b9]
V  [jvm.dll+0x8c3633]
V  [jvm.dll+0x8c5b8e]
V  [jvm.dll+0x8c6273]
V  [jvm.dll+0x288f46]
V  [jvm.dll+0xc66dd]
V  [jvm.dll+0xc6c13]
V  [jvm.dll+0x2feb50]
V  [jvm.dll+0x60c609]
V  [jvm.dll+0x2598a2]
V  [jvm.dll+0x2520ad]
V  [jvm.dll+0x24fc6e]
V  [jvm.dll+0x1cd6a4]
V  [jvm.dll+0x25f5dc]
V  [jvm.dll+0x25db26]
V  [jvm.dll+0x3ff5e6]
V  [jvm.dll+0x86b248]
V  [jvm.dll+0x6e3abd]
C  [ucrtbase.dll+0x21bb2]
C  [KERNEL32.DLL+0x17374]
C  [ntdll.dll+0x4cc91]


---------------  P R O C E S S  ---------------

Threads class SMR info:
_java_thread_list=0x000002096421cbd0, length=13, elements={
0x0000020944dc1590, 0x000002095f86acb0, 0x000002095f871cc0, 0x000002095f875340,
0x000002095f875d90, 0x000002095f876b40, 0x000002095f877590, 0x000002095f880680,
0x000002095f8812c0, 0x000002095fc25d90, 0x000002095fc28030, 0x000002095fc7dc40,
0x000002095fdcf400
}

Java Threads: ( => current thread )
  0x0000020944dc1590 JavaThread "main"                              [_thread_in_vm, id=3168, stack(0x00000058d0000000,0x00000058d0100000) (1024K)]
  0x000002095f86acb0 JavaThread "Reference Handler"          daemon [_thread_blocked, id=4280, stack(0x00000058d0800000,0x00000058d0900000) (1024K)]
  0x000002095f871cc0 JavaThread "Finalizer"                  daemon [_thread_blocked, id=2752, stack(0x00000058d0900000,0x00000058d0a00000) (1024K)]
  0x000002095f875340 JavaThread "Signal Dispatcher"          daemon [_thread_blocked, id=14984, stack(0x00000058d0a00000,0x00000058d0b00000) (1024K)]
  0x000002095f875d90 JavaThread "Attach Listener"            daemon [_thread_blocked, id=1372, stack(0x00000058d0b00000,0x00000058d0c00000) (1024K)]
  0x000002095f876b40 JavaThread "Service Thread"             daemon [_thread_blocked, id=7820, stack(0x00000058d0c00000,0x00000058d0d00000) (1024K)]
  0x000002095f877590 JavaThread "Monitor Deflation Thread"   daemon [_thread_blocked, id=584, stack(0x00000058d0d00000,0x00000058d0e00000) (1024K)]
=>0x000002095f880680 JavaThread "C2 CompilerThread0"         daemon [_thread_in_native, id=2096, stack(0x00000058d0e00000,0x00000058d0f00000) (1024K)]
  0x000002095f8812c0 JavaThread "C1 CompilerThread0"         daemon [_thread_blocked, id=4680, stack(0x00000058d0f00000,0x00000058d1000000) (1024K)]
  0x000002095fc25d90 JavaThread "Common-Cleaner"             daemon [_thread_blocked, id=11028, stack(0x00000058d1000000,0x00000058d1100000) (1024K)]
  0x000002095fc28030 JavaThread "Notification Thread"        daemon [_thread_blocked, id=3092, stack(0x00000058d1100000,0x00000058d1200000) (1024K)]
  0x000002095fc7dc40 JavaThread "C2 CompilerThread1"         daemon [_thread_blocked, id=12544, stack(0x00000058d1200000,0x00000058d1300000) (1024K)]
  0x000002095fdcf400 JavaThread "mysql-cj-abandoned-connection-cleanup" daemon [_thread_blocked, id=7608, stack(0x00000058d1300000,0x00000058d1400000) (1024K)]
Total: 13

Other Threads:
  0x000002095f8539c0 VMThread "VM Thread"                           [id=5340, stack(0x00000058d0700000,0x00000058d0800000) (1024K)]
  0x000002095f8424c0 WatcherThread "VM Periodic Task Thread"        [id=10312, stack(0x00000058d0600000,0x00000058d0700000) (1024K)]
  0x0000020946f7a950 WorkerThread "GC Thread#0"                     [id=11780, stack(0x00000058d0100000,0x00000058d0200000) (1024K)]
  0x0000020946f8b9f0 ConcurrentGCThread "G1 Main Marker"            [id=4116, stack(0x00000058d0200000,0x00000058d0300000) (1024K)]
  0x0000020946f8cba0 WorkerThread "G1 Conc#0"                       [id=14892, stack(0x00000058d0300000,0x00000058d0400000) (1024K)]
  0x0000020946fee520 ConcurrentGCThread "G1 Refine#0"               [id=10924, stack(0x00000058d0400000,0x00000058d0500000) (1024K)]
  0x000002095f703160 ConcurrentGCThread "G1 Service"                [id=12940, stack(0x00000058d0500000,0x00000058d0600000) (1024K)]
Total: 7

Threads with active compile tasks:
C2 CompilerThread0  789  655       4       jdk.internal.org.objectweb.asm.ByteVector::putUTF8 (144 bytes)
Total: 1

VM state: not at safepoint (normal execution)

VM Mutex/Monitor currently owned by a thread:  ([mutex/lock_event])
[0x00007ffc7c17c830] Metaspace_lock - owner thread: 0x0000020944dc1590

Heap address: 0x0000000080000000, size: 2048 MB, Compressed Oops mode: 32-bit

CDS archive(s) mapped at: [0x0000020900000000-0x0000020900d00000-0x0000020900d00000), size 13631488, SharedBaseAddress: 0x0000020900000000, ArchiveRelocationMode: 1.
Compressed class space mapped at: 0x0000020901000000-0x0000020941000000, reserved size: 1073741824
Narrow klass base: 0x0000020900000000, Narrow klass shift: 0, Narrow klass range: 0x100000000

GC Precious Log:
 CardTable entry size: 512
 Card Set container configuration: InlinePtr #cards 5 size 8 Array Of Cards #cards 12 size 40 Howl #buckets 4 coarsen threshold 1843 Howl Bitmap #cards 512 size 80 coarsen threshold 460 Card regions per heap region 1 cards per card region 2048
 CPUs: 12 total, 12 available
 Memory: 8013M
 Large Page Support: Disabled
 NUMA Support: Disabled
 Compressed Oops: Enabled (32-bit)
 Heap Region Size: 1M
 Heap Min Capacity: 128M
 Heap Initial Capacity: 128M
 Heap Max Capacity: 2G
 Pre-touch: Disabled
 Parallel Workers: 10
 Concurrent Workers: 3
 Concurrent Refinement Workers: 10
 Periodic GC: Disabled

Heap:
 garbage-first heap   total 131072K, used 15360K [0x0000000080000000, 0x0000000100000000)
  region size 1024K, 12 young (12288K), 0 survivors (0K)
 Metaspace       used 2684K, committed 2880K, reserved 1114112K
  class space    used 341K, committed 448K, reserved 1048576K

Heap Regions: E=young(eden), S=young(survivor), O=old, HS=humongous(starts), HC=humongous(continues), CS=collection set, F=free, TAMS=top-at-mark-start, PB=parsable bottom
|   0|0x0000000080000000, 0x0000000080100000, 0x0000000080100000|100%|HS|  |TAMS 0x0000000080000000| PB 0x0000000080000000| Complete 
|   1|0x0000000080100000, 0x0000000080200000, 0x0000000080200000|100%|HC|  |TAMS 0x0000000080100000| PB 0x0000000080100000| Complete 
|   2|0x0000000080200000, 0x0000000080300000, 0x0000000080300000|100%|HS|  |TAMS 0x0000000080200000| PB 0x0000000080200000| Complete 
|   3|0x0000000080300000, 0x0000000080400000, 0x0000000080400000|100%|HS|  |TAMS 0x0000000080300000| PB 0x0000000080300000| Complete 
|   4|0x0000000080400000, 0x0000000080400000, 0x0000000080500000|  0%| F|  |TAMS 0x0000000080400000| PB 0x0000000080400000| Untracked 
|   5|0x0000000080500000, 0x0000000080500000, 0x0000000080600000|  0%| F|  |TAMS 0x0000000080500000| PB 0x0000000080500000| Untracked 
|   6|0x0000000080600000, 0x0000000080600000, 0x0000000080700000|  0%| F|  |TAMS 0x0000000080600000| PB 0x0000000080600000| Untracked 
|   7|0x0000000080700000, 0x0000000080700000, 0x0000000080800000|  0%| F|  |TAMS 0x0000000080700000| PB 0x0000000080700000| Untracked 
|   8|0x0000000080800000, 0x0000000080800000, 0x0000000080900000|  0%| F|  |TAMS 0x0000000080800000| PB 0x0000000080800000| Untracked 
|   9|0x0000000080900000, 0x0000000080900000, 0x0000000080a00000|  0%| F|  |TAMS 0x0000000080900000| PB 0x0000000080900000| Untracked 
|  10|0x0000000080a00000, 0x0000000080a00000, 0x0000000080b00000|  0%| F|  |TAMS 0x0000000080a00000| PB 0x0000000080a00000| Untracked 
|  11|0x0000000080b00000, 0x0000000080b00000, 0x0000000080c00000|  0%| F|  |TAMS 0x0000000080b00000| PB 0x0000000080b00000| Untracked 
|  12|0x0000000080c00000, 0x0000000080c00000, 0x0000000080d00000|  0%| F|  |TAMS 0x0000000080c00000| PB 0x0000000080c00000| Untracked 
|  13|0x0000000080d00000, 0x0000000080d00000, 0x0000000080e00000|  0%| F|  |TAMS 0x0000000080d00000| PB 0x0000000080d00000| Untracked 
|  14|0x0000000080e00000, 0x0000000080e00000, 0x0000000080f00000|  0%| F|  |TAMS 0x0000000080e00000| PB 0x0000000080e00000| Untracked 
|  15|0x0000000080f00000, 0x0000000080f00000, 0x0000000081000000|  0%| F|  |TAMS 0x0000000080f00000| PB 0x0000000080f00000| Untracked 
|  16|0x0000000081000000, 0x0000000081000000, 0x0000000081100000|  0%| F|  |TAMS 0x0000000081000000| PB 0x0000000081000000| Untracked 
|  17|0x0000000081100000, 0x0000000081100000, 0x0000000081200000|  0%| F|  |TAMS 0x0000000081100000| PB 0x0000000081100000| Untracked 
|  18|0x0000000081200000, 0x0000000081200000, 0x0000000081300000|  0%| F|  |TAMS 0x0000000081200000| PB 0x0000000081200000| Untracked 
|  19|0x0000000081300000, 0x0000000081300000, 0x0000000081400000|  0%| F|  |TAMS 0x0000000081300000| PB 0x0000000081300000| Untracked 
|  20|0x0000000081400000, 0x0000000081400000, 0x0000000081500000|  0%| F|  |TAMS 0x0000000081400000| PB 0x0000000081400000| Untracked 
|  21|0x0000000081500000, 0x0000000081500000, 0x0000000081600000|  0%| F|  |TAMS 0x0000000081500000| PB 0x0000000081500000| Untracked 
|  22|0x0000000081600000, 0x0000000081600000, 0x0000000081700000|  0%| F|  |TAMS 0x0000000081600000| PB 0x0000000081600000| Untracked 
|  23|0x0000000081700000, 0x0000000081700000, 0x0000000081800000|  0%| F|  |TAMS 0x0000000081700000| PB 0x0000000081700000| Untracked 
|  24|0x0000000081800000, 0x0000000081800000, 0x0000000081900000|  0%| F|  |TAMS 0x0000000081800000| PB 0x0000000081800000| Untracked 
|  25|0x0000000081900000, 0x0000000081900000, 0x0000000081a00000|  0%| F|  |TAMS 0x0000000081900000| PB 0x0000000081900000| Untracked 
|  26|0x0000000081a00000, 0x0000000081a00000, 0x0000000081b00000|  0%| F|  |TAMS 0x0000000081a00000| PB 0x0000000081a00000| Untracked 
|  27|0x0000000081b00000, 0x0000000081b00000, 0x0000000081c00000|  0%| F|  |TAMS 0x0000000081b00000| PB 0x0000000081b00000| Untracked 
|  28|0x0000000081c00000, 0x0000000081c00000, 0x0000000081d00000|  0%| F|  |TAMS 0x0000000081c00000| PB 0x0000000081c00000| Untracked 
|  29|0x0000000081d00000, 0x0000000081d00000, 0x0000000081e00000|  0%| F|  |TAMS 0x0000000081d00000| PB 0x0000000081d00000| Untracked 
|  30|0x0000000081e00000, 0x0000000081e00000, 0x0000000081f00000|  0%| F|  |TAMS 0x0000000081e00000| PB 0x0000000081e00000| Untracked 
|  31|0x0000000081f00000, 0x0000000081f00000, 0x0000000082000000|  0%| F|  |TAMS 0x0000000081f00000| PB 0x0000000081f00000| Untracked 
|  32|0x0000000082000000, 0x0000000082000000, 0x0000000082100000|  0%| F|  |TAMS 0x0000000082000000| PB 0x0000000082000000| Untracked 
|  33|0x0000000082100000, 0x0000000082100000, 0x0000000082200000|  0%| F|  |TAMS 0x0000000082100000| PB 0x0000000082100000| Untracked 
|  34|0x0000000082200000, 0x0000000082200000, 0x0000000082300000|  0%| F|  |TAMS 0x0000000082200000| PB 0x0000000082200000| Untracked 
|  35|0x0000000082300000, 0x0000000082300000, 0x0000000082400000|  0%| F|  |TAMS 0x0000000082300000| PB 0x0000000082300000| Untracked 
|  36|0x0000000082400000, 0x0000000082400000, 0x0000000082500000|  0%| F|  |TAMS 0x0000000082400000| PB 0x0000000082400000| Untracked 
|  37|0x0000000082500000, 0x0000000082500000, 0x0000000082600000|  0%| F|  |TAMS 0x0000000082500000| PB 0x0000000082500000| Untracked 
|  38|0x0000000082600000, 0x0000000082600000, 0x0000000082700000|  0%| F|  |TAMS 0x0000000082600000| PB 0x0000000082600000| Untracked 
|  39|0x0000000082700000, 0x0000000082700000, 0x0000000082800000|  0%| F|  |TAMS 0x0000000082700000| PB 0x0000000082700000| Untracked 
|  40|0x0000000082800000, 0x0000000082800000, 0x0000000082900000|  0%| F|  |TAMS 0x0000000082800000| PB 0x0000000082800000| Untracked 
|  41|0x0000000082900000, 0x0000000082900000, 0x0000000082a00000|  0%| F|  |TAMS 0x0000000082900000| PB 0x0000000082900000| Untracked 
|  42|0x0000000082a00000, 0x0000000082a00000, 0x0000000082b00000|  0%| F|  |TAMS 0x0000000082a00000| PB 0x0000000082a00000| Untracked 
|  43|0x0000000082b00000, 0x0000000082b00000, 0x0000000082c00000|  0%| F|  |TAMS 0x0000000082b00000| PB 0x0000000082b00000| Untracked 
|  44|0x0000000082c00000, 0x0000000082c00000, 0x0000000082d00000|  0%| F|  |TAMS 0x0000000082c00000| PB 0x0000000082c00000| Untracked 
|  45|0x0000000082d00000, 0x0000000082d00000, 0x0000000082e00000|  0%| F|  |TAMS 0x0000000082d00000| PB 0x0000000082d00000| Untracked 
|  46|0x0000000082e00000, 0x0000000082e00000, 0x0000000082f00000|  0%| F|  |TAMS 0x0000000082e00000| PB 0x0000000082e00000| Untracked 
|  47|0x0000000082f00000, 0x0000000082f00000, 0x0000000083000000|  0%| F|  |TAMS 0x0000000082f00000| PB 0x0000000082f00000| Untracked 
|  48|0x0000000083000000, 0x0000000083000000, 0x0000000083100000|  0%| F|  |TAMS 0x0000000083000000| PB 0x0000000083000000| Untracked 
|  49|0x0000000083100000, 0x0000000083100000, 0x0000000083200000|  0%| F|  |TAMS 0x0000000083100000| PB 0x0000000083100000| Untracked 
|  50|0x0000000083200000, 0x0000000083200000, 0x0000000083300000|  0%| F|  |TAMS 0x0000000083200000| PB 0x0000000083200000| Untracked 
|  51|0x0000000083300000, 0x0000000083300000, 0x0000000083400000|  0%| F|  |TAMS 0x0000000083300000| PB 0x0000000083300000| Untracked 
|  52|0x0000000083400000, 0x0000000083400000, 0x0000000083500000|  0%| F|  |TAMS 0x0000000083400000| PB 0x0000000083400000| Untracked 
|  53|0x0000000083500000, 0x0000000083500000, 0x0000000083600000|  0%| F|  |TAMS 0x0000000083500000| PB 0x0000000083500000| Untracked 
|  54|0x0000000083600000, 0x0000000083600000, 0x0000000083700000|  0%| F|  |TAMS 0x0000000083600000| PB 0x0000000083600000| Untracked 
|  55|0x0000000083700000, 0x0000000083700000, 0x0000000083800000|  0%| F|  |TAMS 0x0000000083700000| PB 0x0000000083700000| Untracked 
|  56|0x0000000083800000, 0x0000000083800000, 0x0000000083900000|  0%| F|  |TAMS 0x0000000083800000| PB 0x0000000083800000| Untracked 
|  57|0x0000000083900000, 0x0000000083900000, 0x0000000083a00000|  0%| F|  |TAMS 0x0000000083900000| PB 0x0000000083900000| Untracked 
|  58|0x0000000083a00000, 0x0000000083a00000, 0x0000000083b00000|  0%| F|  |TAMS 0x0000000083a00000| PB 0x0000000083a00000| Untracked 
|  59|0x0000000083b00000, 0x0000000083b00000, 0x0000000083c00000|  0%| F|  |TAMS 0x0000000083b00000| PB 0x0000000083b00000| Untracked 
|  60|0x0000000083c00000, 0x0000000083c00000, 0x0000000083d00000|  0%| F|  |TAMS 0x0000000083c00000| PB 0x0000000083c00000| Untracked 
|  61|0x0000000083d00000, 0x0000000083d00000, 0x0000000083e00000|  0%| F|  |TAMS 0x0000000083d00000| PB 0x0000000083d00000| Untracked 
|  62|0x0000000083e00000, 0x0000000083e00000, 0x0000000083f00000|  0%| F|  |TAMS 0x0000000083e00000| PB 0x0000000083e00000| Untracked 
|  63|0x0000000083f00000, 0x0000000083f00000, 0x0000000084000000|  0%| F|  |TAMS 0x0000000083f00000| PB 0x0000000083f00000| Untracked 
|  64|0x0000000084000000, 0x0000000084000000, 0x0000000084100000|  0%| F|  |TAMS 0x0000000084000000| PB 0x0000000084000000| Untracked 
|  65|0x0000000084100000, 0x0000000084100000, 0x0000000084200000|  0%| F|  |TAMS 0x0000000084100000| PB 0x0000000084100000| Untracked 
|  66|0x0000000084200000, 0x0000000084200000, 0x0000000084300000|  0%| F|  |TAMS 0x0000000084200000| PB 0x0000000084200000| Untracked 
|  67|0x0000000084300000, 0x0000000084300000, 0x0000000084400000|  0%| F|  |TAMS 0x0000000084300000| PB 0x0000000084300000| Untracked 
|  68|0x0000000084400000, 0x0000000084400000, 0x0000000084500000|  0%| F|  |TAMS 0x0000000084400000| PB 0x0000000084400000| Untracked 
|  69|0x0000000084500000, 0x0000000084500000, 0x0000000084600000|  0%| F|  |TAMS 0x0000000084500000| PB 0x0000000084500000| Untracked 
|  70|0x0000000084600000, 0x0000000084600000, 0x0000000084700000|  0%| F|  |TAMS 0x0000000084600000| PB 0x0000000084600000| Untracked 
|  71|0x0000000084700000, 0x0000000084700000, 0x0000000084800000|  0%| F|  |TAMS 0x0000000084700000| PB 0x0000000084700000| Untracked 
|  72|0x0000000084800000, 0x0000000084800000, 0x0000000084900000|  0%| F|  |TAMS 0x0000000084800000| PB 0x0000000084800000| Untracked 
|  73|0x0000000084900000, 0x0000000084900000, 0x0000000084a00000|  0%| F|  |TAMS 0x0000000084900000| PB 0x0000000084900000| Untracked 
|  74|0x0000000084a00000, 0x0000000084a00000, 0x0000000084b00000|  0%| F|  |TAMS 0x0000000084a00000| PB 0x0000000084a00000| Untracked 
|  75|0x0000000084b00000, 0x0000000084b00000, 0x0000000084c00000|  0%| F|  |TAMS 0x0000000084b00000| PB 0x0000000084b00000| Untracked 
|  76|0x0000000084c00000, 0x0000000084c00000, 0x0000000084d00000|  0%| F|  |TAMS 0x0000000084c00000| PB 0x0000000084c00000| Untracked 
|  77|0x0000000084d00000, 0x0000000084d00000, 0x0000000084e00000|  0%| F|  |TAMS 0x0000000084d00000| PB 0x0000000084d00000| Untracked 
|  78|0x0000000084e00000, 0x0000000084e00000, 0x0000000084f00000|  0%| F|  |TAMS 0x0000000084e00000| PB 0x0000000084e00000| Untracked 
|  79|0x0000000084f00000, 0x0000000084f00000, 0x0000000085000000|  0%| F|  |TAMS 0x0000000084f00000| PB 0x0000000084f00000| Untracked 
|  80|0x0000000085000000, 0x0000000085000000, 0x0000000085100000|  0%| F|  |TAMS 0x0000000085000000| PB 0x0000000085000000| Untracked 
|  81|0x0000000085100000, 0x0000000085100000, 0x0000000085200000|  0%| F|  |TAMS 0x0000000085100000| PB 0x0000000085100000| Untracked 
|  82|0x0000000085200000, 0x0000000085200000, 0x0000000085300000|  0%| F|  |TAMS 0x0000000085200000| PB 0x0000000085200000| Untracked 
|  83|0x0000000085300000, 0x0000000085300000, 0x0000000085400000|  0%| F|  |TAMS 0x0000000085300000| PB 0x0000000085300000| Untracked 
|  84|0x0000000085400000, 0x0000000085400000, 0x0000000085500000|  0%| F|  |TAMS 0x0000000085400000| PB 0x0000000085400000| Untracked 
|  85|0x0000000085500000, 0x0000000085500000, 0x0000000085600000|  0%| F|  |TAMS 0x0000000085500000| PB 0x0000000085500000| Untracked 
|  86|0x0000000085600000, 0x0000000085600000, 0x0000000085700000|  0%| F|  |TAMS 0x0000000085600000| PB 0x0000000085600000| Untracked 
|  87|0x0000000085700000, 0x0000000085700000, 0x0000000085800000|  0%| F|  |TAMS 0x0000000085700000| PB 0x0000000085700000| Untracked 
|  88|0x0000000085800000, 0x0000000085800000, 0x0000000085900000|  0%| F|  |TAMS 0x0000000085800000| PB 0x0000000085800000| Untracked 
|  89|0x0000000085900000, 0x0000000085900000, 0x0000000085a00000|  0%| F|  |TAMS 0x0000000085900000| PB 0x0000000085900000| Untracked 
|  90|0x0000000085a00000, 0x0000000085a00000, 0x0000000085b00000|  0%| F|  |TAMS 0x0000000085a00000| PB 0x0000000085a00000| Untracked 
|  91|0x0000000085b00000, 0x0000000085b00000, 0x0000000085c00000|  0%| F|  |TAMS 0x0000000085b00000| PB 0x0000000085b00000| Untracked 
|  92|0x0000000085c00000, 0x0000000085c00000, 0x0000000085d00000|  0%| F|  |TAMS 0x0000000085c00000| PB 0x0000000085c00000| Untracked 
|  93|0x0000000085d00000, 0x0000000085d00000, 0x0000000085e00000|  0%| F|  |TAMS 0x0000000085d00000| PB 0x0000000085d00000| Untracked 
|  94|0x0000000085e00000, 0x0000000085e00000, 0x0000000085f00000|  0%| F|  |TAMS 0x0000000085e00000| PB 0x0000000085e00000| Untracked 
|  95|0x0000000085f00000, 0x0000000085f00000, 0x0000000086000000|  0%| F|  |TAMS 0x0000000085f00000| PB 0x0000000085f00000| Untracked 
|  96|0x0000000086000000, 0x0000000086000000, 0x0000000086100000|  0%| F|  |TAMS 0x0000000086000000| PB 0x0000000086000000| Untracked 
|  97|0x0000000086100000, 0x0000000086100000, 0x0000000086200000|  0%| F|  |TAMS 0x0000000086100000| PB 0x0000000086100000| Untracked 
|  98|0x0000000086200000, 0x0000000086200000, 0x0000000086300000|  0%| F|  |TAMS 0x0000000086200000| PB 0x0000000086200000| Untracked 
|  99|0x0000000086300000, 0x0000000086300000, 0x0000000086400000|  0%| F|  |TAMS 0x0000000086300000| PB 0x0000000086300000| Untracked 
| 100|0x0000000086400000, 0x0000000086400000, 0x0000000086500000|  0%| F|  |TAMS 0x0000000086400000| PB 0x0000000086400000| Untracked 
| 101|0x0000000086500000, 0x0000000086500000, 0x0000000086600000|  0%| F|  |TAMS 0x0000000086500000| PB 0x0000000086500000| Untracked 
| 102|0x0000000086600000, 0x0000000086600000, 0x0000000086700000|  0%| F|  |TAMS 0x0000000086600000| PB 0x0000000086600000| Untracked 
| 103|0x0000000086700000, 0x0000000086700000, 0x0000000086800000|  0%| F|  |TAMS 0x0000000086700000| PB 0x0000000086700000| Untracked 
| 104|0x0000000086800000, 0x0000000086800000, 0x0000000086900000|  0%| F|  |TAMS 0x0000000086800000| PB 0x0000000086800000| Untracked 
| 105|0x0000000086900000, 0x0000000086900000, 0x0000000086a00000|  0%| F|  |TAMS 0x0000000086900000| PB 0x0000000086900000| Untracked 
| 106|0x0000000086a00000, 0x0000000086a00000, 0x0000000086b00000|  0%| F|  |TAMS 0x0000000086a00000| PB 0x0000000086a00000| Untracked 
| 107|0x0000000086b00000, 0x0000000086b00000, 0x0000000086c00000|  0%| F|  |TAMS 0x0000000086b00000| PB 0x0000000086b00000| Untracked 
| 108|0x0000000086c00000, 0x0000000086c00000, 0x0000000086d00000|  0%| F|  |TAMS 0x0000000086c00000| PB 0x0000000086c00000| Untracked 
| 109|0x0000000086d00000, 0x0000000086d00000, 0x0000000086e00000|  0%| F|  |TAMS 0x0000000086d00000| PB 0x0000000086d00000| Untracked 
| 110|0x0000000086e00000, 0x0000000086e00000, 0x0000000086f00000|  0%| F|  |TAMS 0x0000000086e00000| PB 0x0000000086e00000| Untracked 
| 111|0x0000000086f00000, 0x0000000086f00000, 0x0000000087000000|  0%| F|  |TAMS 0x0000000086f00000| PB 0x0000000086f00000| Untracked 
| 112|0x0000000087000000, 0x0000000087000000, 0x0000000087100000|  0%| F|  |TAMS 0x0000000087000000| PB 0x0000000087000000| Untracked 
| 113|0x0000000087100000, 0x0000000087100000, 0x0000000087200000|  0%| F|  |TAMS 0x0000000087100000| PB 0x0000000087100000| Untracked 
| 114|0x0000000087200000, 0x0000000087200000, 0x0000000087300000|  0%| F|  |TAMS 0x0000000087200000| PB 0x0000000087200000| Untracked 
| 115|0x0000000087300000, 0x0000000087300000, 0x0000000087400000|  0%| F|  |TAMS 0x0000000087300000| PB 0x0000000087300000| Untracked 
| 116|0x0000000087400000, 0x0000000087475e38, 0x0000000087500000| 46%| E|  |TAMS 0x0000000087400000| PB 0x0000000087400000| Complete 
| 117|0x0000000087500000, 0x0000000087600000, 0x0000000087600000|100%| E|CS|TAMS 0x0000000087500000| PB 0x0000000087500000| Complete 
| 118|0x0000000087600000, 0x0000000087700000, 0x0000000087700000|100%| E|CS|TAMS 0x0000000087600000| PB 0x0000000087600000| Complete 
| 119|0x0000000087700000, 0x0000000087800000, 0x0000000087800000|100%| E|CS|TAMS 0x0000000087700000| PB 0x0000000087700000| Complete 
| 120|0x0000000087800000, 0x0000000087900000, 0x0000000087900000|100%| E|CS|TAMS 0x0000000087800000| PB 0x0000000087800000| Complete 
| 121|0x0000000087900000, 0x0000000087a00000, 0x0000000087a00000|100%| E|CS|TAMS 0x0000000087900000| PB 0x0000000087900000| Complete 
| 122|0x0000000087a00000, 0x0000000087b00000, 0x0000000087b00000|100%| E|CS|TAMS 0x0000000087a00000| PB 0x0000000087a00000| Complete 
| 123|0x0000000087b00000, 0x0000000087c00000, 0x0000000087c00000|100%| E|CS|TAMS 0x0000000087b00000| PB 0x0000000087b00000| Complete 
| 124|0x0000000087c00000, 0x0000000087d00000, 0x0000000087d00000|100%| E|CS|TAMS 0x0000000087c00000| PB 0x0000000087c00000| Complete 
| 125|0x0000000087d00000, 0x0000000087e00000, 0x0000000087e00000|100%| E|CS|TAMS 0x0000000087d00000| PB 0x0000000087d00000| Complete 
| 126|0x0000000087e00000, 0x0000000087f00000, 0x0000000087f00000|100%| E|CS|TAMS 0x0000000087e00000| PB 0x0000000087e00000| Complete 
| 127|0x0000000087f00000, 0x0000000088000000, 0x0000000088000000|100%| E|CS|TAMS 0x0000000087f00000| PB 0x0000000087f00000| Complete 

Card table byte_map: [0x000002095a820000,0x000002095ac20000] _byte_map_base: 0x000002095a420000

Marking Bits: (CMBitMap*) 0x0000020946f7af60
 Bits: [0x000002095ac20000, 0x000002095cc20000)

Polling page: 0x0000020944ec0000

Metaspace:

Usage:
  Non-class:      2.29 MB used.
      Class:    341.12 KB used.
       Both:      2.62 MB used.

Virtual space:
  Non-class space:       64.00 MB reserved,       2.38 MB (  4%) committed,  1 nodes.
      Class space:        1.00 GB reserved,     448.00 KB ( <1%) committed,  1 nodes.
             Both:        1.06 GB reserved,       2.81 MB ( <1%) committed. 

Chunk freelists:
   Non-Class:  10.81 MB
       Class:  15.49 MB
        Both:  26.30 MB

MaxMetaspaceSize: unlimited
CompressedClassSpaceSize: 1.00 GB
Initial GC threshold: 21.00 MB
Current GC threshold: 21.00 MB
CDS: on
 - commit_granule_bytes: 65536.
 - commit_granule_words: 8192.
 - virtual_space_node_default_size: 8388608.
 - enlarge_chunks_in_place: 1.
 - use_allocation_guard: 0.


Internal statistics:

num_allocs_failed_limit: 0.
num_arena_births: 68.
num_arena_deaths: 0.
num_vsnodes_births: 2.
num_vsnodes_deaths: 0.
num_space_committed: 45.
num_space_uncommitted: 0.
num_chunks_returned_to_freelist: 0.
num_chunks_taken_from_freelist: 131.
num_chunk_merges: 0.
num_chunk_splits: 100.
num_chunks_enlarged: 74.
num_inconsistent_stats: 0.

CodeHeap 'non-profiled nmethods': size=120000Kb used=256Kb max_used=256Kb free=119744Kb
 bounds [0x0000020952990000, 0x0000020952c00000, 0x0000020959ec0000]
CodeHeap 'profiled nmethods': size=120000Kb used=1085Kb max_used=1085Kb free=118914Kb
 bounds [0x000002094aec0000, 0x000002094b130000, 0x00000209523f0000]
CodeHeap 'non-nmethods': size=5760Kb used=1323Kb max_used=1334Kb free=4436Kb
 bounds [0x00000209523f0000, 0x0000020952660000, 0x0000020952990000]
 total_blobs=1097 nmethods=663 adapters=339
 compilation: enabled
              stopped_count=0, restarted_count=0
 full_count=0

Compilation events (20 events):
Event: 0.588 Thread 0x000002095f8812c0  623       3       java.lang.invoke.LambdaForm$Name::initIndex (26 bytes)
Event: 0.588 Thread 0x000002095f8812c0 nmethod 623 0x000002094afc3590 code [0x000002094afc3740, 0x000002094afc38e8]
Event: 0.588 Thread 0x000002095f8812c0  622       1       sun.invoke.util.Wrapper::basicTypeChar (5 bytes)
Event: 0.588 Thread 0x000002095f8812c0 nmethod 622 0x00000209529ca290 code [0x00000209529ca420, 0x00000209529ca4f0]
Event: 0.588 Thread 0x000002095f8812c0  625       3       java.util.Arrays::copyOf (10 bytes)
Event: 0.588 Thread 0x000002095f8812c0 nmethod 625 0x000002094afc3990 code [0x000002094afc3b40, 0x000002094afc3c90]
Event: 0.588 Thread 0x000002095f8812c0  624       3       java.lang.invoke.MemberName::initResolved (53 bytes)
Event: 0.588 Thread 0x000002095f8812c0 nmethod 624 0x000002094afc3d90 code [0x000002094afc3f40, 0x000002094afc40e8]
Event: 0.589 Thread 0x000002095f8812c0  630       3       jdk.internal.org.objectweb.asm.ByteVector::put12 (64 bytes)
Event: 0.589 Thread 0x000002095f8812c0 nmethod 630 0x000002094afc4190 code [0x000002094afc4340, 0x000002094afc4570]
Event: 0.589 Thread 0x000002095f8812c0  631       3       java.util.WeakHashMap::getTable (9 bytes)
Event: 0.589 Thread 0x000002095f8812c0 nmethod 631 0x000002094afc4710 code [0x000002094afc48c0, 0x000002094afc4a10]
Event: 0.589 Thread 0x000002095f8812c0  633       3       sun.invoke.util.VerifyAccess::isSamePackage (37 bytes)
Event: 0.590 Thread 0x000002095f8812c0 nmethod 633 0x000002094afc4a90 code [0x000002094afc4ca0, 0x000002094afc5210]
Event: 0.590 Thread 0x000002095f880680  638       4       jdk.internal.org.objectweb.asm.SymbolTable::get (13 bytes)
Event: 0.590 Thread 0x000002095f8812c0  642       3       java.lang.invoke.MemberName::isStatic (8 bytes)
Event: 0.591 Thread 0x000002095f8812c0 nmethod 642 0x000002094afc5410 code [0x000002094afc55c0, 0x000002094afc5780]
Event: 0.591 Thread 0x000002095f8812c0  643       3       jdk.internal.org.objectweb.asm.Frame::execute (2305 bytes)
Event: 0.591 Thread 0x000002095f880680 nmethod 638 0x00000209529cc890 code [0x00000209529cca20, 0x00000209529ccb20]
Event: 0.594 Thread 0x000002095f880680  655       4       jdk.internal.org.objectweb.asm.ByteVector::putUTF8 (144 bytes)

GC Heap History (0 events):
No events

Dll operation events (2 events):
Event: 0.008 Loaded shared library C:\Program Files\JetBrains\IntelliJ IDEA 2024.3.2\jbr\bin\java.dll
Event: 0.065 Loaded shared library C:\Program Files\JetBrains\IntelliJ IDEA 2024.3.2\jbr\bin\zip.dll

Deoptimization events (20 events):
Event: 0.566 Thread 0x0000020944dc1590 DEOPT PACKING pc=0x00000209529c085c sp=0x00000058d00fdd80
Event: 0.566 Thread 0x0000020944dc1590 DEOPT UNPACKING pc=0x00000209524446a2 sp=0x00000058d00fdce8 mode 2
Event: 0.567 Thread 0x0000020944dc1590 Uncommon trap: trap_request=0xffffff45 fr.pc=0x000002095299ab84 relative=0x00000000000008e4
Event: 0.567 Thread 0x0000020944dc1590 Uncommon trap: reason=unstable_if action=reinterpret pc=0x000002095299ab84 method=java.util.zip.ZipFile$Source.checkAndAddEntry(II)I @ 128 c2
Event: 0.567 Thread 0x0000020944dc1590 DEOPT PACKING pc=0x000002095299ab84 sp=0x00000058d00fdc20
Event: 0.567 Thread 0x0000020944dc1590 DEOPT UNPACKING pc=0x00000209524446a2 sp=0x00000058d00fdb90 mode 2
Event: 0.567 Thread 0x0000020944dc1590 Uncommon trap: trap_request=0xffffff45 fr.pc=0x000002095299c740 relative=0x00000000000003e0
Event: 0.567 Thread 0x0000020944dc1590 Uncommon trap: reason=unstable_if action=reinterpret pc=0x000002095299c740 method=java.util.zip.ZipCoder$UTF8ZipCoder.checkedHash([BII)I @ 63 c2
Event: 0.567 Thread 0x0000020944dc1590 DEOPT PACKING pc=0x000002095299c740 sp=0x00000058d00fdb60
Event: 0.567 Thread 0x0000020944dc1590 DEOPT UNPACKING pc=0x00000209524446a2 sp=0x00000058d00fdaf0 mode 2
Event: 0.567 Thread 0x0000020944dc1590 Uncommon trap: trap_request=0xffffff45 fr.pc=0x000002095299cc40 relative=0x0000000000000180
Event: 0.567 Thread 0x0000020944dc1590 Uncommon trap: reason=unstable_if action=reinterpret pc=0x000002095299cc40 method=java.util.zip.ZipFile$Source.isMetaName([BII)Z @ 15 c2
Event: 0.567 Thread 0x0000020944dc1590 DEOPT PACKING pc=0x000002095299cc40 sp=0x00000058d00fdc40
Event: 0.567 Thread 0x0000020944dc1590 DEOPT UNPACKING pc=0x00000209524446a2 sp=0x00000058d00fdbe8 mode 2
Event: 0.567 Thread 0x0000020944dc1590 DEOPT PACKING pc=0x000002094aee293e sp=0x00000058d00fdad0
Event: 0.567 Thread 0x0000020944dc1590 DEOPT UNPACKING pc=0x0000020952444e42 sp=0x00000058d00fcf08 mode 0
Event: 0.567 Thread 0x0000020944dc1590 DEOPT PACKING pc=0x000002094aee293e sp=0x00000058d00fdad0
Event: 0.567 Thread 0x0000020944dc1590 DEOPT UNPACKING pc=0x0000020952444e42 sp=0x00000058d00fcf08 mode 0
Event: 0.573 Thread 0x0000020944dc1590 DEOPT PACKING pc=0x000002094af78b6a sp=0x00000058d00f8cd0
Event: 0.573 Thread 0x0000020944dc1590 DEOPT UNPACKING pc=0x0000020952444e42 sp=0x00000058d00f8108 mode 0

Classes loaded (20 events):
Event: 0.585 Loading class com/jetbrains/internal/ProxyRepository$Registry$Entry
Event: 0.585 Loading class com/jetbrains/internal/ProxyRepository$Registry$Entry done
Event: 0.585 Loading class com/jetbrains/internal/Proxy$Info
Event: 0.585 Loading class com/jetbrains/internal/Proxy$Info done
Event: 0.586 Loading class com/jetbrains/internal/ProxyRepository$Registry$StaticValue
Event: 0.586 Loading class com/jetbrains/internal/ProxyRepository$Registry$StaticValue done
Event: 0.586 Loading class com/jetbrains/internal/ProxyRepository$Registry$StaticKey
Event: 0.586 Loading class com/jetbrains/internal/ProxyRepository$Registry$StaticKey done
Event: 0.586 Loading class java/lang/runtime/ObjectMethods
Event: 0.586 Loading class java/lang/runtime/ObjectMethods done
Event: 0.588 Loading class java/lang/invoke/MethodHandleImpl$Makers
Event: 0.588 Loading class java/lang/invoke/MethodHandleImpl$Makers done
Event: 0.588 Loading class java/lang/invoke/MethodHandleImpl$Makers$1
Event: 0.588 Loading class java/lang/invoke/MethodHandleImpl$Makers$1 done
Event: 0.588 Loading class java/lang/invoke/MethodHandleImpl$Makers$2
Event: 0.588 Loading class java/lang/invoke/MethodHandleImpl$Makers$2 done
Event: 0.588 Loading class java/lang/invoke/MethodHandleImpl$Makers$3
Event: 0.588 Loading class java/lang/invoke/MethodHandleImpl$Makers$3 done
Event: 0.593 Loading class java/lang/runtime/ObjectMethods$1
Event: 0.594 Loading class java/lang/runtime/ObjectMethods$1 done

Classes unloaded (0 events):
No events

Classes redefined (0 events):
No events

Internal exceptions (10 events):
Event: 0.576 Thread 0x0000020944dc1590 Exception <a 'java/lang/NoSuchMethodError'{0x00000000875413d0}: 'void java.lang.invoke.DirectMethodHandle$Holder.invokeStatic(java.lang.Object, java.lang.Object)'> (0x00000000875413d0) 
thrown [s\src\hotspot\share\interpreter\linkResolver.cpp, line 784]
Event: 0.586 Thread 0x0000020944dc1590 Exception <a 'java/lang/NoSuchMethodError'{0x00000000874088a8}: 'java.lang.Object java.lang.invoke.DirectMethodHandle$Holder.invokeStaticInit(java.lang.Object, java.lang.Object, java.lang.Object, java.lang.Object, java.lang.Object, java.lang.Object, java.lang.Object)'> (0x00000000874088a8) 
thrown [s\src\hotspot\share\interpreter\linkResolver.cpp, line 784]
Event: 0.587 Thread 0x0000020944dc1590 Exception <a 'java/lang/NoSuchMethodError'{0x00000000874115d0}: 'java.lang.Object java.lang.invoke.Invokers$Holder.invoke_MT(java.lang.Object, java.lang.Object, java.lang.Object, java.lang.Object, java.lang.Object, java.lang.Object, java.lang.Object, java.lang.Object, java.lang.Object)'> (0x00000000874115d0) 
thrown [s\src\hotspot\share\interpreter\linkResolver.cpp, line 784]
Event: 0.588 Thread 0x0000020944dc1590 Exception <a 'java/lang/NoSuchMethodError'{0x00000000874175d0}: 'java.lang.Object java.lang.invoke.DirectMethodHandle$Holder.invokeStatic(java.lang.Object, java.lang.Object, int)'> (0x00000000874175d0) 
thrown [s\src\hotspot\share\interpreter\linkResolver.cpp, line 784]
Event: 0.590 Thread 0x0000020944dc1590 Exception <a 'java/lang/NoSuchMethodError'{0x000000008742aee0}: 'void java.lang.invoke.DelegatingMethodHandle$Holder.delegate(java.lang.Object, java.lang.Object, int, java.lang.Object)'> (0x000000008742aee0) 
thrown [s\src\hotspot\share\interpreter\linkResolver.cpp, line 784]
Event: 0.590 Thread 0x0000020944dc1590 Exception <a 'java/lang/NoSuchMethodError'{0x000000008742f188}: 'int java.lang.invoke.DirectMethodHandle$Holder.invokeSpecial(java.lang.Object, java.lang.Object, java.lang.Object)'> (0x000000008742f188) 
thrown [s\src\hotspot\share\interpreter\linkResolver.cpp, line 784]
Event: 0.594 Thread 0x0000020944dc1590 Exception <a 'java/lang/NoSuchMethodError'{0x000000008744f6d0}: 'int java.lang.invoke.DirectMethodHandle$Holder.invokeVirtual(java.lang.Object, java.lang.Object, java.lang.Object)'> (0x000000008744f6d0) 
thrown [s\src\hotspot\share\interpreter\linkResolver.cpp, line 784]
Event: 0.594 Thread 0x0000020944dc1590 Exception <a 'java/lang/NoSuchMethodError'{0x0000000087452df8}: 'int java.lang.invoke.DirectMethodHandle$Holder.invokeVirtual(java.lang.Object, java.lang.Object)'> (0x0000000087452df8) 
thrown [s\src\hotspot\share\interpreter\linkResolver.cpp, line 784]
Event: 0.594 Thread 0x0000020944dc1590 Exception <a 'java/lang/NoSuchMethodError'{0x0000000087457650}: 'int java.lang.invoke.DirectMethodHandle$Holder.invokeStaticInit(java.lang.Object, java.lang.Object, java.lang.Object)'> (0x0000000087457650) 
thrown [s\src\hotspot\share\interpreter\linkResolver.cpp, line 784]
Event: 0.595 Thread 0x0000020944dc1590 Exception <a 'java/lang/NoSuchMethodError'{0x000000008745acb8}: 'int java.lang.invoke.DirectMethodHandle$Holder.invokeStaticInit(java.lang.Object, int, int)'> (0x000000008745acb8) 
thrown [s\src\hotspot\share\interpreter\linkResolver.cpp, line 784]

ZGC Phase Switch (0 events):
No events

VM Operations (8 events):
Event: 0.241 Executing VM operation: HandshakeAllThreads (Deoptimize)
Event: 0.241 Executing VM operation: HandshakeAllThreads (Deoptimize) done
Event: 0.577 Executing VM operation: HandshakeAllThreads (Deoptimize)
Event: 0.577 Executing VM operation: HandshakeAllThreads (Deoptimize) done
Event: 0.577 Executing VM operation: HandshakeAllThreads (Deoptimize)
Event: 0.577 Executing VM operation: HandshakeAllThreads (Deoptimize) done
Event: 0.588 Executing VM operation: HandshakeAllThreads (Deoptimize)
Event: 0.588 Executing VM operation: HandshakeAllThreads (Deoptimize) done

Memory protections (0 events):
No events

Nmethod flushes (0 events):
No events

Events (17 events):
Event: 0.046 Thread 0x0000020944dc1590 Thread added: 0x0000020944dc1590
Event: 0.066 Thread 0x0000020944dc1590 Thread added: 0x000002095f86acb0
Event: 0.066 Thread 0x0000020944dc1590 Thread added: 0x000002095f871cc0
Event: 0.066 Thread 0x0000020944dc1590 Thread added: 0x000002095f875340
Event: 0.066 Thread 0x0000020944dc1590 Thread added: 0x000002095f875d90
Event: 0.067 Thread 0x0000020944dc1590 Thread added: 0x000002095f876b40
Event: 0.067 Thread 0x0000020944dc1590 Thread added: 0x000002095f877590
Event: 0.067 Thread 0x0000020944dc1590 Thread added: 0x000002095f880680
Event: 0.067 Thread 0x0000020944dc1590 Thread added: 0x000002095f8812c0
Event: 0.124 Thread 0x0000020944dc1590 Thread added: 0x000002095fc25d90
Event: 0.127 Thread 0x0000020944dc1590 Thread added: 0x000002095fc28030
Event: 0.169 Loaded shared library C:\Program Files\JetBrains\IntelliJ IDEA 2024.3.2\jbr\bin\net.dll
Event: 0.171 Loaded shared library C:\Program Files\JetBrains\IntelliJ IDEA 2024.3.2\jbr\bin\nio.dll
Event: 0.214 Thread 0x000002095f880680 Thread added: 0x000002095fc7dc40
Event: 0.247 Loaded shared library C:\Program Files\JetBrains\IntelliJ IDEA 2024.3.2\jbr\bin\zip.dll
Event: 0.395 Loaded shared library C:\Program Files\JetBrains\IntelliJ IDEA 2024.3.2\jbr\bin\jimage.dll
Event: 0.577 Thread 0x0000020944dc1590 Thread added: 0x000002095fdcf400


Dynamic libraries:
0x00007ff7535c0000 - 0x00007ff7535ca000 	C:\Program Files\JetBrains\IntelliJ IDEA 2024.3.2\jbr\bin\java.exe
0x00007ffcdbdb0000 - 0x00007ffcdbfa8000 	C:\Windows\SYSTEM32\ntdll.dll
0x00007ffcdbca0000 - 0x00007ffcdbd62000 	C:\Windows\System32\KERNEL32.DLL
0x00007ffcd99b0000 - 0x00007ffcd9caf000 	C:\Windows\System32\KERNELBASE.dll
0x00007ffcd9770000 - 0x00007ffcd9870000 	C:\Windows\System32\ucrtbase.dll
0x00007ffcd5580000 - 0x00007ffcd559b000 	C:\Program Files\JetBrains\IntelliJ IDEA 2024.3.2\jbr\bin\VCRUNTIME140.dll
0x00007ffccb010000 - 0x00007ffccb028000 	C:\Program Files\JetBrains\IntelliJ IDEA 2024.3.2\jbr\bin\jli.dll
0x00007ffcdb0f0000 - 0x00007ffcdb28d000 	C:\Windows\System32\USER32.dll
0x00007ffcd98c0000 - 0x00007ffcd98e2000 	C:\Windows\System32\win32u.dll
0x00007ffcc19f0000 - 0x00007ffcc1c8a000 	C:\Windows\WinSxS\amd64_microsoft.windows.common-controls_6595b64144ccf1df_6.0.19041.4355_none_60b8b9eb71f62e16\COMCTL32.dll
0x00007ffcda900000 - 0x00007ffcda92b000 	C:\Windows\System32\GDI32.dll
0x00007ffcda790000 - 0x00007ffcda82e000 	C:\Windows\System32\msvcrt.dll
0x00007ffcd9cb0000 - 0x00007ffcd9dca000 	C:\Windows\System32\gdi32full.dll
0x00007ffcd95b0000 - 0x00007ffcd964d000 	C:\Windows\System32\msvcp_win.dll
0x00007ffcdb020000 - 0x00007ffcdb04f000 	C:\Windows\System32\IMM32.DLL
0x00007ffcd5850000 - 0x00007ffcd585c000 	C:\Program Files\JetBrains\IntelliJ IDEA 2024.3.2\jbr\bin\vcruntime140_1.dll
0x00007ffcaace0000 - 0x00007ffcaad6d000 	C:\Program Files\JetBrains\IntelliJ IDEA 2024.3.2\jbr\bin\msvcp140.dll
0x00007ffc7b4b0000 - 0x00007ffc7c271000 	C:\Program Files\JetBrains\IntelliJ IDEA 2024.3.2\jbr\bin\server\jvm.dll
0x00007ffcda3e0000 - 0x00007ffcda48f000 	C:\Windows\System32\ADVAPI32.dll
0x00007ffcda6f0000 - 0x00007ffcda78f000 	C:\Windows\System32\sechost.dll
0x00007ffcd9e30000 - 0x00007ffcd9f53000 	C:\Windows\System32\RPCRT4.dll
0x00007ffcd98f0000 - 0x00007ffcd9917000 	C:\Windows\System32\bcrypt.dll
0x00007ffcdafb0000 - 0x00007ffcdb01b000 	C:\Windows\System32\WS2_32.dll
0x00007ffcd89a0000 - 0x00007ffcd89eb000 	C:\Windows\SYSTEM32\POWRPROF.dll
0x00007ffcc33b0000 - 0x00007ffcc33d7000 	C:\Windows\SYSTEM32\WINMM.dll
0x00007ffcd2950000 - 0x00007ffcd295a000 	C:\Windows\SYSTEM32\VERSION.dll
0x00007ffcd8810000 - 0x00007ffcd8822000 	C:\Windows\SYSTEM32\UMPDC.dll
0x00007ffcd7290000 - 0x00007ffcd72a2000 	C:\Windows\SYSTEM32\kernel.appcore.dll
0x00007ffcd5680000 - 0x00007ffcd568a000 	C:\Program Files\JetBrains\IntelliJ IDEA 2024.3.2\jbr\bin\jimage.dll
0x00007ffcc4530000 - 0x00007ffcc4714000 	C:\Windows\SYSTEM32\DBGHELP.DLL
0x00007ffcc2130000 - 0x00007ffcc2164000 	C:\Windows\SYSTEM32\dbgcore.DLL
0x00007ffcd9920000 - 0x00007ffcd99a2000 	C:\Windows\System32\bcryptPrimitives.dll
0x00007ffcd2a40000 - 0x00007ffcd2a60000 	C:\Program Files\JetBrains\IntelliJ IDEA 2024.3.2\jbr\bin\java.dll
0x00007ffcdb450000 - 0x00007ffcdbbbd000 	C:\Windows\System32\SHELL32.dll
0x00007ffcd7490000 - 0x00007ffcd7c34000 	C:\Windows\SYSTEM32\windows.storage.dll
0x00007ffcdabf0000 - 0x00007ffcdaf45000 	C:\Windows\System32\combase.dll
0x00007ffcd8e20000 - 0x00007ffcd8e4b000 	C:\Windows\SYSTEM32\Wldp.dll
0x00007ffcda830000 - 0x00007ffcda8fd000 	C:\Windows\System32\OLEAUT32.dll
0x00007ffcda490000 - 0x00007ffcda53d000 	C:\Windows\System32\SHCORE.dll
0x00007ffcd9dd0000 - 0x00007ffcd9e25000 	C:\Windows\System32\shlwapi.dll
0x00007ffcd9380000 - 0x00007ffcd93a5000 	C:\Windows\SYSTEM32\profapi.dll
0x00007ffccaf10000 - 0x00007ffccaf28000 	C:\Program Files\JetBrains\IntelliJ IDEA 2024.3.2\jbr\bin\zip.dll
0x00007ffcd4b90000 - 0x00007ffcd4ba0000 	C:\Program Files\JetBrains\IntelliJ IDEA 2024.3.2\jbr\bin\net.dll
0x00007ffcd2cd0000 - 0x00007ffcd2dda000 	C:\Windows\SYSTEM32\WINHTTP.dll
0x00007ffcd8b80000 - 0x00007ffcd8bec000 	C:\Windows\system32\mswsock.dll
0x00007ffcc79d0000 - 0x00007ffcc79e6000 	C:\Program Files\JetBrains\IntelliJ IDEA 2024.3.2\jbr\bin\nio.dll

dbghelp: loaded successfully - version: 4.0.5 - missing functions: none
symbol engine: initialized successfully - sym options: 0x614 - pdb path: .;C:\Program Files\JetBrains\IntelliJ IDEA 2024.3.2\jbr\bin;C:\Windows\SYSTEM32;C:\Windows\WinSxS\amd64_microsoft.windows.common-controls_6595b64144ccf1df_6.0.19041.4355_none_60b8b9eb71f62e16;C:\Program Files\JetBrains\IntelliJ IDEA 2024.3.2\jbr\bin\server

VM Arguments:
jvm_args: -Djava.rmi.server.hostname=127.0.0.1 -Duser.timezone=UTC -Xmx2048m -Xms128m -Djdbc.classpath=C:\Users\MSI\AppData\Local\Temp\RemoteDriver9.classpath.txt --add-exports=java.desktop/sun.awt=ALL-UNNAMED --add-exports=java.desktop/java.awt.peer=ALL-UNNAMED --add-opens=java.desktop/java.awt=ALL-UNNAMED --add-opens=jdk.unsupported/sun.misc=ALL-UNNAMED --add-opens=java.base/java.nio=ALL-UNNAMED --add-opens=java.base/java.util=ALL-UNNAMED -Dfile.encoding=UTF-8 -Dsun.stdout.encoding=UTF-8 -Dsun.stderr.encoding=UTF-8 
java_command: com.intellij.database.remote.RemoteJdbcServer com.mysql.cj.jdbc.Driver
java_class_path (initial): C:\Program Files\JetBrains\IntelliJ IDEA 2024.3.2\lib\util_rt.jar;C:\Program Files\JetBrains\IntelliJ IDEA 2024.3.2\lib\util-8.jar;C:\Program Files\JetBrains\IntelliJ IDEA 2024.3.2\lib\groovy.jar;C:\Program Files\JetBrains\IntelliJ IDEA 2024.3.2\plugins\DatabaseTools\lib\jdbc-console.jar;C:\Program Files\JetBrains\IntelliJ IDEA 2024.3.2\plugins\grid-core-impl\lib\jdbc-console-types.jar;C:\Program Files\JetBrains\IntelliJ IDEA 2024.3.2\lib\util.jar;C:\Program Files\JetBrains\IntelliJ IDEA 2024.3.2\lib\bouncy-castle.jar
Launcher Type: SUN_STANDARD

[Global flags]
     intx CICompilerCount                          = 4                                         {product} {ergonomic}
     uint ConcGCThreads                            = 3                                         {product} {ergonomic}
     uint G1ConcRefinementThreads                  = 10                                        {product} {ergonomic}
   size_t G1HeapRegionSize                         = 1048576                                   {product} {ergonomic}
    uintx GCDrainStackTargetSize                   = 64                                        {product} {ergonomic}
   size_t InitialHeapSize                          = 134217728                                 {product} {command line}
   size_t MarkStackSize                            = 4194304                                   {product} {ergonomic}
   size_t MaxHeapSize                              = 2147483648                                {product} {command line}
   size_t MaxNewSize                               = 1287651328                                {product} {ergonomic}
   size_t MinHeapDeltaBytes                        = 1048576                                   {product} {ergonomic}
   size_t MinHeapSize                              = 134217728                                 {product} {command line}
    uintx NonNMethodCodeHeapSize                   = 5839372                                {pd product} {ergonomic}
    uintx NonProfiledCodeHeapSize                  = 122909434                              {pd product} {ergonomic}
    uintx ProfiledCodeHeapSize                     = 122909434                              {pd product} {ergonomic}
    uintx ReservedCodeCacheSize                    = 251658240                              {pd product} {ergonomic}
     bool SegmentedCodeCache                       = true                                      {product} {ergonomic}
   size_t SoftMaxHeapSize                          = 2147483648                             {manageable} {ergonomic}
     bool UseCompressedOops                        = true                           {product lp64_product} {ergonomic}
     bool UseG1GC                                  = true                                      {product} {ergonomic}
     bool UseLargePagesIndividualAllocation        = false                                  {pd product} {ergonomic}

Logging:
Log output configuration:
 #0: stdout all=warning uptime,level,tags foldmultilines=false
 #1: stderr all=off uptime,level,tags foldmultilines=false

Environment Variables:
JAVA_HOME=C:\Program Files\Java\jdk1.8.0_271
PATH=C:\Program Files\Common Files\Oracle\Java\javapath;C:\Program Files\Java\jdk1.8.0_271;C:\Program Files (x86)\Common Files\Oracle\Java\javapath;C:\Windows\system32;C:\Windows;C:\Windows\System32\Wbem;C:\Windows\System32\WindowsPowerShell\v1.0\;C:\Windows\System32\OpenSSH\;C:\Program Files\Git\cmd;C:\Program Files\Java\jdk1.8.0_271\bin;C:\Users\MSI\Downloads\apache-tomcat-8.5.90-windows-x64\apache-tomcat-8.5.90\bin;C:\Program Files\Java\jre1.8.0_271;C:\Program Files\nodejs\;C:\Program Files\Docker\Docker\resources\bin;C:\Program Files\PuTTY\;C:\Program Files\dotnet\;C:\Users\MSI\AppData\Local\Programs\Python\Python312\Scripts\;C:\Users\MSI\AppData\Local\Programs\Python\Python312\;C:\Users\MSI\AppData\Local\Programs\Python\Launcher\;C:\Program Files\MySQL\MySQL Shell 8.0\bin\;C:\Users\MSI\AppData\Local\Microsoft\WindowsApps;C:\Users\MSI\AppData\Roaming\npm;C:\Users\MSI\AppData\Local\Programs\Microsoft VS Code\bin;C:\Program Files\JetBrains\IntelliJ IDEA 2024.3.2\bin;
USERNAME=MSI
OS=Windows_NT
PROCESSOR_IDENTIFIER=Intel64 Family 6 Model 165 Stepping 2, GenuineIntel
TMP=C:\Users\MSI\AppData\Local\Temp
TEMP=C:\Users\MSI\AppData\Local\Temp




Periodic native trim disabled

JNI global refs:
JNI global refs: 8, weak refs: 0

JNI global refs memory usage: 835, weak refs: 833

Process memory usage:
Resident Set Size: 60180K (0% of 8206088K total physical memory with 549096K free physical memory)

OOME stack traces (most recent first):
Classloader memory used:
