#
# There is insufficient memory for the Java Runtime Environment to continue.
# Native memory allocation (mmap) failed to map 65536 bytes. Error detail: Failed to commit metaspace.
# Possible reasons:
#   The system is out of physical RAM or swap space
#   This process is running with CompressedOops enabled, and the Java Heap may be blocking the growth of the native heap
# Possible solutions:
#   Reduce memory load on the system
#   Increase physical memory or swap space
#   Check if swap backing store is full
#   Decrease Java heap size (-Xmx/-Xms)
#   Decrease number of Java threads
#   Decrease Java thread stack sizes (-Xss)
#   Set larger code cache with -XX:ReservedCodeCacheSize=
#

V  [jvm.dll+0x8c3633]
V  [jvm.dll+0x8c5b8e]
V  [jvm.dll+0x8c6273]
V  [jvm.dll+0x288f46]
V  [jvm.dll+0x8be47e]
V  [jvm.dll+0x686805]
V  [jvm.dll+0x68686a]
V  [jvm.dll+0x689086]
V  [jvm.dll+0x688f52]
V  [jvm.dll+0x6871be]
V  [jvm.dll+0x2176e2]
V  [jvm.dll+0x2170c8]
V  [jvm.dll+0x21e196]
V  [jvm.dll+0x213199]
V  [jvm.dll+0x5c4333]
V  [jvm.dll+0x224bdb]
V  [jvm.dll+0x83a43c]
V  [jvm.dll+0x83b4e2]
V  [jvm.dll+0x83baa4]
V  [jvm.dll+0x83b738]
V  [jvm.dll+0x27607b]
V  [jvm.dll+0x3e378e]
C  0x0000025973eea954

The last pc belongs to new (printed below).
Java frames: (J=compiled Java code, j=interpreted, Vv=VM code)
j  java.util.logging.Handler.<init>(Ljava/util/logging/Level;Ljava/util/logging/Formatter;Ljava/util/logging/Formatter;)V+86 java.logging@21.0.5
j  java.util.logging.StreamHandler.<init>(Ljava/io/OutputStream;Ljava/util/logging/Formatter;)V+12 java.logging@21.0.5
j  sun.rmi.runtime.Log$InternalStreamHandler.<init>(Ljava/io/OutputStream;)V+9 java.rmi@21.0.5
j  sun.rmi.runtime.Log$LoggerLog$1.run()Ljava/util/logging/Handler;+7 java.rmi@21.0.5
j  sun.rmi.runtime.Log$LoggerLog$1.run()Ljava/lang/Object;+1 java.rmi@21.0.5
j  java.security.AccessController.executePrivileged(Ljava/security/PrivilegedAction;Ljava/security/AccessControlContext;Ljava/lang/Class;)Ljava/lang/Object;+29 java.base@21.0.5
j  java.security.AccessController.doPrivileged(Ljava/security/PrivilegedAction;)Ljava/lang/Object;+5 java.base@21.0.5
j  sun.rmi.runtime.Log$LoggerLog.<clinit>()V+7 java.rmi@21.0.5
v  ~StubRoutines::call_stub 0x0000025973ed100d
j  sun.rmi.runtime.Log$LoggerLogFactory.createLog(Ljava/lang/String;Ljava/lang/String;Ljava/util/logging/Level;)Lsun/rmi/runtime/Log;+6 java.rmi@21.0.5
j  sun.rmi.runtime.Log.getLog(Ljava/lang/String;Ljava/lang/String;I)Lsun/rmi/runtime/Log;+66 java.rmi@21.0.5
j  sun.rmi.server.Util.<clinit>()V+26 java.rmi@21.0.5
v  ~StubRoutines::call_stub 0x0000025973ed100d
j  sun.rmi.server.UnicastRef.<clinit>()V+6 java.rmi@21.0.5
v  ~StubRoutines::call_stub 0x0000025973ed100d
j  java.rmi.server.RemoteServer.<clinit>()V+0 java.rmi@21.0.5
v  ~StubRoutines::call_stub 0x0000025973ed100d
j  java.rmi.registry.LocateRegistry.createRegistry(I)Ljava/rmi/registry/Registry;+0 java.rmi@21.0.5
j  com.intellij.execution.rmi.RemoteServer.start(Ljava/rmi/Remote;ZZ)V+90
j  com.intellij.execution.rmi.RemoteServer.start(Ljava/rmi/Remote;)V+3
j  com.intellij.database.remote.RemoteJdbcServerBase.start(Ljava/rmi/Remote;)V+1
j  com.intellij.database.remote.RemoteJdbcServer.start(Ljava/rmi/Remote;)V+12
j  com.intellij.database.remote.RemoteJdbcServer.main([Ljava/lang/String;)V+24
v  ~StubRoutines::call_stub 0x0000025973ed100d
new  187 new  [0x0000025973eea7c0, 0x0000025973eea9c8]  520 bytes
[MachCode]
  0x0000025973eea7c0: 4883 ec08 | c5fa 1104 | 24eb 1f48 | 83ec 10c5 | fb11 0424 | eb14 4883 | ec10 4889 | 0424 48c7 
  0x0000025973eea7e0: 4424 0800 | 0000 00eb | 0150 410f | b755 010f | cac1 ea10 | 488b 4de8 | 488b 4908 | 488b 4908 
  0x0000025973eea800: 488b 4108 | 807c 1004 | 070f 85d3 | 0000 0066 | 8b54 d148 | 488b 4928 | 488b 4cd1 | 0851 80b9 
  0x0000025973eea820: 4101 0000 | 040f 85b6 | 0000 008b | 5108 f6c2 | 010f 85aa | 0000 0049 | 8b87 b801 | 0000 488d 
  0x0000025973eea840: 1c10 493b | 9fc8 0100 | 000f 8792 | 0000 0049 | 899f b801 | 0000 4883 | ea10 0f84 | 0f00 0000 
  0x0000025973eea860: 33c9 c1ea | 0348 894c | d008 48ff | ca75 f648 | c700 0100 | 0000 5933 | f689 700c | 49ba 0000 
  0x0000025973eea880: 0002 5902 | 0000 492b | ca89 4808 | 49ba f75d | 069f f97f | 0000 4180 | 3a00 0f84 | 3c00 0000 
  0x0000025973eea8a0: 5048 8bc8 | 4883 ec20 | 40f6 c40f | 0f84 1900 | 0000 4883 | ec08 48b8 | a0c7 af9e | f97f 0000 
  0x0000025973eea8c0: ffd0 4883 | c408 e90c | 0000 0048 | b8a0 c7af | 9ef9 7f00 | 00ff d048 | 83c4 2058 | e9cb 0000 
  0x0000025973eea8e0: 0059 488b | 55e8 488b | 5208 488b | 5208 450f | b745 0141 | 0fc8 41c1 | e810 e805 | 0000 00e9 
  0x0000025973eea900: a800 0000 | 488d 4424 | 084c 896d | c049 8bcf | c5f8 7749 | 89af a803 | 0000 4989 | 8798 0300 
  0x0000025973eea920: 0048 83ec | 2040 f6c4 | 0f0f 8419 | 0000 0048 | 83ec 0848 | b840 3779 | 9ef9 7f00 | 00ff d048 
  0x0000025973eea940: 83c4 08e9 | 0c00 0000 | 48b8 4037 | 799e f97f | 0000 ffd0 | 4883 c420 | 49c7 8798 | 0300 0000 
  0x0000025973eea960: 0000 0049 | c787 a803 | 0000 0000 | 0000 49c7 | 87a0 0300 | 0000 0000 | 00c5 f877 | 4983 7f08 
  0x0000025973eea980: 000f 8405 | 0000 00e9 | 7465 feff | 498b 87f0 | 0300 0049 | c787 f003 | 0000 0000 | 0000 4c8b 
  0x0000025973eea9a0: 6dc0 4c8b | 75c8 4e8d | 74f5 00c3 | 410f b65d | 0349 83c5 | 0349 bac0 | 2809 9ff9 | 7f00 0041 
  0x0000025973eea9c0: ff24 da0f | 1f44 0000 
[/MachCode]

---------------  P R O C E S S  ---------------

Threads class SMR info:
_java_thread_list=0x000002594702e2d0, length=13, elements={
0x00000259667a1410, 0x000002597f362bc0, 0x000002597f364a00, 0x000002597f369630,
0x000002597f36a080, 0x000002597f36bb10, 0x000002597f36c560, 0x000002597f37def0,
0x000002597f3811b0, 0x000002597f701c70, 0x000002597f703720, 0x000002597f726200,
0x000002594707f970
}

Java Threads: ( => current thread )
=>0x00000259667a1410 JavaThread "main"                              [_thread_in_vm, id=8108, stack(0x000000c82fc00000,0x000000c82fd00000) (1024K)]
  0x000002597f362bc0 JavaThread "Reference Handler"          daemon [_thread_blocked, id=9792, stack(0x000000c830400000,0x000000c830500000) (1024K)]
  0x000002597f364a00 JavaThread "Finalizer"                  daemon [_thread_blocked, id=15228, stack(0x000000c830500000,0x000000c830600000) (1024K)]
  0x000002597f369630 JavaThread "Signal Dispatcher"          daemon [_thread_blocked, id=12592, stack(0x000000c830600000,0x000000c830700000) (1024K)]
  0x000002597f36a080 JavaThread "Attach Listener"            daemon [_thread_blocked, id=5840, stack(0x000000c830700000,0x000000c830800000) (1024K)]
  0x000002597f36bb10 JavaThread "Service Thread"             daemon [_thread_blocked, id=19352, stack(0x000000c830800000,0x000000c830900000) (1024K)]
  0x000002597f36c560 JavaThread "Monitor Deflation Thread"   daemon [_thread_blocked, id=18416, stack(0x000000c830900000,0x000000c830a00000) (1024K)]
  0x000002597f37def0 JavaThread "C2 CompilerThread0"         daemon [_thread_blocked, id=2876, stack(0x000000c830a00000,0x000000c830b00000) (1024K)]
  0x000002597f3811b0 JavaThread "C1 CompilerThread0"         daemon [_thread_blocked, id=6324, stack(0x000000c830b00000,0x000000c830c00000) (1024K)]
  0x000002597f701c70 JavaThread "Common-Cleaner"             daemon [_thread_blocked, id=18280, stack(0x000000c830c00000,0x000000c830d00000) (1024K)]
  0x000002597f703720 JavaThread "Notification Thread"        daemon [_thread_blocked, id=2140, stack(0x000000c830d00000,0x000000c830e00000) (1024K)]
  0x000002597f726200 JavaThread "C2 CompilerThread1"         daemon [_thread_blocked, id=15724, stack(0x000000c830e00000,0x000000c830f00000) (1024K)]
  0x000002594707f970 JavaThread "mysql-cj-abandoned-connection-cleanup" daemon [_thread_blocked, id=15520, stack(0x000000c830f00000,0x000000c831000000) (1024K)]
Total: 13

Other Threads:
  0x000002597f346b40 VMThread "VM Thread"                           [id=15564, stack(0x000000c830300000,0x000000c830400000) (1024K)]
  0x000002597f3359e0 WatcherThread "VM Periodic Task Thread"        [id=2992, stack(0x000000c830200000,0x000000c830300000) (1024K)]
  0x0000025968a5a960 WorkerThread "GC Thread#0"                     [id=1720, stack(0x000000c82fd00000,0x000000c82fe00000) (1024K)]
  0x0000025968a6ba00 ConcurrentGCThread "G1 Main Marker"            [id=19368, stack(0x000000c82fe00000,0x000000c82ff00000) (1024K)]
  0x0000025968a6cbb0 WorkerThread "G1 Conc#0"                       [id=12740, stack(0x000000c82ff00000,0x000000c830000000) (1024K)]
  0x000002597f1f6590 ConcurrentGCThread "G1 Refine#0"               [id=15620, stack(0x000000c830000000,0x000000c830100000) (1024K)]
  0x000002597f1f6db0 ConcurrentGCThread "G1 Service"                [id=10300, stack(0x000000c830100000,0x000000c830200000) (1024K)]
Total: 7

Threads with active compile tasks:
Total: 0

VM state: not at safepoint (normal execution)

VM Mutex/Monitor currently owned by a thread:  ([mutex/lock_event])
[0x00007ff99f07c830] Metaspace_lock - owner thread: 0x00000259667a1410

Heap address: 0x0000000080000000, size: 2048 MB, Compressed Oops mode: 32-bit

CDS archive(s) mapped at: [0x0000025902000000-0x0000025902d00000-0x0000025902d00000), size 13631488, SharedBaseAddress: 0x0000025902000000, ArchiveRelocationMode: 1.
Compressed class space mapped at: 0x0000025903000000-0x0000025943000000, reserved size: 1073741824
Narrow klass base: 0x0000025902000000, Narrow klass shift: 0, Narrow klass range: 0x100000000

GC Precious Log:
 CardTable entry size: 512
 Card Set container configuration: InlinePtr #cards 5 size 8 Array Of Cards #cards 12 size 40 Howl #buckets 4 coarsen threshold 1843 Howl Bitmap #cards 512 size 80 coarsen threshold 460 Card regions per heap region 1 cards per card region 2048
 CPUs: 12 total, 12 available
 Memory: 8013M
 Large Page Support: Disabled
 NUMA Support: Disabled
 Compressed Oops: Enabled (32-bit)
 Heap Region Size: 1M
 Heap Min Capacity: 128M
 Heap Initial Capacity: 128M
 Heap Max Capacity: 2G
 Pre-touch: Disabled
 Parallel Workers: 10
 Concurrent Workers: 3
 Concurrent Refinement Workers: 10
 Periodic GC: Disabled

Heap:
 garbage-first heap   total 131072K, used 16384K [0x0000000080000000, 0x0000000100000000)
  region size 1024K, 13 young (13312K), 0 survivors (0K)
 Metaspace       used 3769K, committed 3968K, reserved 1114112K
  class space    used 476K, committed 576K, reserved 1048576K

Heap Regions: E=young(eden), S=young(survivor), O=old, HS=humongous(starts), HC=humongous(continues), CS=collection set, F=free, TAMS=top-at-mark-start, PB=parsable bottom
|   0|0x0000000080000000, 0x0000000080100000, 0x0000000080100000|100%|HS|  |TAMS 0x0000000080000000| PB 0x0000000080000000| Complete 
|   1|0x0000000080100000, 0x0000000080200000, 0x0000000080200000|100%|HC|  |TAMS 0x0000000080100000| PB 0x0000000080100000| Complete 
|   2|0x0000000080200000, 0x0000000080300000, 0x0000000080300000|100%|HS|  |TAMS 0x0000000080200000| PB 0x0000000080200000| Complete 
|   3|0x0000000080300000, 0x0000000080400000, 0x0000000080400000|100%|HS|  |TAMS 0x0000000080300000| PB 0x0000000080300000| Complete 
|   4|0x0000000080400000, 0x0000000080400000, 0x0000000080500000|  0%| F|  |TAMS 0x0000000080400000| PB 0x0000000080400000| Untracked 
|   5|0x0000000080500000, 0x0000000080500000, 0x0000000080600000|  0%| F|  |TAMS 0x0000000080500000| PB 0x0000000080500000| Untracked 
|   6|0x0000000080600000, 0x0000000080600000, 0x0000000080700000|  0%| F|  |TAMS 0x0000000080600000| PB 0x0000000080600000| Untracked 
|   7|0x0000000080700000, 0x0000000080700000, 0x0000000080800000|  0%| F|  |TAMS 0x0000000080700000| PB 0x0000000080700000| Untracked 
|   8|0x0000000080800000, 0x0000000080800000, 0x0000000080900000|  0%| F|  |TAMS 0x0000000080800000| PB 0x0000000080800000| Untracked 
|   9|0x0000000080900000, 0x0000000080900000, 0x0000000080a00000|  0%| F|  |TAMS 0x0000000080900000| PB 0x0000000080900000| Untracked 
|  10|0x0000000080a00000, 0x0000000080a00000, 0x0000000080b00000|  0%| F|  |TAMS 0x0000000080a00000| PB 0x0000000080a00000| Untracked 
|  11|0x0000000080b00000, 0x0000000080b00000, 0x0000000080c00000|  0%| F|  |TAMS 0x0000000080b00000| PB 0x0000000080b00000| Untracked 
|  12|0x0000000080c00000, 0x0000000080c00000, 0x0000000080d00000|  0%| F|  |TAMS 0x0000000080c00000| PB 0x0000000080c00000| Untracked 
|  13|0x0000000080d00000, 0x0000000080d00000, 0x0000000080e00000|  0%| F|  |TAMS 0x0000000080d00000| PB 0x0000000080d00000| Untracked 
|  14|0x0000000080e00000, 0x0000000080e00000, 0x0000000080f00000|  0%| F|  |TAMS 0x0000000080e00000| PB 0x0000000080e00000| Untracked 
|  15|0x0000000080f00000, 0x0000000080f00000, 0x0000000081000000|  0%| F|  |TAMS 0x0000000080f00000| PB 0x0000000080f00000| Untracked 
|  16|0x0000000081000000, 0x0000000081000000, 0x0000000081100000|  0%| F|  |TAMS 0x0000000081000000| PB 0x0000000081000000| Untracked 
|  17|0x0000000081100000, 0x0000000081100000, 0x0000000081200000|  0%| F|  |TAMS 0x0000000081100000| PB 0x0000000081100000| Untracked 
|  18|0x0000000081200000, 0x0000000081200000, 0x0000000081300000|  0%| F|  |TAMS 0x0000000081200000| PB 0x0000000081200000| Untracked 
|  19|0x0000000081300000, 0x0000000081300000, 0x0000000081400000|  0%| F|  |TAMS 0x0000000081300000| PB 0x0000000081300000| Untracked 
|  20|0x0000000081400000, 0x0000000081400000, 0x0000000081500000|  0%| F|  |TAMS 0x0000000081400000| PB 0x0000000081400000| Untracked 
|  21|0x0000000081500000, 0x0000000081500000, 0x0000000081600000|  0%| F|  |TAMS 0x0000000081500000| PB 0x0000000081500000| Untracked 
|  22|0x0000000081600000, 0x0000000081600000, 0x0000000081700000|  0%| F|  |TAMS 0x0000000081600000| PB 0x0000000081600000| Untracked 
|  23|0x0000000081700000, 0x0000000081700000, 0x0000000081800000|  0%| F|  |TAMS 0x0000000081700000| PB 0x0000000081700000| Untracked 
|  24|0x0000000081800000, 0x0000000081800000, 0x0000000081900000|  0%| F|  |TAMS 0x0000000081800000| PB 0x0000000081800000| Untracked 
|  25|0x0000000081900000, 0x0000000081900000, 0x0000000081a00000|  0%| F|  |TAMS 0x0000000081900000| PB 0x0000000081900000| Untracked 
|  26|0x0000000081a00000, 0x0000000081a00000, 0x0000000081b00000|  0%| F|  |TAMS 0x0000000081a00000| PB 0x0000000081a00000| Untracked 
|  27|0x0000000081b00000, 0x0000000081b00000, 0x0000000081c00000|  0%| F|  |TAMS 0x0000000081b00000| PB 0x0000000081b00000| Untracked 
|  28|0x0000000081c00000, 0x0000000081c00000, 0x0000000081d00000|  0%| F|  |TAMS 0x0000000081c00000| PB 0x0000000081c00000| Untracked 
|  29|0x0000000081d00000, 0x0000000081d00000, 0x0000000081e00000|  0%| F|  |TAMS 0x0000000081d00000| PB 0x0000000081d00000| Untracked 
|  30|0x0000000081e00000, 0x0000000081e00000, 0x0000000081f00000|  0%| F|  |TAMS 0x0000000081e00000| PB 0x0000000081e00000| Untracked 
|  31|0x0000000081f00000, 0x0000000081f00000, 0x0000000082000000|  0%| F|  |TAMS 0x0000000081f00000| PB 0x0000000081f00000| Untracked 
|  32|0x0000000082000000, 0x0000000082000000, 0x0000000082100000|  0%| F|  |TAMS 0x0000000082000000| PB 0x0000000082000000| Untracked 
|  33|0x0000000082100000, 0x0000000082100000, 0x0000000082200000|  0%| F|  |TAMS 0x0000000082100000| PB 0x0000000082100000| Untracked 
|  34|0x0000000082200000, 0x0000000082200000, 0x0000000082300000|  0%| F|  |TAMS 0x0000000082200000| PB 0x0000000082200000| Untracked 
|  35|0x0000000082300000, 0x0000000082300000, 0x0000000082400000|  0%| F|  |TAMS 0x0000000082300000| PB 0x0000000082300000| Untracked 
|  36|0x0000000082400000, 0x0000000082400000, 0x0000000082500000|  0%| F|  |TAMS 0x0000000082400000| PB 0x0000000082400000| Untracked 
|  37|0x0000000082500000, 0x0000000082500000, 0x0000000082600000|  0%| F|  |TAMS 0x0000000082500000| PB 0x0000000082500000| Untracked 
|  38|0x0000000082600000, 0x0000000082600000, 0x0000000082700000|  0%| F|  |TAMS 0x0000000082600000| PB 0x0000000082600000| Untracked 
|  39|0x0000000082700000, 0x0000000082700000, 0x0000000082800000|  0%| F|  |TAMS 0x0000000082700000| PB 0x0000000082700000| Untracked 
|  40|0x0000000082800000, 0x0000000082800000, 0x0000000082900000|  0%| F|  |TAMS 0x0000000082800000| PB 0x0000000082800000| Untracked 
|  41|0x0000000082900000, 0x0000000082900000, 0x0000000082a00000|  0%| F|  |TAMS 0x0000000082900000| PB 0x0000000082900000| Untracked 
|  42|0x0000000082a00000, 0x0000000082a00000, 0x0000000082b00000|  0%| F|  |TAMS 0x0000000082a00000| PB 0x0000000082a00000| Untracked 
|  43|0x0000000082b00000, 0x0000000082b00000, 0x0000000082c00000|  0%| F|  |TAMS 0x0000000082b00000| PB 0x0000000082b00000| Untracked 
|  44|0x0000000082c00000, 0x0000000082c00000, 0x0000000082d00000|  0%| F|  |TAMS 0x0000000082c00000| PB 0x0000000082c00000| Untracked 
|  45|0x0000000082d00000, 0x0000000082d00000, 0x0000000082e00000|  0%| F|  |TAMS 0x0000000082d00000| PB 0x0000000082d00000| Untracked 
|  46|0x0000000082e00000, 0x0000000082e00000, 0x0000000082f00000|  0%| F|  |TAMS 0x0000000082e00000| PB 0x0000000082e00000| Untracked 
|  47|0x0000000082f00000, 0x0000000082f00000, 0x0000000083000000|  0%| F|  |TAMS 0x0000000082f00000| PB 0x0000000082f00000| Untracked 
|  48|0x0000000083000000, 0x0000000083000000, 0x0000000083100000|  0%| F|  |TAMS 0x0000000083000000| PB 0x0000000083000000| Untracked 
|  49|0x0000000083100000, 0x0000000083100000, 0x0000000083200000|  0%| F|  |TAMS 0x0000000083100000| PB 0x0000000083100000| Untracked 
|  50|0x0000000083200000, 0x0000000083200000, 0x0000000083300000|  0%| F|  |TAMS 0x0000000083200000| PB 0x0000000083200000| Untracked 
|  51|0x0000000083300000, 0x0000000083300000, 0x0000000083400000|  0%| F|  |TAMS 0x0000000083300000| PB 0x0000000083300000| Untracked 
|  52|0x0000000083400000, 0x0000000083400000, 0x0000000083500000|  0%| F|  |TAMS 0x0000000083400000| PB 0x0000000083400000| Untracked 
|  53|0x0000000083500000, 0x0000000083500000, 0x0000000083600000|  0%| F|  |TAMS 0x0000000083500000| PB 0x0000000083500000| Untracked 
|  54|0x0000000083600000, 0x0000000083600000, 0x0000000083700000|  0%| F|  |TAMS 0x0000000083600000| PB 0x0000000083600000| Untracked 
|  55|0x0000000083700000, 0x0000000083700000, 0x0000000083800000|  0%| F|  |TAMS 0x0000000083700000| PB 0x0000000083700000| Untracked 
|  56|0x0000000083800000, 0x0000000083800000, 0x0000000083900000|  0%| F|  |TAMS 0x0000000083800000| PB 0x0000000083800000| Untracked 
|  57|0x0000000083900000, 0x0000000083900000, 0x0000000083a00000|  0%| F|  |TAMS 0x0000000083900000| PB 0x0000000083900000| Untracked 
|  58|0x0000000083a00000, 0x0000000083a00000, 0x0000000083b00000|  0%| F|  |TAMS 0x0000000083a00000| PB 0x0000000083a00000| Untracked 
|  59|0x0000000083b00000, 0x0000000083b00000, 0x0000000083c00000|  0%| F|  |TAMS 0x0000000083b00000| PB 0x0000000083b00000| Untracked 
|  60|0x0000000083c00000, 0x0000000083c00000, 0x0000000083d00000|  0%| F|  |TAMS 0x0000000083c00000| PB 0x0000000083c00000| Untracked 
|  61|0x0000000083d00000, 0x0000000083d00000, 0x0000000083e00000|  0%| F|  |TAMS 0x0000000083d00000| PB 0x0000000083d00000| Untracked 
|  62|0x0000000083e00000, 0x0000000083e00000, 0x0000000083f00000|  0%| F|  |TAMS 0x0000000083e00000| PB 0x0000000083e00000| Untracked 
|  63|0x0000000083f00000, 0x0000000083f00000, 0x0000000084000000|  0%| F|  |TAMS 0x0000000083f00000| PB 0x0000000083f00000| Untracked 
|  64|0x0000000084000000, 0x0000000084000000, 0x0000000084100000|  0%| F|  |TAMS 0x0000000084000000| PB 0x0000000084000000| Untracked 
|  65|0x0000000084100000, 0x0000000084100000, 0x0000000084200000|  0%| F|  |TAMS 0x0000000084100000| PB 0x0000000084100000| Untracked 
|  66|0x0000000084200000, 0x0000000084200000, 0x0000000084300000|  0%| F|  |TAMS 0x0000000084200000| PB 0x0000000084200000| Untracked 
|  67|0x0000000084300000, 0x0000000084300000, 0x0000000084400000|  0%| F|  |TAMS 0x0000000084300000| PB 0x0000000084300000| Untracked 
|  68|0x0000000084400000, 0x0000000084400000, 0x0000000084500000|  0%| F|  |TAMS 0x0000000084400000| PB 0x0000000084400000| Untracked 
|  69|0x0000000084500000, 0x0000000084500000, 0x0000000084600000|  0%| F|  |TAMS 0x0000000084500000| PB 0x0000000084500000| Untracked 
|  70|0x0000000084600000, 0x0000000084600000, 0x0000000084700000|  0%| F|  |TAMS 0x0000000084600000| PB 0x0000000084600000| Untracked 
|  71|0x0000000084700000, 0x0000000084700000, 0x0000000084800000|  0%| F|  |TAMS 0x0000000084700000| PB 0x0000000084700000| Untracked 
|  72|0x0000000084800000, 0x0000000084800000, 0x0000000084900000|  0%| F|  |TAMS 0x0000000084800000| PB 0x0000000084800000| Untracked 
|  73|0x0000000084900000, 0x0000000084900000, 0x0000000084a00000|  0%| F|  |TAMS 0x0000000084900000| PB 0x0000000084900000| Untracked 
|  74|0x0000000084a00000, 0x0000000084a00000, 0x0000000084b00000|  0%| F|  |TAMS 0x0000000084a00000| PB 0x0000000084a00000| Untracked 
|  75|0x0000000084b00000, 0x0000000084b00000, 0x0000000084c00000|  0%| F|  |TAMS 0x0000000084b00000| PB 0x0000000084b00000| Untracked 
|  76|0x0000000084c00000, 0x0000000084c00000, 0x0000000084d00000|  0%| F|  |TAMS 0x0000000084c00000| PB 0x0000000084c00000| Untracked 
|  77|0x0000000084d00000, 0x0000000084d00000, 0x0000000084e00000|  0%| F|  |TAMS 0x0000000084d00000| PB 0x0000000084d00000| Untracked 
|  78|0x0000000084e00000, 0x0000000084e00000, 0x0000000084f00000|  0%| F|  |TAMS 0x0000000084e00000| PB 0x0000000084e00000| Untracked 
|  79|0x0000000084f00000, 0x0000000084f00000, 0x0000000085000000|  0%| F|  |TAMS 0x0000000084f00000| PB 0x0000000084f00000| Untracked 
|  80|0x0000000085000000, 0x0000000085000000, 0x0000000085100000|  0%| F|  |TAMS 0x0000000085000000| PB 0x0000000085000000| Untracked 
|  81|0x0000000085100000, 0x0000000085100000, 0x0000000085200000|  0%| F|  |TAMS 0x0000000085100000| PB 0x0000000085100000| Untracked 
|  82|0x0000000085200000, 0x0000000085200000, 0x0000000085300000|  0%| F|  |TAMS 0x0000000085200000| PB 0x0000000085200000| Untracked 
|  83|0x0000000085300000, 0x0000000085300000, 0x0000000085400000|  0%| F|  |TAMS 0x0000000085300000| PB 0x0000000085300000| Untracked 
|  84|0x0000000085400000, 0x0000000085400000, 0x0000000085500000|  0%| F|  |TAMS 0x0000000085400000| PB 0x0000000085400000| Untracked 
|  85|0x0000000085500000, 0x0000000085500000, 0x0000000085600000|  0%| F|  |TAMS 0x0000000085500000| PB 0x0000000085500000| Untracked 
|  86|0x0000000085600000, 0x0000000085600000, 0x0000000085700000|  0%| F|  |TAMS 0x0000000085600000| PB 0x0000000085600000| Untracked 
|  87|0x0000000085700000, 0x0000000085700000, 0x0000000085800000|  0%| F|  |TAMS 0x0000000085700000| PB 0x0000000085700000| Untracked 
|  88|0x0000000085800000, 0x0000000085800000, 0x0000000085900000|  0%| F|  |TAMS 0x0000000085800000| PB 0x0000000085800000| Untracked 
|  89|0x0000000085900000, 0x0000000085900000, 0x0000000085a00000|  0%| F|  |TAMS 0x0000000085900000| PB 0x0000000085900000| Untracked 
|  90|0x0000000085a00000, 0x0000000085a00000, 0x0000000085b00000|  0%| F|  |TAMS 0x0000000085a00000| PB 0x0000000085a00000| Untracked 
|  91|0x0000000085b00000, 0x0000000085b00000, 0x0000000085c00000|  0%| F|  |TAMS 0x0000000085b00000| PB 0x0000000085b00000| Untracked 
|  92|0x0000000085c00000, 0x0000000085c00000, 0x0000000085d00000|  0%| F|  |TAMS 0x0000000085c00000| PB 0x0000000085c00000| Untracked 
|  93|0x0000000085d00000, 0x0000000085d00000, 0x0000000085e00000|  0%| F|  |TAMS 0x0000000085d00000| PB 0x0000000085d00000| Untracked 
|  94|0x0000000085e00000, 0x0000000085e00000, 0x0000000085f00000|  0%| F|  |TAMS 0x0000000085e00000| PB 0x0000000085e00000| Untracked 
|  95|0x0000000085f00000, 0x0000000085f00000, 0x0000000086000000|  0%| F|  |TAMS 0x0000000085f00000| PB 0x0000000085f00000| Untracked 
|  96|0x0000000086000000, 0x0000000086000000, 0x0000000086100000|  0%| F|  |TAMS 0x0000000086000000| PB 0x0000000086000000| Untracked 
|  97|0x0000000086100000, 0x0000000086100000, 0x0000000086200000|  0%| F|  |TAMS 0x0000000086100000| PB 0x0000000086100000| Untracked 
|  98|0x0000000086200000, 0x0000000086200000, 0x0000000086300000|  0%| F|  |TAMS 0x0000000086200000| PB 0x0000000086200000| Untracked 
|  99|0x0000000086300000, 0x0000000086300000, 0x0000000086400000|  0%| F|  |TAMS 0x0000000086300000| PB 0x0000000086300000| Untracked 
| 100|0x0000000086400000, 0x0000000086400000, 0x0000000086500000|  0%| F|  |TAMS 0x0000000086400000| PB 0x0000000086400000| Untracked 
| 101|0x0000000086500000, 0x0000000086500000, 0x0000000086600000|  0%| F|  |TAMS 0x0000000086500000| PB 0x0000000086500000| Untracked 
| 102|0x0000000086600000, 0x0000000086600000, 0x0000000086700000|  0%| F|  |TAMS 0x0000000086600000| PB 0x0000000086600000| Untracked 
| 103|0x0000000086700000, 0x0000000086700000, 0x0000000086800000|  0%| F|  |TAMS 0x0000000086700000| PB 0x0000000086700000| Untracked 
| 104|0x0000000086800000, 0x0000000086800000, 0x0000000086900000|  0%| F|  |TAMS 0x0000000086800000| PB 0x0000000086800000| Untracked 
| 105|0x0000000086900000, 0x0000000086900000, 0x0000000086a00000|  0%| F|  |TAMS 0x0000000086900000| PB 0x0000000086900000| Untracked 
| 106|0x0000000086a00000, 0x0000000086a00000, 0x0000000086b00000|  0%| F|  |TAMS 0x0000000086a00000| PB 0x0000000086a00000| Untracked 
| 107|0x0000000086b00000, 0x0000000086b00000, 0x0000000086c00000|  0%| F|  |TAMS 0x0000000086b00000| PB 0x0000000086b00000| Untracked 
| 108|0x0000000086c00000, 0x0000000086c00000, 0x0000000086d00000|  0%| F|  |TAMS 0x0000000086c00000| PB 0x0000000086c00000| Untracked 
| 109|0x0000000086d00000, 0x0000000086d00000, 0x0000000086e00000|  0%| F|  |TAMS 0x0000000086d00000| PB 0x0000000086d00000| Untracked 
| 110|0x0000000086e00000, 0x0000000086e00000, 0x0000000086f00000|  0%| F|  |TAMS 0x0000000086e00000| PB 0x0000000086e00000| Untracked 
| 111|0x0000000086f00000, 0x0000000086f00000, 0x0000000087000000|  0%| F|  |TAMS 0x0000000086f00000| PB 0x0000000086f00000| Untracked 
| 112|0x0000000087000000, 0x0000000087000000, 0x0000000087100000|  0%| F|  |TAMS 0x0000000087000000| PB 0x0000000087000000| Untracked 
| 113|0x0000000087100000, 0x0000000087100000, 0x0000000087200000|  0%| F|  |TAMS 0x0000000087100000| PB 0x0000000087100000| Untracked 
| 114|0x0000000087200000, 0x0000000087200000, 0x0000000087300000|  0%| F|  |TAMS 0x0000000087200000| PB 0x0000000087200000| Untracked 
| 115|0x0000000087300000, 0x00000000873eb8c0, 0x0000000087400000| 92%| E|  |TAMS 0x0000000087300000| PB 0x0000000087300000| Complete 
| 116|0x0000000087400000, 0x0000000087500000, 0x0000000087500000|100%| E|CS|TAMS 0x0000000087400000| PB 0x0000000087400000| Complete 
| 117|0x0000000087500000, 0x0000000087600000, 0x0000000087600000|100%| E|CS|TAMS 0x0000000087500000| PB 0x0000000087500000| Complete 
| 118|0x0000000087600000, 0x0000000087700000, 0x0000000087700000|100%| E|CS|TAMS 0x0000000087600000| PB 0x0000000087600000| Complete 
| 119|0x0000000087700000, 0x0000000087800000, 0x0000000087800000|100%| E|CS|TAMS 0x0000000087700000| PB 0x0000000087700000| Complete 
| 120|0x0000000087800000, 0x0000000087900000, 0x0000000087900000|100%| E|CS|TAMS 0x0000000087800000| PB 0x0000000087800000| Complete 
| 121|0x0000000087900000, 0x0000000087a00000, 0x0000000087a00000|100%| E|CS|TAMS 0x0000000087900000| PB 0x0000000087900000| Complete 
| 122|0x0000000087a00000, 0x0000000087b00000, 0x0000000087b00000|100%| E|CS|TAMS 0x0000000087a00000| PB 0x0000000087a00000| Complete 
| 123|0x0000000087b00000, 0x0000000087c00000, 0x0000000087c00000|100%| E|CS|TAMS 0x0000000087b00000| PB 0x0000000087b00000| Complete 
| 124|0x0000000087c00000, 0x0000000087d00000, 0x0000000087d00000|100%| E|CS|TAMS 0x0000000087c00000| PB 0x0000000087c00000| Complete 
| 125|0x0000000087d00000, 0x0000000087e00000, 0x0000000087e00000|100%| E|CS|TAMS 0x0000000087d00000| PB 0x0000000087d00000| Complete 
| 126|0x0000000087e00000, 0x0000000087f00000, 0x0000000087f00000|100%| E|CS|TAMS 0x0000000087e00000| PB 0x0000000087e00000| Complete 
| 127|0x0000000087f00000, 0x0000000088000000, 0x0000000088000000|100%| E|CS|TAMS 0x0000000087f00000| PB 0x0000000087f00000| Complete 

Card table byte_map: [0x000002597c2f0000,0x000002597c6f0000] _byte_map_base: 0x000002597bef0000

Marking Bits: (CMBitMap*) 0x0000025968a5af70
 Bits: [0x000002597c6f0000, 0x000002597e6f0000)

Polling page: 0x00000259681d0000

Metaspace:

Usage:
  Non-class:      3.22 MB used.
      Class:    476.03 KB used.
       Both:      3.68 MB used.

Virtual space:
  Non-class space:       64.00 MB reserved,       3.31 MB (  5%) committed,  1 nodes.
      Class space:        1.00 GB reserved,     576.00 KB ( <1%) committed,  1 nodes.
             Both:        1.06 GB reserved,       3.88 MB ( <1%) committed. 

Chunk freelists:
   Non-Class:  10.73 MB
       Class:  15.46 MB
        Both:  26.18 MB

MaxMetaspaceSize: unlimited
CompressedClassSpaceSize: 1.00 GB
Initial GC threshold: 21.00 MB
Current GC threshold: 21.00 MB
CDS: on
 - commit_granule_bytes: 65536.
 - commit_granule_words: 8192.
 - virtual_space_node_default_size: 8388608.
 - enlarge_chunks_in_place: 1.
 - use_allocation_guard: 0.


Internal statistics:

num_allocs_failed_limit: 0.
num_arena_births: 138.
num_arena_deaths: 0.
num_vsnodes_births: 2.
num_vsnodes_deaths: 0.
num_space_committed: 62.
num_space_uncommitted: 0.
num_chunks_returned_to_freelist: 0.
num_chunks_taken_from_freelist: 233.
num_chunk_merges: 0.
num_chunk_splits: 153.
num_chunks_enlarged: 80.
num_inconsistent_stats: 0.

CodeHeap 'non-profiled nmethods': size=120000Kb used=300Kb max_used=300Kb free=119699Kb
 bounds [0x0000025974470000, 0x00000259746e0000, 0x000002597b9a0000]
CodeHeap 'profiled nmethods': size=120000Kb used=1393Kb max_used=1393Kb free=118606Kb
 bounds [0x000002596c9a0000, 0x000002596cc10000, 0x0000025973ed0000]
CodeHeap 'non-nmethods': size=5760Kb used=1325Kb max_used=1339Kb free=4434Kb
 bounds [0x0000025973ed0000, 0x0000025974140000, 0x0000025974470000]
 total_blobs=1270 nmethods=834 adapters=341
 compilation: enabled
              stopped_count=0, restarted_count=0
 full_count=0

Compilation events (20 events):
Event: 0.860 Thread 0x000002597f3811b0  823       3       java.lang.Record::<init> (5 bytes)
Event: 0.861 Thread 0x000002597f3811b0 nmethod 823 0x000002596caf6190 code [0x000002596caf6340, 0x000002596caf64a8]
Event: 0.861 Thread 0x000002597f3811b0  825       3       java.lang.invoke.LambdaForm$NamedFunction::returnType (11 bytes)
Event: 0.861 Thread 0x000002597f3811b0 nmethod 825 0x000002596caf6590 code [0x000002596caf67a0, 0x000002596caf6cf0]
Event: 0.861 Thread 0x000002597f3811b0  827       3       java.util.WeakHashMap::put (160 bytes)
Event: 0.861 Thread 0x000002597f3811b0 nmethod 827 0x000002596caf6f90 code [0x000002596caf7220, 0x000002596caf81f8]
Event: 0.866 Thread 0x000002597f3811b0  828       3       jdk.internal.loader.BuiltinClassLoader::defineClass (121 bytes)
Event: 0.867 Thread 0x000002597f3811b0 nmethod 828 0x000002596caf8710 code [0x000002596caf8b00, 0x000002596cafa338]
Event: 0.867 Thread 0x000002597f3811b0  829       3       java.lang.invoke.MethodHandles$Lookup::checkSymbolicClass (25 bytes)
Event: 0.867 Thread 0x000002597f3811b0 nmethod 829 0x000002596cafae90 code [0x000002596cafb060, 0x000002596cafb2e0]
Event: 0.868 Thread 0x000002597f3811b0  830       1       java.io.File::getPath (5 bytes)
Event: 0.868 Thread 0x000002597f3811b0 nmethod 830 0x00000259744baa90 code [0x00000259744bac20, 0x00000259744bace8]
Event: 0.873 Thread 0x000002597f3811b0  831       3       java.lang.invoke.MemberName$Factory::resolveOrFail (79 bytes)
Event: 0.873 Thread 0x000002597f3811b0 nmethod 831 0x000002596cafb410 code [0x000002596cafb620, 0x000002596cafbcd8]
Event: 0.878 Thread 0x000002597f3811b0  832       3       java.lang.reflect.Modifier::isFinal (13 bytes)
Event: 0.878 Thread 0x000002597f3811b0 nmethod 832 0x000002596cafbf10 code [0x000002596cafc0a0, 0x000002596cafc1e0]
Event: 0.878 Thread 0x000002597f37def0  833       4       java.lang.String::toString (2 bytes)
Event: 0.878 Thread 0x000002597f37def0 nmethod 833 0x00000259744bad90 code [0x00000259744baf20, 0x00000259744bafa8]
Event: 0.882 Thread 0x000002597f3811b0  834       3       java.lang.invoke.BoundMethodHandle::<init> (32 bytes)
Event: 0.882 Thread 0x000002597f3811b0 nmethod 834 0x000002596cafc290 code [0x000002596cafc440, 0x000002596cafc5a0]

GC Heap History (0 events):
No events

Dll operation events (2 events):
Event: 0.007 Loaded shared library C:\Program Files\JetBrains\IntelliJ IDEA 2024.3.2\jbr\bin\java.dll
Event: 0.165 Loaded shared library C:\Program Files\JetBrains\IntelliJ IDEA 2024.3.2\jbr\bin\zip.dll

Deoptimization events (20 events):
Event: 0.673 Thread 0x00000259667a1410 Uncommon trap: trap_request=0xffffff45 fr.pc=0x000002597447b140 relative=0x0000000000000180
Event: 0.673 Thread 0x00000259667a1410 Uncommon trap: reason=unstable_if action=reinterpret pc=0x000002597447b140 method=java.util.zip.ZipFile$Source.isMetaName([BII)Z @ 15 c2
Event: 0.673 Thread 0x00000259667a1410 DEOPT PACKING pc=0x000002597447b140 sp=0x000000c82fcfd990
Event: 0.673 Thread 0x00000259667a1410 DEOPT UNPACKING pc=0x0000025973f246a2 sp=0x000000c82fcfd938 mode 2
Event: 0.823 Thread 0x00000259667a1410 Uncommon trap: trap_request=0xffffffde fr.pc=0x00000259744a0ad0 relative=0x00000000000003f0
Event: 0.823 Thread 0x00000259667a1410 Uncommon trap: reason=class_check action=maybe_recompile pc=0x00000259744a0ad0 method=java.util.HashMap.getNode(Ljava/lang/Object;)Ljava/util/HashMap$Node; @ 128 c2
Event: 0.823 Thread 0x00000259667a1410 DEOPT PACKING pc=0x00000259744a0ad0 sp=0x000000c82fcfddf0
Event: 0.823 Thread 0x00000259667a1410 DEOPT UNPACKING pc=0x0000025973f246a2 sp=0x000000c82fcfdd58 mode 2
Event: 0.824 Thread 0x00000259667a1410 Uncommon trap: trap_request=0xffffffde fr.pc=0x00000259744a0a40 relative=0x0000000000000360
Event: 0.824 Thread 0x00000259667a1410 Uncommon trap: reason=class_check action=maybe_recompile pc=0x00000259744a0a40 method=java.util.HashMap.getNode(Ljava/lang/Object;)Ljava/util/HashMap$Node; @ 63 c2
Event: 0.824 Thread 0x00000259667a1410 DEOPT PACKING pc=0x00000259744a0a40 sp=0x000000c82fcfe080
Event: 0.824 Thread 0x00000259667a1410 DEOPT UNPACKING pc=0x0000025973f246a2 sp=0x000000c82fcfdfe8 mode 2
Event: 0.834 Thread 0x00000259667a1410 Uncommon trap: trap_request=0xffffffde fr.pc=0x00000259744a0ad0 relative=0x00000000000003f0
Event: 0.834 Thread 0x00000259667a1410 Uncommon trap: reason=class_check action=maybe_recompile pc=0x00000259744a0ad0 method=java.util.HashMap.getNode(Ljava/lang/Object;)Ljava/util/HashMap$Node; @ 128 c2
Event: 0.834 Thread 0x00000259667a1410 DEOPT PACKING pc=0x00000259744a0ad0 sp=0x000000c82fcfdcc0
Event: 0.834 Thread 0x00000259667a1410 DEOPT UNPACKING pc=0x0000025973f246a2 sp=0x000000c82fcfdc28 mode 2
Event: 0.839 Thread 0x00000259667a1410 Uncommon trap: trap_request=0xffffff45 fr.pc=0x0000025974496a00 relative=0x00000000000002c0
Event: 0.839 Thread 0x00000259667a1410 Uncommon trap: reason=unstable_if action=reinterpret pc=0x0000025974496a00 method=java.util.concurrent.ConcurrentHashMap.get(Ljava/lang/Object;)Ljava/lang/Object; @ 76 c2
Event: 0.839 Thread 0x00000259667a1410 DEOPT PACKING pc=0x0000025974496a00 sp=0x000000c82fcfd330
Event: 0.839 Thread 0x00000259667a1410 DEOPT UNPACKING pc=0x0000025973f246a2 sp=0x000000c82fcfd2a8 mode 2

Classes loaded (20 events):
Event: 0.880 Loading class java/util/logging/Formatter
Event: 0.882 Loading class java/util/logging/Formatter done
Event: 0.882 Loading class java/util/logging/SimpleFormatter done
Event: 0.882 Loading class jdk/internal/logger/SurrogateLogger
Event: 0.885 Loading class jdk/internal/logger/SimpleConsoleLogger
Event: 0.886 Loading class sun/util/logging/PlatformLogger$ConfigurableBridge$LoggerConfiguration
Event: 0.887 Loading class sun/util/logging/PlatformLogger$ConfigurableBridge$LoggerConfiguration done
Event: 0.887 Loading class jdk/internal/logger/SimpleConsoleLogger done
Event: 0.887 Loading class jdk/internal/logger/SurrogateLogger done
Event: 0.887 Loading class java/lang/System$Logger$Level
Event: 0.890 Loading class java/lang/System$Logger$Level done
Event: 0.890 Loading class sun/util/logging/PlatformLogger
Event: 0.892 Loading class sun/util/logging/PlatformLogger done
Event: 0.892 Loading class sun/util/logging/PlatformLogger$Level
Event: 0.892 Loading class sun/util/logging/PlatformLogger$Level done
Event: 0.892 Loading class jdk/internal/logger/SimpleConsoleLogger$Formatting
Event: 0.892 Loading class jdk/internal/logger/SimpleConsoleLogger$Formatting done
Event: 0.893 Loading class java/util/logging/ErrorManager
Event: 0.894 Loading class java/util/logging/ErrorManager done
Event: 0.894 Loading class java/util/logging/Handler$1

Classes unloaded (0 events):
No events

Classes redefined (0 events):
No events

Internal exceptions (20 events):
Event: 0.755 Thread 0x00000259667a1410 Exception <a 'java/lang/NoSuchMethodError'{0x00000000875e6708}: 'int java.lang.invoke.DirectMethodHandle$Holder.invokeStaticInit(java.lang.Object, java.lang.Object, java.lang.Object)'> (0x00000000875e6708) 
thrown [s\src\hotspot\share\interpreter\linkResolver.cpp, line 784]
Event: 0.755 Thread 0x00000259667a1410 Exception <a 'java/lang/NoSuchMethodError'{0x00000000875e9d70}: 'int java.lang.invoke.DirectMethodHandle$Holder.invokeStaticInit(java.lang.Object, int, int)'> (0x00000000875e9d70) 
thrown [s\src\hotspot\share\interpreter\linkResolver.cpp, line 784]
Event: 0.758 Thread 0x00000259667a1410 Exception <a 'java/lang/NoSuchMethodError'{0x00000000875f1380}: 'int java.lang.invoke.DirectMethodHandle$Holder.invokeStaticInit(java.lang.Object, long, long)'> (0x00000000875f1380) 
thrown [s\src\hotspot\share\interpreter\linkResolver.cpp, line 784]
Event: 0.760 Thread 0x00000259667a1410 Exception <a 'java/lang/NoSuchMethodError'{0x00000000875f7e18}: 'int java.lang.invoke.DirectMethodHandle$Holder.invokeStaticInit(java.lang.Object, float, float)'> (0x00000000875f7e18) 
thrown [s\src\hotspot\share\interpreter\linkResolver.cpp, line 784]
Event: 0.762 Thread 0x00000259667a1410 Exception <a 'java/lang/NoSuchMethodError'{0x00000000875fe8a8}: 'int java.lang.invoke.DirectMethodHandle$Holder.invokeStaticInit(java.lang.Object, double, double)'> (0x00000000875fe8a8) 
thrown [s\src\hotspot\share\interpreter\linkResolver.cpp, line 784]
Event: 0.762 Thread 0x00000259667a1410 Exception <a 'java/lang/NoSuchMethodError'{0x0000000087478e20}: 'int java.lang.invoke.DirectMethodHandle$Holder.invokeStatic(java.lang.Object, long)'> (0x0000000087478e20) 
thrown [s\src\hotspot\share\interpreter\linkResolver.cpp, line 784]
Event: 0.768 Thread 0x00000259667a1410 Exception <a 'java/lang/NoSuchMethodError'{0x000000008749ba20}: 'int java.lang.invoke.Invokers$Holder.linkToTargetMethod(java.lang.Object, java.lang.Object)'> (0x000000008749ba20) 
thrown [s\src\hotspot\share\interpreter\linkResolver.cpp, line 784]
Event: 0.828 Thread 0x00000259667a1410 Exception <a 'java/lang/NoSuchMethodError'{0x0000000087309708}: 'java.lang.Object java.lang.invoke.DirectMethodHandle$Holder.invokeSpecial(java.lang.Object, java.lang.Object, int, java.lang.Object, java.lang.Object)'> (0x0000000087309708) 
thrown [s\src\hotspot\share\interpreter\linkResolver.cpp, line 784]
Event: 0.828 Thread 0x00000259667a1410 Exception <a 'java/lang/NoSuchMethodError'{0x000000008730d098}: 'java.lang.Object java.lang.invoke.DelegatingMethodHandle$Holder.delegate(java.lang.Object, int, java.lang.Object, java.lang.Object)'> (0x000000008730d098) 
thrown [s\src\hotspot\share\interpreter\linkResolver.cpp, line 784]
Event: 0.831 Thread 0x00000259667a1410 Exception <a 'java/lang/NoSuchMethodError'{0x000000008731c450}: 'int java.lang.invoke.Invokers$Holder.linkToTargetMethod(java.lang.Object, java.lang.Object, java.lang.Object)'> (0x000000008731c450) 
thrown [s\src\hotspot\share\interpreter\linkResolver.cpp, line 784]
Event: 0.844 Thread 0x00000259667a1410 Exception <a 'java/lang/NoSuchMethodError'{0x000000008733ada8}: 'java.lang.Object java.lang.invoke.DirectMethodHandle$Holder.invokeInterface(java.lang.Object, java.lang.Object)'> (0x000000008733ada8) 
thrown [s\src\hotspot\share\interpreter\linkResolver.cpp, line 784]
Event: 0.850 Thread 0x00000259667a1410 Exception <a 'java/lang/NoSuchMethodError'{0x000000008734e600}: 'java.lang.Object java.lang.invoke.Invokers$Holder.invoke_MT(java.lang.Object, java.lang.Object, java.lang.Object, java.lang.Object, java.lang.Object, java.lang.Object, java.lang.Object, java.lang.Object, java.lang.Object, java.lang.Object)'> (0x000000008734e600) 
thrown [s\src\hotspot\share\interpreter\linkResolver.cpp, line 784]
Event: 0.852 Thread 0x00000259667a1410 Exception <a 'java/lang/NoSuchMethodError'{0x000000008736a108}: 'java.lang.Object java.lang.invoke.Invokers$Holder.invoke_MT(java.lang.Object, java.lang.Object, java.lang.Object, java.lang.Object, java.lang.Object)'> (0x000000008736a108) 
thrown [s\src\hotspot\share\interpreter\linkResolver.cpp, line 784]
Event: 0.855 Thread 0x00000259667a1410 Exception <a 'java/lang/NoSuchMethodError'{0x0000000087371c60}: 'void java.lang.invoke.DirectMethodHandle$Holder.invokeStaticInit(java.lang.Object, java.lang.Object)'> (0x0000000087371c60) 
thrown [s\src\hotspot\share\interpreter\linkResolver.cpp, line 784]
Event: 0.859 Thread 0x00000259667a1410 Exception <a 'java/lang/NoSuchMethodError'{0x000000008738f248}: 'void java.lang.invoke.DirectMethodHandle$Holder.invokeInterface(java.lang.Object, java.lang.Object, java.lang.Object)'> (0x000000008738f248) 
thrown [s\src\hotspot\share\interpreter\linkResolver.cpp, line 784]
Event: 0.859 Thread 0x00000259667a1410 Exception <a 'java/lang/IncompatibleClassChangeError'{0x0000000087392688}: Found class java.lang.Object, but interface was expected> (0x0000000087392688) 
thrown [s\src\hotspot\share\interpreter\linkResolver.cpp, line 851]
Event: 0.859 Thread 0x00000259667a1410 Exception <a 'java/lang/IncompatibleClassChangeError'{0x0000000087394ea0}: Found class java.lang.Object, but interface was expected> (0x0000000087394ea0) 
thrown [s\src\hotspot\share\interpreter\linkResolver.cpp, line 851]
Event: 0.859 Thread 0x00000259667a1410 Exception <a 'java/lang/IncompatibleClassChangeError'{0x0000000087396bd0}: Found class java.lang.Object, but interface was expected> (0x0000000087396bd0) 
thrown [s\src\hotspot\share\interpreter\linkResolver.cpp, line 851]
Event: 0.860 Thread 0x00000259667a1410 Exception <a 'java/lang/IncompatibleClassChangeError'{0x0000000087398bb8}: Found class java.lang.Object, but interface was expected> (0x0000000087398bb8) 
thrown [s\src\hotspot\share\interpreter\linkResolver.cpp, line 851]
Event: 0.860 Thread 0x00000259667a1410 Exception <a 'java/lang/IncompatibleClassChangeError'{0x000000008739ac60}: Found class java.lang.Object, but interface was expected> (0x000000008739ac60) 
thrown [s\src\hotspot\share\interpreter\linkResolver.cpp, line 851]

ZGC Phase Switch (0 events):
No events

VM Operations (6 events):
Event: 0.310 Executing VM operation: HandshakeAllThreads (Deoptimize)
Event: 0.310 Executing VM operation: HandshakeAllThreads (Deoptimize) done
Event: 0.710 Executing VM operation: HandshakeAllThreads (Deoptimize)
Event: 0.710 Executing VM operation: HandshakeAllThreads (Deoptimize) done
Event: 0.746 Executing VM operation: HandshakeAllThreads (Deoptimize)
Event: 0.746 Executing VM operation: HandshakeAllThreads (Deoptimize) done

Memory protections (0 events):
No events

Nmethod flushes (0 events):
No events

Events (17 events):
Event: 0.109 Thread 0x00000259667a1410 Thread added: 0x00000259667a1410
Event: 0.169 Thread 0x00000259667a1410 Thread added: 0x000002597f362bc0
Event: 0.169 Thread 0x00000259667a1410 Thread added: 0x000002597f364a00
Event: 0.172 Thread 0x00000259667a1410 Thread added: 0x000002597f369630
Event: 0.172 Thread 0x00000259667a1410 Thread added: 0x000002597f36a080
Event: 0.172 Thread 0x00000259667a1410 Thread added: 0x000002597f36bb10
Event: 0.172 Thread 0x00000259667a1410 Thread added: 0x000002597f36c560
Event: 0.177 Thread 0x00000259667a1410 Thread added: 0x000002597f37def0
Event: 0.177 Thread 0x00000259667a1410 Thread added: 0x000002597f3811b0
Event: 0.212 Thread 0x00000259667a1410 Thread added: 0x000002597f701c70
Event: 0.231 Thread 0x00000259667a1410 Thread added: 0x000002597f703720
Event: 0.242 Loaded shared library C:\Program Files\JetBrains\IntelliJ IDEA 2024.3.2\jbr\bin\net.dll
Event: 0.245 Loaded shared library C:\Program Files\JetBrains\IntelliJ IDEA 2024.3.2\jbr\bin\nio.dll
Event: 0.285 Thread 0x000002597f37def0 Thread added: 0x000002597f726200
Event: 0.313 Loaded shared library C:\Program Files\JetBrains\IntelliJ IDEA 2024.3.2\jbr\bin\zip.dll
Event: 0.381 Loaded shared library C:\Program Files\JetBrains\IntelliJ IDEA 2024.3.2\jbr\bin\jimage.dll
Event: 0.710 Thread 0x00000259667a1410 Thread added: 0x000002594707f970


Dynamic libraries:
0x00007ff7333f0000 - 0x00007ff7333fa000 	C:\Program Files\JetBrains\IntelliJ IDEA 2024.3.2\jbr\bin\java.exe
0x00007ff9febb0000 - 0x00007ff9feda8000 	C:\Windows\SYSTEM32\ntdll.dll
0x00007ff9fcea0000 - 0x00007ff9fcf62000 	C:\Windows\System32\KERNEL32.DLL
0x00007ff9fc380000 - 0x00007ff9fc67f000 	C:\Windows\System32\KERNELBASE.dll
0x00007ff9fc280000 - 0x00007ff9fc380000 	C:\Windows\System32\ucrtbase.dll
0x00007ff9cfc20000 - 0x00007ff9cfc38000 	C:\Program Files\JetBrains\IntelliJ IDEA 2024.3.2\jbr\bin\jli.dll
0x00007ff9e5b70000 - 0x00007ff9e5b8b000 	C:\Program Files\JetBrains\IntelliJ IDEA 2024.3.2\jbr\bin\VCRUNTIME140.dll
0x00007ff9fcbd0000 - 0x00007ff9fcd6d000 	C:\Windows\System32\USER32.dll
0x00007ff9fc9b0000 - 0x00007ff9fc9d2000 	C:\Windows\System32\win32u.dll
0x00007ff9e88f0000 - 0x00007ff9e8b8a000 	C:\Windows\WinSxS\amd64_microsoft.windows.common-controls_6595b64144ccf1df_6.0.19041.4355_none_60b8b9eb71f62e16\COMCTL32.dll
0x00007ff9fde00000 - 0x00007ff9fde2b000 	C:\Windows\System32\GDI32.dll
0x00007ff9fdc80000 - 0x00007ff9fdd1e000 	C:\Windows\System32\msvcrt.dll
0x00007ff9fc7e0000 - 0x00007ff9fc8fa000 	C:\Windows\System32\gdi32full.dll
0x00007ff9fcb30000 - 0x00007ff9fcbcd000 	C:\Windows\System32\msvcp_win.dll
0x00007ff9fd520000 - 0x00007ff9fd54f000 	C:\Windows\System32\IMM32.DLL
0x00007ff9e9690000 - 0x00007ff9e969c000 	C:\Program Files\JetBrains\IntelliJ IDEA 2024.3.2\jbr\bin\vcruntime140_1.dll
0x00007ff9b73c0000 - 0x00007ff9b744d000 	C:\Program Files\JetBrains\IntelliJ IDEA 2024.3.2\jbr\bin\msvcp140.dll
0x00007ff99e3b0000 - 0x00007ff99f171000 	C:\Program Files\JetBrains\IntelliJ IDEA 2024.3.2\jbr\bin\server\jvm.dll
0x00007ff9fcdf0000 - 0x00007ff9fce9f000 	C:\Windows\System32\ADVAPI32.dll
0x00007ff9fead0000 - 0x00007ff9feb6f000 	C:\Windows\System32\sechost.dll
0x00007ff9fe080000 - 0x00007ff9fe1a3000 	C:\Windows\System32\RPCRT4.dll
0x00007ff9fc250000 - 0x00007ff9fc277000 	C:\Windows\System32\bcrypt.dll
0x00007ff9fdb50000 - 0x00007ff9fdbbb000 	C:\Windows\System32\WS2_32.dll
0x00007ff9fb7c0000 - 0x00007ff9fb80b000 	C:\Windows\SYSTEM32\POWRPROF.dll
0x00007ff9ea5f0000 - 0x00007ff9ea617000 	C:\Windows\SYSTEM32\WINMM.dll
0x00007ff9f72b0000 - 0x00007ff9f72ba000 	C:\Windows\SYSTEM32\VERSION.dll
0x00007ff9fb620000 - 0x00007ff9fb632000 	C:\Windows\SYSTEM32\UMPDC.dll
0x00007ff9fa090000 - 0x00007ff9fa0a2000 	C:\Windows\SYSTEM32\kernel.appcore.dll
0x00007ff9e5cb0000 - 0x00007ff9e5cba000 	C:\Program Files\JetBrains\IntelliJ IDEA 2024.3.2\jbr\bin\jimage.dll
0x00007ff9e42d0000 - 0x00007ff9e44b4000 	C:\Windows\SYSTEM32\DBGHELP.DLL
0x00007ff9e4170000 - 0x00007ff9e41a4000 	C:\Windows\SYSTEM32\dbgcore.DLL
0x00007ff9fc9e0000 - 0x00007ff9fca62000 	C:\Windows\System32\bcryptPrimitives.dll
0x00007ff9d8240000 - 0x00007ff9d8260000 	C:\Program Files\JetBrains\IntelliJ IDEA 2024.3.2\jbr\bin\java.dll
0x00007ff9fe360000 - 0x00007ff9feacd000 	C:\Windows\System32\SHELL32.dll
0x00007ff9fa290000 - 0x00007ff9faa34000 	C:\Windows\SYSTEM32\windows.storage.dll
0x00007ff9fd5e0000 - 0x00007ff9fd935000 	C:\Windows\System32\combase.dll
0x00007ff9fbc80000 - 0x00007ff9fbcab000 	C:\Windows\SYSTEM32\Wldp.dll
0x00007ff9fd450000 - 0x00007ff9fd51d000 	C:\Windows\System32\OLEAUT32.dll
0x00007ff9fdf70000 - 0x00007ff9fe01d000 	C:\Windows\System32\SHCORE.dll
0x00007ff9fd3f0000 - 0x00007ff9fd445000 	C:\Windows\System32\shlwapi.dll
0x00007ff9fc180000 - 0x00007ff9fc1a5000 	C:\Windows\SYSTEM32\profapi.dll
0x00007ff9cfc00000 - 0x00007ff9cfc18000 	C:\Program Files\JetBrains\IntelliJ IDEA 2024.3.2\jbr\bin\zip.dll
0x00007ff9e5970000 - 0x00007ff9e5980000 	C:\Program Files\JetBrains\IntelliJ IDEA 2024.3.2\jbr\bin\net.dll
0x00007ff9f6570000 - 0x00007ff9f667a000 	C:\Windows\SYSTEM32\WINHTTP.dll
0x00007ff9fb9c0000 - 0x00007ff9fba2c000 	C:\Windows\system32\mswsock.dll
0x00007ff9cfbe0000 - 0x00007ff9cfbf6000 	C:\Program Files\JetBrains\IntelliJ IDEA 2024.3.2\jbr\bin\nio.dll
0x00007ff9fb640000 - 0x00007ff9fb67b000 	C:\Windows\SYSTEM32\IPHLPAPI.DLL
0x00007ff9fdac0000 - 0x00007ff9fdac8000 	C:\Windows\System32\NSI.dll

dbghelp: loaded successfully - version: 4.0.5 - missing functions: none
symbol engine: initialized successfully - sym options: 0x614 - pdb path: .;C:\Program Files\JetBrains\IntelliJ IDEA 2024.3.2\jbr\bin;C:\Windows\SYSTEM32;C:\Windows\WinSxS\amd64_microsoft.windows.common-controls_6595b64144ccf1df_6.0.19041.4355_none_60b8b9eb71f62e16;C:\Program Files\JetBrains\IntelliJ IDEA 2024.3.2\jbr\bin\server

VM Arguments:
jvm_args: -Djava.rmi.server.hostname=127.0.0.1 -Duser.timezone=UTC -Xmx2048m -Xms128m -Djdbc.classpath=C:\Users\MSI\AppData\Local\Temp\RemoteDriver4.classpath.txt --add-exports=java.desktop/sun.awt=ALL-UNNAMED --add-exports=java.desktop/java.awt.peer=ALL-UNNAMED --add-opens=java.desktop/java.awt=ALL-UNNAMED --add-opens=jdk.unsupported/sun.misc=ALL-UNNAMED --add-opens=java.base/java.nio=ALL-UNNAMED --add-opens=java.base/java.util=ALL-UNNAMED -Dfile.encoding=UTF-8 -Dsun.stdout.encoding=UTF-8 -Dsun.stderr.encoding=UTF-8 
java_command: com.intellij.database.remote.RemoteJdbcServer com.mysql.cj.jdbc.Driver
java_class_path (initial): C:\Program Files\JetBrains\IntelliJ IDEA 2024.3.2\lib\util_rt.jar;C:\Program Files\JetBrains\IntelliJ IDEA 2024.3.2\lib\util-8.jar;C:\Program Files\JetBrains\IntelliJ IDEA 2024.3.2\lib\groovy.jar;C:\Program Files\JetBrains\IntelliJ IDEA 2024.3.2\plugins\DatabaseTools\lib\jdbc-console.jar;C:\Program Files\JetBrains\IntelliJ IDEA 2024.3.2\plugins\grid-core-impl\lib\jdbc-console-types.jar;C:\Program Files\JetBrains\IntelliJ IDEA 2024.3.2\lib\util.jar;C:\Program Files\JetBrains\IntelliJ IDEA 2024.3.2\lib\bouncy-castle.jar
Launcher Type: SUN_STANDARD

[Global flags]
     intx CICompilerCount                          = 4                                         {product} {ergonomic}
     uint ConcGCThreads                            = 3                                         {product} {ergonomic}
     uint G1ConcRefinementThreads                  = 10                                        {product} {ergonomic}
   size_t G1HeapRegionSize                         = 1048576                                   {product} {ergonomic}
    uintx GCDrainStackTargetSize                   = 64                                        {product} {ergonomic}
   size_t InitialHeapSize                          = 134217728                                 {product} {command line}
   size_t MarkStackSize                            = 4194304                                   {product} {ergonomic}
   size_t MaxHeapSize                              = 2147483648                                {product} {command line}
   size_t MaxNewSize                               = 1287651328                                {product} {ergonomic}
   size_t MinHeapDeltaBytes                        = 1048576                                   {product} {ergonomic}
   size_t MinHeapSize                              = 134217728                                 {product} {command line}
    uintx NonNMethodCodeHeapSize                   = 5839372                                {pd product} {ergonomic}
    uintx NonProfiledCodeHeapSize                  = 122909434                              {pd product} {ergonomic}
    uintx ProfiledCodeHeapSize                     = 122909434                              {pd product} {ergonomic}
    uintx ReservedCodeCacheSize                    = 251658240                              {pd product} {ergonomic}
     bool SegmentedCodeCache                       = true                                      {product} {ergonomic}
   size_t SoftMaxHeapSize                          = 2147483648                             {manageable} {ergonomic}
     bool UseCompressedOops                        = true                           {product lp64_product} {ergonomic}
     bool UseG1GC                                  = true                                      {product} {ergonomic}
     bool UseLargePagesIndividualAllocation        = false                                  {pd product} {ergonomic}

Logging:
Log output configuration:
 #0: stdout all=warning uptime,level,tags foldmultilines=false
 #1: stderr all=off uptime,level,tags foldmultilines=false

Environment Variables:
JAVA_HOME=C:\Program Files\Java\jdk1.8.0_271
PATH=C:\Program Files\Common Files\Oracle\Java\javapath;C:\Program Files\Java\jdk1.8.0_271;C:\Program Files (x86)\Common Files\Oracle\Java\javapath;C:\Windows\system32;C:\Windows;C:\Windows\System32\Wbem;C:\Windows\System32\WindowsPowerShell\v1.0\;C:\Windows\System32\OpenSSH\;C:\Program Files\Git\cmd;C:\Program Files\Java\jdk1.8.0_271\bin;C:\Users\MSI\Downloads\apache-tomcat-8.5.90-windows-x64\apache-tomcat-8.5.90\bin;C:\Program Files\Java\jre1.8.0_271;C:\Program Files\nodejs\;C:\Program Files\Docker\Docker\resources\bin;C:\Program Files\PuTTY\;C:\Program Files\dotnet\;C:\Users\MSI\AppData\Local\Programs\Python\Python312\Scripts\;C:\Users\MSI\AppData\Local\Programs\Python\Python312\;C:\Users\MSI\AppData\Local\Programs\Python\Launcher\;C:\Program Files\MySQL\MySQL Shell 8.0\bin\;C:\Users\MSI\AppData\Local\Microsoft\WindowsApps;C:\Users\MSI\AppData\Roaming\npm;C:\Users\MSI\AppData\Local\Programs\Microsoft VS Code\bin;C:\Program Files\JetBrains\IntelliJ IDEA 2024.3.2\bin;
USERNAME=MSI
OS=Windows_NT
PROCESSOR_IDENTIFIER=Intel64 Family 6 Model 165 Stepping 2, GenuineIntel
TMP=C:\Users\MSI\AppData\Local\Temp
TEMP=C:\Users\MSI\AppData\Local\Temp




Periodic native trim disabled

JNI global refs:
JNI global refs: 15, weak refs: 0

JNI global refs memory usage: 835, weak refs: 833

Process memory usage:
Resident Set Size: 64276K (0% of 8206088K total physical memory with 345140K free physical memory)

OOME stack traces (most recent first):
Classloader memory used:
Loader bootstrap                                                                       : 2380K
Loader jdk.internal.loader.ClassLoaders$AppClassLoader                                 : 1304K
Loader jdk.internal.loader.ClassLoaders$PlatformClassLoader                            : 50464B
Loader com.intellij.database.remote.jdbc.impl.JdbcClassLoader$JdbcClassLoaderImpl      : 36448B

---------------  S Y S T E M  ---------------

OS:
 Windows 10 , 64 bit Build 19041 (10.0.19041.5438)
OS uptime: 0 days 3:37 hours
Hyper-V role detected

CPU: total 12 (initial active 12) (6 cores per cpu, 2 threads per core) family 6 model 165 stepping 2 microcode 0xe2, cx8, cmov, fxsr, ht, mmx, 3dnowpref, sse, sse2, sse3, ssse3, sse4.1, sse4.2, popcnt, lzcnt, tsc, tscinvbit, avx, avx2, aes, erms, clmul, bmi1, bmi2, adx, fma, vzeroupper, clflush, clflushopt, hv, rdtscp, f16c
Processor Information for all 12 processors :
  Max Mhz: 2496, Current Mhz: 2496, Mhz Limit: 2496

Memory: 4k page, system-wide physical 8013M (335M free)
TotalPageFile size 12109M (AvailPageFile size 4M)
current process WorkingSet (physical memory assigned to process): 62M, peak: 62M
current process commit charge ("private bytes"): 222M, peak: 224M

vm_info: OpenJDK 64-Bit Server VM (21.0.5+8-b631.30) for windows-amd64 JRE (21.0.5+8-b631.30), built on 2024-12-06 by "builduser" with MS VC++ 16.10 / 16.11 (VS2019)

END.
