#
# There is insufficient memory for the Java Runtime Environment to continue.
# Native memory allocation (malloc) failed to allocate 92240 bytes. Error detail: Chunk::new
# Possible reasons:
#   The system is out of physical RAM or swap space
#   This process is running with CompressedOops enabled, and the Java Heap may be blocking the growth of the native heap
# Possible solutions:
#   Reduce memory load on the system
#   Increase physical memory or swap space
#   Check if swap backing store is full
#   Decrease Java heap size (-Xmx/-Xms)
#   Decrease number of Java threads
#   Decrease Java thread stack sizes (-Xss)
#   Set larger code cache with -XX:ReservedCodeCacheSize=
#   JVM is running with Unscaled Compressed Oops mode in which the Java heap is
#     placed in the first 4GB address space. The Java Heap base address is the
#     maximum limit for the native heap growth. Please use -XX:HeapBaseMinAddress
#     to set the Java Heap base and to place the Java Heap above 4GB virtual address.
# This output file may be truncated or incomplete.
#
#  Out of Memory Error (arena.cpp:168), pid=16456, tid=9976
#
# JRE version: OpenJDK Runtime Environment JBR-21.0.5+8-631.30-jcef (21.0.5+8) (build 21.0.5+8-b631.30)
# Java VM: OpenJDK 64-Bit Server VM JBR-21.0.5+8-631.30-jcef (21.0.5+8-b631.30, mixed mode, sharing, tiered, compressed oops, compressed class ptrs, g1 gc, windows-amd64)
# No core dump will be written. Minidumps are not enabled by default on client versions of Windows
#

---------------  S U M M A R Y ------------

Command Line: -Djava.rmi.server.hostname=127.0.0.1 -Duser.timezone=UTC -Xmx2048m -Xms128m -Djdbc.classpath=C:\Users\MSI\AppData\Local\Temp\RemoteDriver9.classpath.txt --add-exports=java.desktop/sun.awt=ALL-UNNAMED --add-exports=java.desktop/java.awt.peer=ALL-UNNAMED --add-opens=java.desktop/java.awt=ALL-UNNAMED --add-opens=jdk.unsupported/sun.misc=ALL-UNNAMED --add-opens=java.base/java.nio=ALL-UNNAMED --add-opens=java.base/java.util=ALL-UNNAMED -Dfile.encoding=UTF-8 -Dsun.stdout.encoding=UTF-8 -Dsun.stderr.encoding=UTF-8 com.intellij.database.remote.RemoteJdbcServer com.mysql.cj.jdbc.Driver

Host: Intel(R) Core(TM) i5-10500H CPU @ 2.50GHz, 12 cores, 7G,  Windows 10 , 64 bit Build 19041 (10.0.19041.5438)
Time: Sun Mar 23 09:53:53 2025 Sri Lanka Standard Time elapsed time: 0.714853 seconds (0d 0h 0m 0s)

---------------  T H R E A D  ---------------

Current thread (0x00000298cb659c50):  JavaThread "C2 CompilerThread1" daemon [_thread_in_native, id=9976, stack(0x000000a87c100000,0x000000a87c200000) (1024K)]


Current CompileTask:
C2:714 1778       4       sun.security.ec.point.ProjectivePoint$Mutable::conditionalSet (53 bytes)

Stack: [0x000000a87c100000,0x000000a87c200000]
Native frames: (J=compiled Java code, j=interpreted, Vv=VM code, C=native code)
V  [jvm.dll+0x6e52b9]
V  [jvm.dll+0x8c3633]
V  [jvm.dll+0x8c5b8e]
V  [jvm.dll+0x8c6273]
V  [jvm.dll+0x288f46]
V  [jvm.dll+0xc66dd]
V  [jvm.dll+0xc6c13]
V  [jvm.dll+0x3c456b]
V  [jvm.dll+0x1e63d2]
V  [jvm.dll+0x2508f4]
V  [jvm.dll+0x24fd71]
V  [jvm.dll+0x1cd6a4]
V  [jvm.dll+0x25f5dc]
V  [jvm.dll+0x25db26]
V  [jvm.dll+0x3ff5e6]
V  [jvm.dll+0x86b248]
V  [jvm.dll+0x6e3abd]
C  [ucrtbase.dll+0x21bb2]
C  [KERNEL32.DLL+0x17374]
C  [ntdll.dll+0x4cc91]


---------------  P R O C E S S  ---------------

Threads class SMR info:
_java_thread_list=0x00000299117639e0, length=24, elements={
0x00000298b06348a0, 0x00000298cacfd360, 0x00000298cad03310, 0x00000298cad073e0,
0x00000298cad07e30, 0x00000298cad09110, 0x00000298cad09b60, 0x00000298cad0ef10,
0x00000298cad179b0, 0x00000298cb6043e0, 0x00000298cb604e50, 0x00000298cb659c50,
0x0000029911330ca0, 0x00000298cb7fa800, 0x00000298cb805ed0, 0x00000298cb806530,
0x00000298cb806b90, 0x0000029911016500, 0x0000029911016b60, 0x0000029911271170,
0x000002991139d6c0, 0x000002991139d030, 0x000002991139f790, 0x0000029911733040
}

Java Threads: ( => current thread )
  0x00000298b06348a0 JavaThread "main"                              [_thread_blocked, id=2340, stack(0x000000a87af00000,0x000000a87b000000) (1024K)]
  0x00000298cacfd360 JavaThread "Reference Handler"          daemon [_thread_blocked, id=7400, stack(0x000000a87b700000,0x000000a87b800000) (1024K)]
  0x00000298cad03310 JavaThread "Finalizer"                  daemon [_thread_blocked, id=17172, stack(0x000000a87b800000,0x000000a87b900000) (1024K)]
  0x00000298cad073e0 JavaThread "Signal Dispatcher"          daemon [_thread_blocked, id=13252, stack(0x000000a87b900000,0x000000a87ba00000) (1024K)]
  0x00000298cad07e30 JavaThread "Attach Listener"            daemon [_thread_blocked, id=11664, stack(0x000000a87ba00000,0x000000a87bb00000) (1024K)]
  0x00000298cad09110 JavaThread "Service Thread"             daemon [_thread_blocked, id=18080, stack(0x000000a87bb00000,0x000000a87bc00000) (1024K)]
  0x00000298cad09b60 JavaThread "Monitor Deflation Thread"   daemon [_thread_blocked, id=7656, stack(0x000000a87bc00000,0x000000a87bd00000) (1024K)]
  0x00000298cad0ef10 JavaThread "C2 CompilerThread0"         daemon [_thread_in_native, id=15284, stack(0x000000a87bd00000,0x000000a87be00000) (1024K)]
  0x00000298cad179b0 JavaThread "C1 CompilerThread0"         daemon [_thread_in_vm, id=18164, stack(0x000000a87be00000,0x000000a87bf00000) (1024K)]
  0x00000298cb6043e0 JavaThread "Common-Cleaner"             daemon [_thread_blocked, id=9228, stack(0x000000a87bf00000,0x000000a87c000000) (1024K)]
  0x00000298cb604e50 JavaThread "Notification Thread"        daemon [_thread_blocked, id=17460, stack(0x000000a87c000000,0x000000a87c100000) (1024K)]
=>0x00000298cb659c50 JavaThread "C2 CompilerThread1"         daemon [_thread_in_native, id=9976, stack(0x000000a87c100000,0x000000a87c200000) (1024K)]
  0x0000029911330ca0 JavaThread "mysql-cj-abandoned-connection-cleanup" daemon [_thread_blocked, id=2828, stack(0x000000a87c200000,0x000000a87c300000) (1024K)]
  0x00000298cb7fa800 JavaThread "RMI TCP Accept-24943"       daemon [_thread_in_native, id=15000, stack(0x000000a87c300000,0x000000a87c400000) (1024K)]
  0x00000298cb805ed0 JavaThread "RMI TCP Accept-0"           daemon [_thread_in_native, id=13080, stack(0x000000a87c400000,0x000000a87c500000) (1024K)]
  0x00000298cb806530 JavaThread "RMI Reaper"                        [_thread_blocked, id=15492, stack(0x000000a87c500000,0x000000a87c600000) (1024K)]
  0x00000298cb806b90 JavaThread "RMI GC Daemon"              daemon [_thread_blocked, id=2280, stack(0x000000a87c600000,0x000000a87c700000) (1024K)]
  0x0000029911016500 JavaThread "RMI TCP Connection(1)-127.0.0.1" daemon [_thread_in_native, id=12840, stack(0x000000a87c700000,0x000000a87c800000) (1024K)]
  0x0000029911016b60 JavaThread "RMI TCP Connection(2)-127.0.0.1" daemon [_thread_in_native, id=5844, stack(0x000000a87c800000,0x000000a87c900000) (1024K)]
  0x0000029911271170 JavaThread "RMI Scheduler(0)"           daemon [_thread_blocked, id=7764, stack(0x000000a87c900000,0x000000a87ca00000) (1024K)]
  0x000002991139d6c0 JavaThread "RMI TCP Connection(3)-127.0.0.1" daemon [_thread_in_vm, id=13500, stack(0x000000a87ca00000,0x000000a87cb00000) (1024K)]
  0x000002991139d030 JavaThread "RMI RenewClean-[127.0.0.1:51039]" daemon [_thread_blocked, id=16892, stack(0x000000a87cb00000,0x000000a87cc00000) (1024K)]
  0x000002991139f790 JavaThread "RMI TCP Connection(4)-127.0.0.1" daemon [_thread_in_native, id=9820, stack(0x000000a87cc00000,0x000000a87cd00000) (1024K)]
  0x0000029911733040 JavaThread "C2 CompilerThread2"         daemon [_thread_blocked, id=17060, stack(0x000000a87d600000,0x000000a87d700000) (1024K)]
Total: 24

Other Threads:
  0x00000298cace6630 VMThread "VM Thread"                           [id=5276, stack(0x000000a87b600000,0x000000a87b700000) (1024K)]
  0x00000298cacd5150 WatcherThread "VM Periodic Task Thread"        [id=1504, stack(0x000000a87b500000,0x000000a87b600000) (1024K)]
  0x00000298b29345a0 WorkerThread "GC Thread#0"                     [id=17908, stack(0x000000a87b000000,0x000000a87b100000) (1024K)]
  0x0000029911591990 WorkerThread "GC Thread#1"                     [id=7180, stack(0x000000a87cd00000,0x000000a87ce00000) (1024K)]
  0x00000299116bc550 WorkerThread "GC Thread#2"                     [id=7860, stack(0x000000a87ce00000,0x000000a87cf00000) (1024K)]
  0x00000299116bc8f0 WorkerThread "GC Thread#3"                     [id=5248, stack(0x000000a87cf00000,0x000000a87d000000) (1024K)]
  0x00000299117a98f0 WorkerThread "GC Thread#4"                     [id=10492, stack(0x000000a87d000000,0x000000a87d100000) (1024K)]
  0x0000029911603860 WorkerThread "GC Thread#5"                     [id=6464, stack(0x000000a87d100000,0x000000a87d200000) (1024K)]
  0x00000299115dc170 WorkerThread "GC Thread#6"                     [id=4748, stack(0x000000a87d200000,0x000000a87d300000) (1024K)]
  0x000002991174f540 WorkerThread "GC Thread#7"                     [id=15732, stack(0x000000a87d300000,0x000000a87d400000) (1024K)]
  0x00000299117a5580 WorkerThread "GC Thread#8"                     [id=10920, stack(0x000000a87d400000,0x000000a87d500000) (1024K)]
  0x00000299117a5d20 WorkerThread "GC Thread#9"                     [id=18260, stack(0x000000a87d500000,0x000000a87d600000) (1024K)]
  0x00000298b2945640 ConcurrentGCThread "G1 Main Marker"            [id=7792, stack(0x000000a87b100000,0x000000a87b200000) (1024K)]
  0x00000298b29467f0 WorkerThread "G1 Conc#0"                       [id=9136, stack(0x000000a87b200000,0x000000a87b300000) (1024K)]
  0x00000298b299d310 ConcurrentGCThread "G1 Refine#0"               [id=16992, stack(0x000000a87b300000,0x000000a87b400000) (1024K)]
  0x00000298b299dd90 ConcurrentGCThread "G1 Service"                [id=15392, stack(0x000000a87b400000,0x000000a87b500000) (1024K)]
Total: 16

Threads with active compile tasks:
C2 CompilerThread0  766 1787       4       sun.security.ec.ECOperations::setDouble (463 bytes)
C1 CompilerThread0  766 1822       3       java.nio.HeapByteBuffer::get (14 bytes)
C2 CompilerThread1  766 1778       4       sun.security.ec.point.ProjectivePoint$Mutable::conditionalSet (53 bytes)
Total: 3

VM state: not at safepoint (normal execution)

VM Mutex/Monitor currently owned by a thread:  ([mutex/lock_event])
[0x00007fffbe5ac830] Metaspace_lock - owner thread: 0x00000298cad179b0

Heap address: 0x0000000080000000, size: 2048 MB, Compressed Oops mode: 32-bit

CDS archive(s) mapped at: [0x00000298cc000000-0x00000298ccd00000-0x00000298ccd00000), size 13631488, SharedBaseAddress: 0x00000298cc000000, ArchiveRelocationMode: 1.
Compressed class space mapped at: 0x00000298cd000000-0x000002990d000000, reserved size: 1073741824
Narrow klass base: 0x00000298cc000000, Narrow klass shift: 0, Narrow klass range: 0x100000000

GC Precious Log:
 CardTable entry size: 512
 Card Set container configuration: InlinePtr #cards 5 size 8 Array Of Cards #cards 12 size 40 Howl #buckets 4 coarsen threshold 1843 Howl Bitmap #cards 512 size 80 coarsen threshold 460 Card regions per heap region 1 cards per card region 2048
 CPUs: 12 total, 12 available
 Memory: 8013M
 Large Page Support: Disabled
 NUMA Support: Disabled
 Compressed Oops: Enabled (32-bit)
 Heap Region Size: 1M
 Heap Min Capacity: 128M
 Heap Initial Capacity: 128M
 Heap Max Capacity: 2G
 Pre-touch: Disabled
 Parallel Workers: 10
 Concurrent Workers: 3
 Concurrent Refinement Workers: 10
 Periodic GC: Disabled

Heap:
 garbage-first heap   total 131072K, used 18512K [0x0000000080000000, 0x0000000100000000)
  region size 1024K, 14 young (14336K), 3 survivors (3072K)
 Metaspace       used 14716K, committed 15104K, reserved 1114112K
  class space    used 1746K, committed 1920K, reserved 1048576K

Heap Regions: E=young(eden), S=young(survivor), O=old, HS=humongous(starts), HC=humongous(continues), CS=collection set, F=free, TAMS=top-at-mark-start, PB=parsable bottom
|   0|0x0000000080000000, 0x0000000080100000, 0x0000000080100000|100%|HS|  |TAMS 0x0000000080000000| PB 0x0000000080000000| Complete 
|   1|0x0000000080100000, 0x0000000080200000, 0x0000000080200000|100%|HC|  |TAMS 0x0000000080100000| PB 0x0000000080100000| Complete 
|   2|0x0000000080200000, 0x0000000080300000, 0x0000000080300000|100%|HS|  |TAMS 0x0000000080200000| PB 0x0000000080200000| Complete 
|   3|0x0000000080300000, 0x0000000080400000, 0x0000000080400000|100%|HS|  |TAMS 0x0000000080300000| PB 0x0000000080300000| Complete 
|   4|0x0000000080400000, 0x0000000080500000, 0x0000000080500000|100%| O|  |TAMS 0x0000000080400000| PB 0x0000000080400000| Untracked 
|   5|0x0000000080500000, 0x0000000080600000, 0x0000000080600000|100%| O|  |TAMS 0x0000000080500000| PB 0x0000000080500000| Untracked 
|   6|0x0000000080600000, 0x0000000080614000, 0x0000000080700000|  7%| O|  |TAMS 0x0000000080600000| PB 0x0000000080600000| Untracked 
|   7|0x0000000080700000, 0x0000000080700000, 0x0000000080800000|  0%| F|  |TAMS 0x0000000080700000| PB 0x0000000080700000| Untracked 
|   8|0x0000000080800000, 0x0000000080800000, 0x0000000080900000|  0%| F|  |TAMS 0x0000000080800000| PB 0x0000000080800000| Untracked 
|   9|0x0000000080900000, 0x0000000080900000, 0x0000000080a00000|  0%| F|  |TAMS 0x0000000080900000| PB 0x0000000080900000| Untracked 
|  10|0x0000000080a00000, 0x0000000080a00000, 0x0000000080b00000|  0%| F|  |TAMS 0x0000000080a00000| PB 0x0000000080a00000| Untracked 
|  11|0x0000000080b00000, 0x0000000080b00000, 0x0000000080c00000|  0%| F|  |TAMS 0x0000000080b00000| PB 0x0000000080b00000| Untracked 
|  12|0x0000000080c00000, 0x0000000080c00000, 0x0000000080d00000|  0%| F|  |TAMS 0x0000000080c00000| PB 0x0000000080c00000| Untracked 
|  13|0x0000000080d00000, 0x0000000080d00000, 0x0000000080e00000|  0%| F|  |TAMS 0x0000000080d00000| PB 0x0000000080d00000| Untracked 
|  14|0x0000000080e00000, 0x0000000080e00000, 0x0000000080f00000|  0%| F|  |TAMS 0x0000000080e00000| PB 0x0000000080e00000| Untracked 
|  15|0x0000000080f00000, 0x0000000080f00000, 0x0000000081000000|  0%| F|  |TAMS 0x0000000080f00000| PB 0x0000000080f00000| Untracked 
|  16|0x0000000081000000, 0x0000000081000000, 0x0000000081100000|  0%| F|  |TAMS 0x0000000081000000| PB 0x0000000081000000| Untracked 
|  17|0x0000000081100000, 0x0000000081100000, 0x0000000081200000|  0%| F|  |TAMS 0x0000000081100000| PB 0x0000000081100000| Untracked 
|  18|0x0000000081200000, 0x0000000081200000, 0x0000000081300000|  0%| F|  |TAMS 0x0000000081200000| PB 0x0000000081200000| Untracked 
|  19|0x0000000081300000, 0x0000000081300000, 0x0000000081400000|  0%| F|  |TAMS 0x0000000081300000| PB 0x0000000081300000| Untracked 
|  20|0x0000000081400000, 0x0000000081400000, 0x0000000081500000|  0%| F|  |TAMS 0x0000000081400000| PB 0x0000000081400000| Untracked 
|  21|0x0000000081500000, 0x0000000081500000, 0x0000000081600000|  0%| F|  |TAMS 0x0000000081500000| PB 0x0000000081500000| Untracked 
|  22|0x0000000081600000, 0x0000000081600000, 0x0000000081700000|  0%| F|  |TAMS 0x0000000081600000| PB 0x0000000081600000| Untracked 
|  23|0x0000000081700000, 0x0000000081700000, 0x0000000081800000|  0%| F|  |TAMS 0x0000000081700000| PB 0x0000000081700000| Untracked 
|  24|0x0000000081800000, 0x0000000081800000, 0x0000000081900000|  0%| F|  |TAMS 0x0000000081800000| PB 0x0000000081800000| Untracked 
|  25|0x0000000081900000, 0x0000000081900000, 0x0000000081a00000|  0%| F|  |TAMS 0x0000000081900000| PB 0x0000000081900000| Untracked 
|  26|0x0000000081a00000, 0x0000000081a00000, 0x0000000081b00000|  0%| F|  |TAMS 0x0000000081a00000| PB 0x0000000081a00000| Untracked 
|  27|0x0000000081b00000, 0x0000000081b00000, 0x0000000081c00000|  0%| F|  |TAMS 0x0000000081b00000| PB 0x0000000081b00000| Untracked 
|  28|0x0000000081c00000, 0x0000000081c00000, 0x0000000081d00000|  0%| F|  |TAMS 0x0000000081c00000| PB 0x0000000081c00000| Untracked 
|  29|0x0000000081d00000, 0x0000000081d00000, 0x0000000081e00000|  0%| F|  |TAMS 0x0000000081d00000| PB 0x0000000081d00000| Untracked 
|  30|0x0000000081e00000, 0x0000000081e00000, 0x0000000081f00000|  0%| F|  |TAMS 0x0000000081e00000| PB 0x0000000081e00000| Untracked 
|  31|0x0000000081f00000, 0x0000000081f00000, 0x0000000082000000|  0%| F|  |TAMS 0x0000000081f00000| PB 0x0000000081f00000| Untracked 
|  32|0x0000000082000000, 0x0000000082000000, 0x0000000082100000|  0%| F|  |TAMS 0x0000000082000000| PB 0x0000000082000000| Untracked 
|  33|0x0000000082100000, 0x0000000082100000, 0x0000000082200000|  0%| F|  |TAMS 0x0000000082100000| PB 0x0000000082100000| Untracked 
|  34|0x0000000082200000, 0x0000000082200000, 0x0000000082300000|  0%| F|  |TAMS 0x0000000082200000| PB 0x0000000082200000| Untracked 
|  35|0x0000000082300000, 0x0000000082300000, 0x0000000082400000|  0%| F|  |TAMS 0x0000000082300000| PB 0x0000000082300000| Untracked 
|  36|0x0000000082400000, 0x0000000082400000, 0x0000000082500000|  0%| F|  |TAMS 0x0000000082400000| PB 0x0000000082400000| Untracked 
|  37|0x0000000082500000, 0x0000000082500000, 0x0000000082600000|  0%| F|  |TAMS 0x0000000082500000| PB 0x0000000082500000| Untracked 
|  38|0x0000000082600000, 0x0000000082600000, 0x0000000082700000|  0%| F|  |TAMS 0x0000000082600000| PB 0x0000000082600000| Untracked 
|  39|0x0000000082700000, 0x0000000082700000, 0x0000000082800000|  0%| F|  |TAMS 0x0000000082700000| PB 0x0000000082700000| Untracked 
|  40|0x0000000082800000, 0x0000000082800000, 0x0000000082900000|  0%| F|  |TAMS 0x0000000082800000| PB 0x0000000082800000| Untracked 
|  41|0x0000000082900000, 0x0000000082900000, 0x0000000082a00000|  0%| F|  |TAMS 0x0000000082900000| PB 0x0000000082900000| Untracked 
|  42|0x0000000082a00000, 0x0000000082a00000, 0x0000000082b00000|  0%| F|  |TAMS 0x0000000082a00000| PB 0x0000000082a00000| Untracked 
|  43|0x0000000082b00000, 0x0000000082b00000, 0x0000000082c00000|  0%| F|  |TAMS 0x0000000082b00000| PB 0x0000000082b00000| Untracked 
|  44|0x0000000082c00000, 0x0000000082c00000, 0x0000000082d00000|  0%| F|  |TAMS 0x0000000082c00000| PB 0x0000000082c00000| Untracked 
|  45|0x0000000082d00000, 0x0000000082d00000, 0x0000000082e00000|  0%| F|  |TAMS 0x0000000082d00000| PB 0x0000000082d00000| Untracked 
|  46|0x0000000082e00000, 0x0000000082e00000, 0x0000000082f00000|  0%| F|  |TAMS 0x0000000082e00000| PB 0x0000000082e00000| Untracked 
|  47|0x0000000082f00000, 0x0000000082f00000, 0x0000000083000000|  0%| F|  |TAMS 0x0000000082f00000| PB 0x0000000082f00000| Untracked 
|  48|0x0000000083000000, 0x0000000083000000, 0x0000000083100000|  0%| F|  |TAMS 0x0000000083000000| PB 0x0000000083000000| Untracked 
|  49|0x0000000083100000, 0x0000000083100000, 0x0000000083200000|  0%| F|  |TAMS 0x0000000083100000| PB 0x0000000083100000| Untracked 
|  50|0x0000000083200000, 0x0000000083200000, 0x0000000083300000|  0%| F|  |TAMS 0x0000000083200000| PB 0x0000000083200000| Untracked 
|  51|0x0000000083300000, 0x0000000083300000, 0x0000000083400000|  0%| F|  |TAMS 0x0000000083300000| PB 0x0000000083300000| Untracked 
|  52|0x0000000083400000, 0x0000000083400000, 0x0000000083500000|  0%| F|  |TAMS 0x0000000083400000| PB 0x0000000083400000| Untracked 
|  53|0x0000000083500000, 0x0000000083500000, 0x0000000083600000|  0%| F|  |TAMS 0x0000000083500000| PB 0x0000000083500000| Untracked 
|  54|0x0000000083600000, 0x0000000083600000, 0x0000000083700000|  0%| F|  |TAMS 0x0000000083600000| PB 0x0000000083600000| Untracked 
|  55|0x0000000083700000, 0x0000000083700000, 0x0000000083800000|  0%| F|  |TAMS 0x0000000083700000| PB 0x0000000083700000| Untracked 
|  56|0x0000000083800000, 0x0000000083800000, 0x0000000083900000|  0%| F|  |TAMS 0x0000000083800000| PB 0x0000000083800000| Untracked 
|  57|0x0000000083900000, 0x0000000083900000, 0x0000000083a00000|  0%| F|  |TAMS 0x0000000083900000| PB 0x0000000083900000| Untracked 
|  58|0x0000000083a00000, 0x0000000083a00000, 0x0000000083b00000|  0%| F|  |TAMS 0x0000000083a00000| PB 0x0000000083a00000| Untracked 
|  59|0x0000000083b00000, 0x0000000083b00000, 0x0000000083c00000|  0%| F|  |TAMS 0x0000000083b00000| PB 0x0000000083b00000| Untracked 
|  60|0x0000000083c00000, 0x0000000083c00000, 0x0000000083d00000|  0%| F|  |TAMS 0x0000000083c00000| PB 0x0000000083c00000| Untracked 
|  61|0x0000000083d00000, 0x0000000083d00000, 0x0000000083e00000|  0%| F|  |TAMS 0x0000000083d00000| PB 0x0000000083d00000| Untracked 
|  62|0x0000000083e00000, 0x0000000083e00000, 0x0000000083f00000|  0%| F|  |TAMS 0x0000000083e00000| PB 0x0000000083e00000| Untracked 
|  63|0x0000000083f00000, 0x0000000083f00000, 0x0000000084000000|  0%| F|  |TAMS 0x0000000083f00000| PB 0x0000000083f00000| Untracked 
|  64|0x0000000084000000, 0x0000000084000000, 0x0000000084100000|  0%| F|  |TAMS 0x0000000084000000| PB 0x0000000084000000| Untracked 
|  65|0x0000000084100000, 0x0000000084100000, 0x0000000084200000|  0%| F|  |TAMS 0x0000000084100000| PB 0x0000000084100000| Untracked 
|  66|0x0000000084200000, 0x0000000084200000, 0x0000000084300000|  0%| F|  |TAMS 0x0000000084200000| PB 0x0000000084200000| Untracked 
|  67|0x0000000084300000, 0x0000000084300000, 0x0000000084400000|  0%| F|  |TAMS 0x0000000084300000| PB 0x0000000084300000| Untracked 
|  68|0x0000000084400000, 0x0000000084400000, 0x0000000084500000|  0%| F|  |TAMS 0x0000000084400000| PB 0x0000000084400000| Untracked 
|  69|0x0000000084500000, 0x0000000084500000, 0x0000000084600000|  0%| F|  |TAMS 0x0000000084500000| PB 0x0000000084500000| Untracked 
|  70|0x0000000084600000, 0x0000000084600000, 0x0000000084700000|  0%| F|  |TAMS 0x0000000084600000| PB 0x0000000084600000| Untracked 
|  71|0x0000000084700000, 0x0000000084700000, 0x0000000084800000|  0%| F|  |TAMS 0x0000000084700000| PB 0x0000000084700000| Untracked 
|  72|0x0000000084800000, 0x0000000084800000, 0x0000000084900000|  0%| F|  |TAMS 0x0000000084800000| PB 0x0000000084800000| Untracked 
|  73|0x0000000084900000, 0x0000000084900000, 0x0000000084a00000|  0%| F|  |TAMS 0x0000000084900000| PB 0x0000000084900000| Untracked 
|  74|0x0000000084a00000, 0x0000000084a00000, 0x0000000084b00000|  0%| F|  |TAMS 0x0000000084a00000| PB 0x0000000084a00000| Untracked 
|  75|0x0000000084b00000, 0x0000000084b00000, 0x0000000084c00000|  0%| F|  |TAMS 0x0000000084b00000| PB 0x0000000084b00000| Untracked 
|  76|0x0000000084c00000, 0x0000000084c00000, 0x0000000084d00000|  0%| F|  |TAMS 0x0000000084c00000| PB 0x0000000084c00000| Untracked 
|  77|0x0000000084d00000, 0x0000000084d00000, 0x0000000084e00000|  0%| F|  |TAMS 0x0000000084d00000| PB 0x0000000084d00000| Untracked 
|  78|0x0000000084e00000, 0x0000000084e00000, 0x0000000084f00000|  0%| F|  |TAMS 0x0000000084e00000| PB 0x0000000084e00000| Untracked 
|  79|0x0000000084f00000, 0x0000000084f00000, 0x0000000085000000|  0%| F|  |TAMS 0x0000000084f00000| PB 0x0000000084f00000| Untracked 
|  80|0x0000000085000000, 0x0000000085000000, 0x0000000085100000|  0%| F|  |TAMS 0x0000000085000000| PB 0x0000000085000000| Untracked 
|  81|0x0000000085100000, 0x0000000085100000, 0x0000000085200000|  0%| F|  |TAMS 0x0000000085100000| PB 0x0000000085100000| Untracked 
|  82|0x0000000085200000, 0x0000000085200000, 0x0000000085300000|  0%| F|  |TAMS 0x0000000085200000| PB 0x0000000085200000| Untracked 
|  83|0x0000000085300000, 0x0000000085300000, 0x0000000085400000|  0%| F|  |TAMS 0x0000000085300000| PB 0x0000000085300000| Untracked 
|  84|0x0000000085400000, 0x0000000085400000, 0x0000000085500000|  0%| F|  |TAMS 0x0000000085400000| PB 0x0000000085400000| Untracked 
|  85|0x0000000085500000, 0x0000000085500000, 0x0000000085600000|  0%| F|  |TAMS 0x0000000085500000| PB 0x0000000085500000| Untracked 
|  86|0x0000000085600000, 0x0000000085600000, 0x0000000085700000|  0%| F|  |TAMS 0x0000000085600000| PB 0x0000000085600000| Untracked 
|  87|0x0000000085700000, 0x0000000085700000, 0x0000000085800000|  0%| F|  |TAMS 0x0000000085700000| PB 0x0000000085700000| Untracked 
|  88|0x0000000085800000, 0x0000000085800000, 0x0000000085900000|  0%| F|  |TAMS 0x0000000085800000| PB 0x0000000085800000| Untracked 
|  89|0x0000000085900000, 0x0000000085900000, 0x0000000085a00000|  0%| F|  |TAMS 0x0000000085900000| PB 0x0000000085900000| Untracked 
|  90|0x0000000085a00000, 0x0000000085a00000, 0x0000000085b00000|  0%| F|  |TAMS 0x0000000085a00000| PB 0x0000000085a00000| Untracked 
|  91|0x0000000085b00000, 0x0000000085b00000, 0x0000000085c00000|  0%| F|  |TAMS 0x0000000085b00000| PB 0x0000000085b00000| Untracked 
|  92|0x0000000085c00000, 0x0000000085c00000, 0x0000000085d00000|  0%| F|  |TAMS 0x0000000085c00000| PB 0x0000000085c00000| Untracked 
|  93|0x0000000085d00000, 0x0000000085d00000, 0x0000000085e00000|  0%| F|  |TAMS 0x0000000085d00000| PB 0x0000000085d00000| Untracked 
|  94|0x0000000085e00000, 0x0000000085e00000, 0x0000000085f00000|  0%| F|  |TAMS 0x0000000085e00000| PB 0x0000000085e00000| Untracked 
|  95|0x0000000085f00000, 0x0000000085f00000, 0x0000000086000000|  0%| F|  |TAMS 0x0000000085f00000| PB 0x0000000085f00000| Untracked 
|  96|0x0000000086000000, 0x0000000086000000, 0x0000000086100000|  0%| F|  |TAMS 0x0000000086000000| PB 0x0000000086000000| Untracked 
|  97|0x0000000086100000, 0x0000000086100000, 0x0000000086200000|  0%| F|  |TAMS 0x0000000086100000| PB 0x0000000086100000| Untracked 
|  98|0x0000000086200000, 0x0000000086200000, 0x0000000086300000|  0%| F|  |TAMS 0x0000000086200000| PB 0x0000000086200000| Untracked 
|  99|0x0000000086300000, 0x0000000086300000, 0x0000000086400000|  0%| F|  |TAMS 0x0000000086300000| PB 0x0000000086300000| Untracked 
| 100|0x0000000086400000, 0x0000000086400000, 0x0000000086500000|  0%| F|  |TAMS 0x0000000086400000| PB 0x0000000086400000| Untracked 
| 101|0x0000000086500000, 0x0000000086500000, 0x0000000086600000|  0%| F|  |TAMS 0x0000000086500000| PB 0x0000000086500000| Untracked 
| 102|0x0000000086600000, 0x0000000086700000, 0x0000000086700000|100%| S|CS|TAMS 0x0000000086600000| PB 0x0000000086600000| Complete 
| 103|0x0000000086700000, 0x0000000086800000, 0x0000000086800000|100%| S|CS|TAMS 0x0000000086700000| PB 0x0000000086700000| Complete 
| 104|0x0000000086800000, 0x0000000086900000, 0x0000000086900000|100%| S|CS|TAMS 0x0000000086800000| PB 0x0000000086800000| Complete 
| 105|0x0000000086900000, 0x0000000086900000, 0x0000000086a00000|  0%| F|  |TAMS 0x0000000086900000| PB 0x0000000086900000| Untracked 
| 106|0x0000000086a00000, 0x0000000086a00000, 0x0000000086b00000|  0%| F|  |TAMS 0x0000000086a00000| PB 0x0000000086a00000| Untracked 
| 107|0x0000000086b00000, 0x0000000086b00000, 0x0000000086c00000|  0%| F|  |TAMS 0x0000000086b00000| PB 0x0000000086b00000| Untracked 
| 108|0x0000000086c00000, 0x0000000086c00000, 0x0000000086d00000|  0%| F|  |TAMS 0x0000000086c00000| PB 0x0000000086c00000| Untracked 
| 109|0x0000000086d00000, 0x0000000086d00000, 0x0000000086e00000|  0%| F|  |TAMS 0x0000000086d00000| PB 0x0000000086d00000| Untracked 
| 110|0x0000000086e00000, 0x0000000086e00000, 0x0000000086f00000|  0%| F|  |TAMS 0x0000000086e00000| PB 0x0000000086e00000| Untracked 
| 111|0x0000000086f00000, 0x0000000086f00000, 0x0000000087000000|  0%| F|  |TAMS 0x0000000086f00000| PB 0x0000000086f00000| Untracked 
| 112|0x0000000087000000, 0x0000000087000000, 0x0000000087100000|  0%| F|  |TAMS 0x0000000087000000| PB 0x0000000087000000| Untracked 
| 113|0x0000000087100000, 0x0000000087100000, 0x0000000087200000|  0%| F|  |TAMS 0x0000000087100000| PB 0x0000000087100000| Untracked 
| 114|0x0000000087200000, 0x0000000087200000, 0x0000000087300000|  0%| F|  |TAMS 0x0000000087200000| PB 0x0000000087200000| Untracked 
| 115|0x0000000087300000, 0x0000000087300000, 0x0000000087400000|  0%| F|  |TAMS 0x0000000087300000| PB 0x0000000087300000| Untracked 
| 116|0x0000000087400000, 0x0000000087400000, 0x0000000087500000|  0%| F|  |TAMS 0x0000000087400000| PB 0x0000000087400000| Untracked 
| 117|0x0000000087500000, 0x00000000875f1040, 0x0000000087600000| 94%| E|  |TAMS 0x0000000087500000| PB 0x0000000087500000| Complete 
| 118|0x0000000087600000, 0x0000000087700000, 0x0000000087700000|100%| E|CS|TAMS 0x0000000087600000| PB 0x0000000087600000| Complete 
| 119|0x0000000087700000, 0x0000000087800000, 0x0000000087800000|100%| E|CS|TAMS 0x0000000087700000| PB 0x0000000087700000| Complete 
| 120|0x0000000087800000, 0x0000000087900000, 0x0000000087900000|100%| E|CS|TAMS 0x0000000087800000| PB 0x0000000087800000| Complete 
| 121|0x0000000087900000, 0x0000000087a00000, 0x0000000087a00000|100%| E|CS|TAMS 0x0000000087900000| PB 0x0000000087900000| Complete 
| 122|0x0000000087a00000, 0x0000000087b00000, 0x0000000087b00000|100%| E|  |TAMS 0x0000000087a00000| PB 0x0000000087a00000| Complete 
| 123|0x0000000087b00000, 0x0000000087c00000, 0x0000000087c00000|100%| E|CS|TAMS 0x0000000087b00000| PB 0x0000000087b00000| Complete 
| 124|0x0000000087c00000, 0x0000000087d00000, 0x0000000087d00000|100%| E|CS|TAMS 0x0000000087c00000| PB 0x0000000087c00000| Complete 
| 125|0x0000000087d00000, 0x0000000087e00000, 0x0000000087e00000|100%| E|CS|TAMS 0x0000000087d00000| PB 0x0000000087d00000| Complete 
| 126|0x0000000087e00000, 0x0000000087f00000, 0x0000000087f00000|100%| E|CS|TAMS 0x0000000087e00000| PB 0x0000000087e00000| Complete 
| 127|0x0000000087f00000, 0x0000000088000000, 0x0000000088000000|100%| E|CS|TAMS 0x0000000087f00000| PB 0x0000000087f00000| Complete 

Card table byte_map: [0x00000298c61d0000,0x00000298c65d0000] _byte_map_base: 0x00000298c5dd0000

Marking Bits: (CMBitMap*) 0x00000298b2934bb0
 Bits: [0x00000298c65d0000, 0x00000298c85d0000)

Polling page: 0x00000298b0810000

Metaspace:

Usage:
  Non-class:     12.67 MB used.
      Class:      1.71 MB used.
       Both:     14.37 MB used.

Virtual space:
  Non-class space:       64.00 MB reserved,      12.88 MB ( 20%) committed,  1 nodes.
      Class space:        1.00 GB reserved,       1.88 MB ( <1%) committed,  1 nodes.
             Both:        1.06 GB reserved,      14.75 MB (  1%) committed. 

Chunk freelists:
   Non-Class:  2.87 MB
       Class:  14.14 MB
        Both:  17.01 MB

MaxMetaspaceSize: unlimited
CompressedClassSpaceSize: 1.00 GB
Initial GC threshold: 21.00 MB
Current GC threshold: 21.00 MB
CDS: on
 - commit_granule_bytes: 65536.
 - commit_granule_words: 8192.
 - virtual_space_node_default_size: 8388608.
 - enlarge_chunks_in_place: 1.
 - use_allocation_guard: 0.


Internal statistics:

num_allocs_failed_limit: 0.
num_arena_births: 428.
num_arena_deaths: 0.
num_vsnodes_births: 2.
num_vsnodes_deaths: 0.
num_space_committed: 236.
num_space_uncommitted: 0.
num_chunks_returned_to_freelist: 0.
num_chunks_taken_from_freelist: 805.
num_chunk_merges: 0.
num_chunk_splits: 488.
num_chunks_enlarged: 200.
num_inconsistent_stats: 0.

CodeHeap 'non-profiled nmethods': size=120000Kb used=661Kb max_used=661Kb free=119339Kb
 bounds [0x00000298be340000, 0x00000298be5b0000, 0x00000298c5870000]
CodeHeap 'profiled nmethods': size=120000Kb used=3176Kb max_used=3176Kb free=116823Kb
 bounds [0x00000298b6870000, 0x00000298b6b90000, 0x00000298bdda0000]
CodeHeap 'non-nmethods': size=5760Kb used=1501Kb max_used=1529Kb free=4258Kb
 bounds [0x00000298bdda0000, 0x00000298be010000, 0x00000298be340000]
 total_blobs=2392 nmethods=1818 adapters=479
 compilation: enabled
              stopped_count=0, restarted_count=0
 full_count=0

Compilation events (20 events):
Event: 0.689 Thread 0x00000298cad0ef10 nmethod 1767 0x00000298be3de710 code [0x00000298be3de8c0, 0x00000298be3debe8]
Event: 0.689 Thread 0x00000298cad0ef10 1772       4       sun.security.util.math.intpoly.IntegerPolynomial$MutableElement::setSquare (52 bytes)
Event: 0.690 Thread 0x00000298cad0ef10 nmethod 1772 0x00000298be3ded90 code [0x00000298be3def40, 0x00000298be3df088]
Event: 0.690 Thread 0x00000298cad0ef10 1776       4       sun.security.util.math.intpoly.IntegerPolynomial$MutableElement::setSquare (5 bytes)
Event: 0.690 Thread 0x00000298cad179b0 1783       3       sun.security.util.ArrayUtil::swap (15 bytes)
Event: 0.691 Thread 0x00000298cad179b0 nmethod 1783 0x00000298b6b7d310 code [0x00000298b6b7d4c0, 0x00000298b6b7d608]
Event: 0.691 Thread 0x00000298cad0ef10 nmethod 1776 0x00000298be3df190 code [0x00000298be3df340, 0x00000298be3df488]
Event: 0.691 Thread 0x00000298cad0ef10 1774       4       sun.security.util.math.intpoly.IntegerPolynomialP256::square (613 bytes)
Event: 0.692 Thread 0x00000298cb659c50 nmethod 1769 0x00000298be3df610 code [0x00000298be3df7e0, 0x00000298be3dfc90]
Event: 0.692 Thread 0x00000298cb659c50 1778       4       sun.security.ec.point.ProjectivePoint$Mutable::conditionalSet (53 bytes)
Event: 0.693 Thread 0x0000029911733040 nmethod 1759 0x00000298be3dff90 code [0x00000298be3e0140, 0x00000298be3e0c18]
Event: 0.693 Thread 0x0000029911733040 1784       4       sun.security.ec.ECOperations$PointMultiplier::lookup (84 bytes)
Event: 0.695 Thread 0x00000298cad179b0 1785       3       sun.security.util.math.intpoly.IntegerPolynomial::get0 (10 bytes)
Event: 0.695 Thread 0x00000298cad179b0 nmethod 1785 0x00000298b6b7d710 code [0x00000298b6b7d8c0, 0x00000298b6b7dac8]
Event: 0.695 Thread 0x00000298cad179b0 1786       3       sun.security.util.math.intpoly.IntegerPolynomial::get0 (5 bytes)
Event: 0.695 Thread 0x00000298cad179b0 nmethod 1786 0x00000298b6b7dc10 code [0x00000298b6b7ddc0, 0x00000298b6b7e0b0]
Event: 0.696 Thread 0x00000298cad0ef10 nmethod 1774 0x00000298be3e0e90 code [0x00000298be3e1040, 0x00000298be3e1598]
Event: 0.696 Thread 0x00000298cad0ef10 1768       4       sun.security.util.math.intpoly.IntegerPolynomialP256::reduce (40 bytes)
Event: 0.697 Thread 0x00000298cad0ef10 nmethod 1768 0x00000298be3e1710 code [0x00000298be3e18a0, 0x00000298be3e19d8]
Event: 0.698 Thread 0x00000298cad0ef10 1787       4       sun.security.ec.ECOperations::setDouble (463 bytes)

GC Heap History (2 events):
Event: 0.467 GC heap before
{Heap before GC invocations=0 (full 0):
 garbage-first heap   total 131072K, used 27648K [0x0000000080000000, 0x0000000100000000)
  region size 1024K, 23 young (23552K), 0 survivors (0K)
 Metaspace       used 8077K, committed 8448K, reserved 1114112K
  class space    used 1016K, committed 1216K, reserved 1048576K
}
Event: 0.474 GC heap after
{Heap after GC invocations=1 (full 0):
 garbage-first heap   total 131072K, used 9296K [0x0000000080000000, 0x0000000100000000)
  region size 1024K, 3 young (3072K), 3 survivors (3072K)
 Metaspace       used 8077K, committed 8448K, reserved 1114112K
  class space    used 1016K, committed 1216K, reserved 1048576K
}

Dll operation events (2 events):
Event: 0.004 Loaded shared library C:\Program Files\JetBrains\IntelliJ IDEA 2024.3.2\jbr\bin\java.dll
Event: 0.027 Loaded shared library C:\Program Files\JetBrains\IntelliJ IDEA 2024.3.2\jbr\bin\zip.dll

Deoptimization events (20 events):
Event: 0.550 Thread 0x000002991139d6c0 DEOPT PACKING pc=0x00000298be3b9c8c sp=0x000000a87cafcb20
Event: 0.550 Thread 0x000002991139d6c0 DEOPT UNPACKING pc=0x00000298bddf46a2 sp=0x000000a87cafcab0 mode 2
Event: 0.560 Thread 0x000002991139d6c0 DEOPT PACKING pc=0x00000298b68ab5e1 sp=0x000000a87cafd5b0
Event: 0.560 Thread 0x000002991139d6c0 DEOPT UNPACKING pc=0x00000298bddf4e42 sp=0x000000a87cafcaa8 mode 0
Event: 0.560 Thread 0x000002991139d6c0 Uncommon trap: trap_request=0xffffff45 fr.pc=0x00000298be3b6024 relative=0x0000000000000ba4
Event: 0.560 Thread 0x000002991139d6c0 Uncommon trap: reason=unstable_if action=reinterpret pc=0x00000298be3b6024 method=java.util.Properties$LineReader.readLine()I @ 153 c2
Event: 0.560 Thread 0x000002991139d6c0 DEOPT PACKING pc=0x00000298be3b6024 sp=0x000000a87cafd610
Event: 0.560 Thread 0x000002991139d6c0 DEOPT UNPACKING pc=0x00000298bddf46a2 sp=0x000000a87cafd5a8 mode 2
Event: 0.631 Thread 0x000002991139d6c0 Uncommon trap: trap_request=0xffffff45 fr.pc=0x00000298be3cab78 relative=0x00000000000001f8
Event: 0.631 Thread 0x000002991139d6c0 Uncommon trap: reason=unstable_if action=reinterpret pc=0x00000298be3cab78 method=java.util.HashMap.putVal(ILjava/lang/Object;Ljava/lang/Object;ZZ)Ljava/lang/Object; @ 162 c2
Event: 0.631 Thread 0x000002991139d6c0 DEOPT PACKING pc=0x00000298be3cab78 sp=0x000000a87cafb660
Event: 0.631 Thread 0x000002991139d6c0 DEOPT UNPACKING pc=0x00000298bddf46a2 sp=0x000000a87cafb610 mode 2
Event: 0.637 Thread 0x000002991139d6c0 Uncommon trap: trap_request=0xffffff45 fr.pc=0x00000298be34a534 relative=0x0000000000000194
Event: 0.637 Thread 0x000002991139d6c0 Uncommon trap: reason=unstable_if action=reinterpret pc=0x00000298be34a534 method=jdk.internal.util.ArraysSupport.vectorizedHashCode(Ljava/lang/Object;IIII)I @ 2 c2
Event: 0.637 Thread 0x000002991139d6c0 DEOPT PACKING pc=0x00000298be34a534 sp=0x000000a87cafb640
Event: 0.637 Thread 0x000002991139d6c0 DEOPT UNPACKING pc=0x00000298bddf46a2 sp=0x000000a87cafb5f0 mode 2
Event: 0.643 Thread 0x000002991139d6c0 Uncommon trap: trap_request=0xffffff6e fr.pc=0x00000298be3cd878 relative=0x0000000000000438
Event: 0.643 Thread 0x000002991139d6c0 Uncommon trap: reason=loop_limit_check action=maybe_recompile pc=0x00000298be3cd878 method=java.lang.StringLatin1.indexOf([BI[BII)I @ 37 c2
Event: 0.643 Thread 0x000002991139d6c0 DEOPT PACKING pc=0x00000298be3cd878 sp=0x000000a87cafd760
Event: 0.643 Thread 0x000002991139d6c0 DEOPT UNPACKING pc=0x00000298bddf46a2 sp=0x000000a87cafd6e8 mode 2

Classes loaded (20 events):
Event: 0.665 Loading class sun/security/ssl/XDHKeyExchange$1
Event: 0.665 Loading class sun/security/ssl/XDHKeyExchange$1 done
Event: 0.665 Loading class sun/security/ssl/KeyShareExtension$KeyShareEntry
Event: 0.665 Loading class sun/security/ssl/KeyShareExtension$KeyShareEntry done
Event: 0.665 Loading class sun/security/ssl/ECDHKeyExchange$ECDHEPossession
Event: 0.665 Loading class sun/security/ssl/ECDHKeyExchange$ECDHEPossession done
Event: 0.666 Loading class sun/security/util/math/intpoly/IntegerPolynomialP384
Event: 0.666 Loading class sun/security/util/math/intpoly/IntegerPolynomialP384 done
Event: 0.666 Loading class sun/security/util/math/intpoly/IntegerPolynomialP521
Event: 0.666 Loading class sun/security/util/math/intpoly/IntegerPolynomialP521 done
Event: 0.666 Loading class sun/security/util/math/intpoly/P384OrderField
Event: 0.666 Loading class sun/security/util/math/intpoly/P384OrderField done
Event: 0.666 Loading class sun/security/util/math/intpoly/P521OrderField
Event: 0.666 Loading class sun/security/util/math/intpoly/P521OrderField done
Event: 0.667 Loading class java/security/interfaces/ECPrivateKey
Event: 0.667 Loading class java/security/interfaces/ECPrivateKey done
Event: 0.667 Loading class sun/security/util/ArrayUtil
Event: 0.667 Loading class sun/security/util/ArrayUtil done
Event: 0.669 Loading class sun/security/util/math/IntegerModuloP$MultiplicativeInverser$Secp256R1
Event: 0.669 Loading class sun/security/util/math/IntegerModuloP$MultiplicativeInverser$Secp256R1 done

Classes unloaded (0 events):
No events

Classes redefined (0 events):
No events

Internal exceptions (20 events):
Event: 0.268 Thread 0x00000298b06348a0 Exception <a 'java/lang/IncompatibleClassChangeError'{0x0000000087394218}: Found class java.lang.Object, but interface was expected> (0x0000000087394218) 
thrown [s\src\hotspot\share\interpreter\linkResolver.cpp, line 851]
Event: 0.268 Thread 0x00000298b06348a0 Exception <a 'java/lang/IncompatibleClassChangeError'{0x0000000087395f58}: Found class java.lang.Object, but interface was expected> (0x0000000087395f58) 
thrown [s\src\hotspot\share\interpreter\linkResolver.cpp, line 851]
Event: 0.296 Thread 0x00000298b06348a0 Exception <a 'java/lang/NoSuchMethodError'{0x00000000873f9e28}: 'java.lang.Object java.lang.invoke.DirectMethodHandle$Holder.invokeStaticInit(java.lang.Object, int, int, int, int)'> (0x00000000873f9e28) 
thrown [s\src\hotspot\share\interpreter\linkResolver.cpp, line 784]
Event: 0.307 Thread 0x00000298b06348a0 Exception <a 'java/lang/NoSuchMethodError'{0x00000000872153d0}: 'java.lang.Object java.lang.invoke.DirectMethodHandle$Holder.invokeStaticInit(java.lang.Object, java.lang.Object, int, int, int, int)'> (0x00000000872153d0) 
thrown [s\src\hotspot\share\interpreter\linkResolver.cpp, line 784]
Event: 0.346 Thread 0x00000298b06348a0 Exception <a 'java/lang/NoSuchMethodError'{0x00000000870f8620}: 'java.lang.Object java.lang.invoke.Invokers$Holder.linkToTargetMethod(java.lang.Object, long, java.lang.Object)'> (0x00000000870f8620) 
thrown [s\src\hotspot\share\interpreter\linkResolver.cpp, line 784]
Event: 0.367 Thread 0x0000029911016500 Exception <a 'java/lang/NoSuchMethodError'{0x0000000086fc6678}: 'long java.lang.invoke.DirectMethodHandle$Holder.invokeSpecial(java.lang.Object, java.lang.Object)'> (0x0000000086fc6678) 
thrown [s\src\hotspot\share\interpreter\linkResolver.cpp, line 784]
Event: 0.368 Thread 0x0000029911016500 Exception <a 'java/lang/NoSuchMethodError'{0x0000000086fc9ab0}: 'long java.lang.invoke.Invokers$Holder.invokeExact_MT(java.lang.Object, java.lang.Object)'> (0x0000000086fc9ab0) 
thrown [s\src\hotspot\share\interpreter\linkResolver.cpp, line 784]
Event: 0.375 Thread 0x0000029911016500 Exception <a 'java/lang/NoSuchMethodError'{0x0000000086e82a10}: 'void java.lang.invoke.DirectMethodHandle$Holder.invokeSpecial(java.lang.Object, java.lang.Object, java.lang.Object)'> (0x0000000086e82a10) 
thrown [s\src\hotspot\share\interpreter\linkResolver.cpp, line 784]
Event: 0.382 Thread 0x000002991139d6c0 Exception <a 'java/lang/NoSuchMethodError'{0x0000000086d26050}: static [B.<clinit>()V> (0x0000000086d26050) 
thrown [s\src\hotspot\share\prims\jni.cpp, line 1135]
Event: 0.393 Thread 0x000002991139d6c0 Exception <a 'java/lang/NoSuchMethodError'{0x0000000086d614b8}: static [Ljava/rmi/server/ObjID;.<clinit>()V> (0x0000000086d614b8) 
thrown [s\src\hotspot\share\prims\jni.cpp, line 1135]
Event: 0.395 Thread 0x000002991139d030 Exception <a 'java/lang/NoSuchMethodError'{0x0000000086d77328}: 'java.lang.Object java.lang.invoke.DirectMethodHandle$Holder.invokeSpecial(java.lang.Object, java.lang.Object, int, java.lang.Object, long)'> (0x0000000086d77328) 
thrown [s\src\hotspot\share\interpreter\linkResolver.cpp, line 784]
Event: 0.395 Thread 0x000002991139d030 Exception <a 'java/lang/NoSuchMethodError'{0x0000000086d7e0e0}: 'java.lang.Object java.lang.invoke.DirectMethodHandle$Holder.newInvokeSpecial(java.lang.Object, java.lang.Object, int, java.lang.Object, long)'> (0x0000000086d7e0e0) 
thrown [s\src\hotspot\share\interpreter\linkResolver.cpp, line 784]
Event: 0.396 Thread 0x000002991139d6c0 Exception <a 'java/lang/NoSuchMethodError'{0x0000000086dee9b8}: 'void java.lang.invoke.Invokers$Holder.linkToTargetMethod(java.lang.Object, java.lang.Object)'> (0x0000000086dee9b8) 
thrown [s\src\hotspot\share\interpreter\linkResolver.cpp, line 784]
Event: 0.400 Thread 0x000002991139d6c0 Exception <a 'java/lang/NoSuchMethodError'{0x0000000086c1f650}: 'java.lang.Object java.lang.invoke.DirectMethodHandle$Holder.invokeInterface(java.lang.Object, java.lang.Object, java.lang.Object, java.lang.Object, java.lang.Object)'> (0x0000000086c1f650) 
thrown [s\src\hotspot\share\interpreter\linkResolver.cpp, line 784]
Event: 0.401 Thread 0x000002991139d6c0 Exception <a 'java/lang/NoSuchMethodError'{0x0000000086c32a08}: 'java.lang.Object java.lang.invoke.Invokers$Holder.invokeExact_MT(java.lang.Object, java.lang.Object, java.lang.Object, java.lang.Object, java.lang.Object, java.lang.Object)'> (0x0000000086c32a08) 
thrown [s\src\hotspot\share\interpreter\linkResolver.cpp, line 784]
Event: 0.443 Thread 0x000002991139f790 Exception <a 'java/lang/NoSuchMethodError'{0x0000000086a88910}: 'long java.lang.invoke.DirectMethodHandle$Holder.invokeInterface(java.lang.Object, java.lang.Object)'> (0x0000000086a88910) 
thrown [s\src\hotspot\share\interpreter\linkResolver.cpp, line 784]
Event: 0.443 Thread 0x000002991139f790 Exception <a 'java/lang/NoSuchMethodError'{0x0000000086a8c0a8}: 'long java.lang.invoke.DelegatingMethodHandle$Holder.reinvoke_L(java.lang.Object, java.lang.Object)'> (0x0000000086a8c0a8) 
thrown [s\src\hotspot\share\interpreter\linkResolver.cpp, line 784]
Event: 0.466 Thread 0x000002991139d6c0 Exception <a 'java/lang/NoSuchMethodError'{0x00000000869ef7d8}: 'void java.lang.invoke.DirectMethodHandle$Holder.invokeStatic(java.lang.Object, java.lang.Object, java.lang.Object)'> (0x00000000869ef7d8) 
thrown [s\src\hotspot\share\interpreter\linkResolver.cpp, line 784]
Event: 0.466 Thread 0x000002991139d6c0 Exception <a 'java/lang/NoSuchMethodError'{0x00000000869f88c8}: 'java.lang.Object java.lang.invoke.DirectMethodHandle$Holder.invokeVirtual(java.lang.Object, java.lang.Object, java.lang.Object)'> (0x00000000869f88c8) 
thrown [s\src\hotspot\share\interpreter\linkResolver.cpp, line 784]
Event: 0.595 Thread 0x000002991139d6c0 Exception <a 'sun/nio/fs/WindowsException'{0x00000000878f5538}> (0x00000000878f5538) 
thrown [s\src\hotspot\share\prims\jni.cpp, line 535]

ZGC Phase Switch (0 events):
No events

VM Operations (20 events):
Event: 0.214 Executing VM operation: HandshakeAllThreads (Deoptimize)
Event: 0.214 Executing VM operation: HandshakeAllThreads (Deoptimize) done
Event: 0.223 Executing VM operation: HandshakeAllThreads (Deoptimize)
Event: 0.223 Executing VM operation: HandshakeAllThreads (Deoptimize) done
Event: 0.352 Executing VM operation: ICBufferFull
Event: 0.352 Executing VM operation: ICBufferFull done
Event: 0.404 Executing VM operation: HandshakeAllThreads (Deoptimize)
Event: 0.404 Executing VM operation: HandshakeAllThreads (Deoptimize) done
Event: 0.444 Executing VM operation: HandshakeAllThreads (Deoptimize)
Event: 0.444 Executing VM operation: HandshakeAllThreads (Deoptimize) done
Event: 0.463 Executing VM operation: HandshakeAllThreads (Deoptimize)
Event: 0.463 Executing VM operation: HandshakeAllThreads (Deoptimize) done
Event: 0.467 Executing VM operation: G1CollectForAllocation (G1 Evacuation Pause)
Event: 0.474 Executing VM operation: G1CollectForAllocation (G1 Evacuation Pause) done
Event: 0.566 Executing VM operation: HandshakeAllThreads (Deoptimize)
Event: 0.566 Executing VM operation: HandshakeAllThreads (Deoptimize) done
Event: 0.576 Executing VM operation: HandshakeAllThreads (Deoptimize)
Event: 0.577 Executing VM operation: HandshakeAllThreads (Deoptimize) done
Event: 0.601 Executing VM operation: HandshakeAllThreads (Deoptimize)
Event: 0.601 Executing VM operation: HandshakeAllThreads (Deoptimize) done

Memory protections (0 events):
No events

Nmethod flushes (0 events):
No events

Events (20 events):
Event: 0.051 Loaded shared library C:\Program Files\JetBrains\IntelliJ IDEA 2024.3.2\jbr\bin\net.dll
Event: 0.052 Loaded shared library C:\Program Files\JetBrains\IntelliJ IDEA 2024.3.2\jbr\bin\nio.dll
Event: 0.060 Thread 0x00000298cad0ef10 Thread added: 0x00000298cb659c50
Event: 0.067 Loaded shared library C:\Program Files\JetBrains\IntelliJ IDEA 2024.3.2\jbr\bin\zip.dll
Event: 0.087 Loaded shared library C:\Program Files\JetBrains\IntelliJ IDEA 2024.3.2\jbr\bin\jimage.dll
Event: 0.214 Thread 0x00000298b06348a0 Thread added: 0x0000029911330ca0
Event: 0.320 Loaded shared library C:\Program Files\JetBrains\IntelliJ IDEA 2024.3.2\jbr\bin\extnet.dll
Event: 0.324 Thread 0x00000298b06348a0 Thread added: 0x00000298cb7fa800
Event: 0.332 Thread 0x00000298b06348a0 Thread added: 0x00000298cb805ed0
Event: 0.332 Thread 0x00000298b06348a0 Thread added: 0x00000298cb806530
Event: 0.333 Loaded shared library C:\Program Files\JetBrains\IntelliJ IDEA 2024.3.2\jbr\bin\rmi.dll
Event: 0.333 Thread 0x00000298b06348a0 Thread added: 0x00000298cb806b90
Event: 0.351 Thread 0x00000298cb7fa800 Thread added: 0x0000029911016500
Event: 0.351 Thread 0x00000298cb7fa800 Thread added: 0x0000029911016b60
Event: 0.377 Thread 0x0000029911016500 Thread added: 0x0000029911271170
Event: 0.378 Thread 0x00000298cb805ed0 Thread added: 0x000002991139d6c0
Event: 0.389 Thread 0x000002991139d6c0 Thread added: 0x000002991139d030
Event: 0.441 Thread 0x00000298cb805ed0 Thread added: 0x000002991139f790
Event: 0.568 Loaded shared library C:\Program Files\JetBrains\IntelliJ IDEA 2024.3.2\jbr\bin\sunmscapi.dll
Event: 0.675 Thread 0x00000298cad179b0 Thread added: 0x0000029911733040


Dynamic libraries:
0x00007ff73efe0000 - 0x00007ff73efea000 	C:\Program Files\JetBrains\IntelliJ IDEA 2024.3.2\jbr\bin\java.exe
0x00007ff82ca90000 - 0x00007ff82cc88000 	C:\Windows\SYSTEM32\ntdll.dll
0x00007ff82acc0000 - 0x00007ff82ad82000 	C:\Windows\System32\KERNEL32.DLL
0x00007ff82a160000 - 0x00007ff82a45f000 	C:\Windows\System32\KERNELBASE.dll
0x00007ff82a510000 - 0x00007ff82a610000 	C:\Windows\System32\ucrtbase.dll
0x00007ff8220f0000 - 0x00007ff822108000 	C:\Program Files\JetBrains\IntelliJ IDEA 2024.3.2\jbr\bin\jli.dll
0x00007ff8222a0000 - 0x00007ff8222bb000 	C:\Program Files\JetBrains\IntelliJ IDEA 2024.3.2\jbr\bin\VCRUNTIME140.dll
0x00007ff82c410000 - 0x00007ff82c5ad000 	C:\Windows\System32\USER32.dll
0x00007ff82aa80000 - 0x00007ff82aaa2000 	C:\Windows\System32\win32u.dll
0x00007ff8127d0000 - 0x00007ff812a6a000 	C:\Windows\WinSxS\amd64_microsoft.windows.common-controls_6595b64144ccf1df_6.0.19041.4355_none_60b8b9eb71f62e16\COMCTL32.dll
0x00007ff82c9b0000 - 0x00007ff82c9db000 	C:\Windows\System32\GDI32.dll
0x00007ff82c160000 - 0x00007ff82c1fe000 	C:\Windows\System32\msvcrt.dll
0x00007ff82a770000 - 0x00007ff82a88a000 	C:\Windows\System32\gdi32full.dll
0x00007ff82a9e0000 - 0x00007ff82aa7d000 	C:\Windows\System32\msvcp_win.dll
0x00007ff82c980000 - 0x00007ff82c9af000 	C:\Windows\System32\IMM32.DLL
0x00007ff825830000 - 0x00007ff82583c000 	C:\Program Files\JetBrains\IntelliJ IDEA 2024.3.2\jbr\bin\vcruntime140_1.dll
0x00007ff8084d0000 - 0x00007ff80855d000 	C:\Program Files\JetBrains\IntelliJ IDEA 2024.3.2\jbr\bin\msvcp140.dll
0x00007fffbd8e0000 - 0x00007fffbe6a1000 	C:\Program Files\JetBrains\IntelliJ IDEA 2024.3.2\jbr\bin\server\jvm.dll
0x00007ff82c000000 - 0x00007ff82c0af000 	C:\Windows\System32\ADVAPI32.dll
0x00007ff82c0b0000 - 0x00007ff82c14f000 	C:\Windows\System32\sechost.dll
0x00007ff82c850000 - 0x00007ff82c973000 	C:\Windows\System32\RPCRT4.dll
0x00007ff82a130000 - 0x00007ff82a157000 	C:\Windows\System32\bcrypt.dll
0x00007ff82c6b0000 - 0x00007ff82c71b000 	C:\Windows\System32\WS2_32.dll
0x00007ff829680000 - 0x00007ff8296cb000 	C:\Windows\SYSTEM32\POWRPROF.dll
0x00007ff814560000 - 0x00007ff814587000 	C:\Windows\SYSTEM32\WINMM.dll
0x00007ff8236e0000 - 0x00007ff8236ea000 	C:\Windows\SYSTEM32\VERSION.dll
0x00007ff8294f0000 - 0x00007ff829502000 	C:\Windows\SYSTEM32\UMPDC.dll
0x00007ff827f70000 - 0x00007ff827f82000 	C:\Windows\SYSTEM32\kernel.appcore.dll
0x00007ff8257f0000 - 0x00007ff8257fa000 	C:\Program Files\JetBrains\IntelliJ IDEA 2024.3.2\jbr\bin\jimage.dll
0x00007ff815820000 - 0x00007ff815a04000 	C:\Windows\SYSTEM32\DBGHELP.DLL
0x00007ff813800000 - 0x00007ff813834000 	C:\Windows\SYSTEM32\dbgcore.DLL
0x00007ff82a890000 - 0x00007ff82a912000 	C:\Windows\System32\bcryptPrimitives.dll
0x00007ff811db0000 - 0x00007ff811dd0000 	C:\Program Files\JetBrains\IntelliJ IDEA 2024.3.2\jbr\bin\java.dll
0x00007ff82b300000 - 0x00007ff82ba6d000 	C:\Windows\System32\SHELL32.dll
0x00007ff828170000 - 0x00007ff828914000 	C:\Windows\SYSTEM32\windows.storage.dll
0x00007ff82adb0000 - 0x00007ff82b105000 	C:\Windows\System32\combase.dll
0x00007ff829b00000 - 0x00007ff829b2b000 	C:\Windows\SYSTEM32\Wldp.dll
0x00007ff82b110000 - 0x00007ff82b1dd000 	C:\Windows\System32\OLEAUT32.dll
0x00007ff82aab0000 - 0x00007ff82ab5d000 	C:\Windows\System32\SHCORE.dll
0x00007ff82c200000 - 0x00007ff82c255000 	C:\Windows\System32\shlwapi.dll
0x00007ff82a060000 - 0x00007ff82a085000 	C:\Windows\SYSTEM32\profapi.dll
0x00007ff811d90000 - 0x00007ff811da8000 	C:\Program Files\JetBrains\IntelliJ IDEA 2024.3.2\jbr\bin\zip.dll
0x00007ff8225c0000 - 0x00007ff8225d0000 	C:\Program Files\JetBrains\IntelliJ IDEA 2024.3.2\jbr\bin\net.dll
0x00007ff8238a0000 - 0x00007ff8239aa000 	C:\Windows\SYSTEM32\WINHTTP.dll
0x00007ff829860000 - 0x00007ff8298cc000 	C:\Windows\system32\mswsock.dll
0x00007ff80b120000 - 0x00007ff80b136000 	C:\Program Files\JetBrains\IntelliJ IDEA 2024.3.2\jbr\bin\nio.dll
0x00007ff829510000 - 0x00007ff82954b000 	C:\Windows\SYSTEM32\IPHLPAPI.DLL
0x00007ff82c9e0000 - 0x00007ff82c9e8000 	C:\Windows\System32\NSI.dll
0x00007ff829a40000 - 0x00007ff829a58000 	C:\Windows\SYSTEM32\CRYPTSP.dll
0x00007ff829130000 - 0x00007ff829168000 	C:\Windows\system32\rsaenh.dll
0x00007ff829fe0000 - 0x00007ff82a00e000 	C:\Windows\SYSTEM32\USERENV.dll
0x00007ff829a00000 - 0x00007ff829a0c000 	C:\Windows\SYSTEM32\CRYPTBASE.dll
0x00007ff809ab0000 - 0x00007ff809ab9000 	C:\Program Files\JetBrains\IntelliJ IDEA 2024.3.2\jbr\bin\extnet.dll
0x00007ff825860000 - 0x00007ff825867000 	C:\Program Files\JetBrains\IntelliJ IDEA 2024.3.2\jbr\bin\rmi.dll
0x00007ff829550000 - 0x00007ff82961a000 	C:\Windows\SYSTEM32\DNSAPI.dll
0x0000000051ff0000 - 0x0000000052016000 	C:\Program Files\Bonjour\mdnsNSP.dll
0x00007ff8235f0000 - 0x00007ff8235fa000 	C:\Windows\System32\rasadhlp.dll
0x00007ff8223c0000 - 0x00007ff822440000 	C:\Windows\System32\fwpuclnt.dll
0x00007ff80bd60000 - 0x00007ff80bd6e000 	C:\Program Files\JetBrains\IntelliJ IDEA 2024.3.2\jbr\bin\sunmscapi.dll
0x00007ff82a610000 - 0x00007ff82a76c000 	C:\Windows\System32\CRYPT32.dll
0x00007ff829bd0000 - 0x00007ff829bf7000 	C:\Windows\SYSTEM32\ncrypt.dll
0x00007ff829b70000 - 0x00007ff829bab000 	C:\Windows\SYSTEM32\NTASN1.dll

dbghelp: loaded successfully - version: 4.0.5 - missing functions: none
symbol engine: initialized successfully - sym options: 0x614 - pdb path: .;C:\Program Files\JetBrains\IntelliJ IDEA 2024.3.2\jbr\bin;C:\Windows\SYSTEM32;C:\Windows\WinSxS\amd64_microsoft.windows.common-controls_6595b64144ccf1df_6.0.19041.4355_none_60b8b9eb71f62e16;C:\Program Files\JetBrains\IntelliJ IDEA 2024.3.2\jbr\bin\server;C:\Program Files\Bonjour

VM Arguments:
jvm_args: -Djava.rmi.server.hostname=127.0.0.1 -Duser.timezone=UTC -Xmx2048m -Xms128m -Djdbc.classpath=C:\Users\MSI\AppData\Local\Temp\RemoteDriver9.classpath.txt --add-exports=java.desktop/sun.awt=ALL-UNNAMED --add-exports=java.desktop/java.awt.peer=ALL-UNNAMED --add-opens=java.desktop/java.awt=ALL-UNNAMED --add-opens=jdk.unsupported/sun.misc=ALL-UNNAMED --add-opens=java.base/java.nio=ALL-UNNAMED --add-opens=java.base/java.util=ALL-UNNAMED -Dfile.encoding=UTF-8 -Dsun.stdout.encoding=UTF-8 -Dsun.stderr.encoding=UTF-8 
java_command: com.intellij.database.remote.RemoteJdbcServer com.mysql.cj.jdbc.Driver
java_class_path (initial): C:\Program Files\JetBrains\IntelliJ IDEA 2024.3.2\lib\util_rt.jar;C:\Program Files\JetBrains\IntelliJ IDEA 2024.3.2\lib\util-8.jar;C:\Program Files\JetBrains\IntelliJ IDEA 2024.3.2\lib\groovy.jar;C:\Program Files\JetBrains\IntelliJ IDEA 2024.3.2\plugins\DatabaseTools\lib\jdbc-console.jar;C:\Program Files\JetBrains\IntelliJ IDEA 2024.3.2\plugins\grid-core-impl\lib\jdbc-console-types.jar;C:\Program Files\JetBrains\IntelliJ IDEA 2024.3.2\lib\util.jar;C:\Program Files\JetBrains\IntelliJ IDEA 2024.3.2\lib\bouncy-castle.jar
Launcher Type: SUN_STANDARD

[Global flags]
     intx CICompilerCount                          = 4                                         {product} {ergonomic}
     uint ConcGCThreads                            = 3                                         {product} {ergonomic}
     uint G1ConcRefinementThreads                  = 10                                        {product} {ergonomic}
   size_t G1HeapRegionSize                         = 1048576                                   {product} {ergonomic}
    uintx GCDrainStackTargetSize                   = 64                                        {product} {ergonomic}
   size_t InitialHeapSize                          = 134217728                                 {product} {command line}
   size_t MarkStackSize                            = 4194304                                   {product} {ergonomic}
   size_t MaxHeapSize                              = 2147483648                                {product} {command line}
   size_t MaxNewSize                               = 1287651328                                {product} {ergonomic}
   size_t MinHeapDeltaBytes                        = 1048576                                   {product} {ergonomic}
   size_t MinHeapSize                              = 134217728                                 {product} {command line}
    uintx NonNMethodCodeHeapSize                   = 5839372                                {pd product} {ergonomic}
    uintx NonProfiledCodeHeapSize                  = 122909434                              {pd product} {ergonomic}
    uintx ProfiledCodeHeapSize                     = 122909434                              {pd product} {ergonomic}
    uintx ReservedCodeCacheSize                    = 251658240                              {pd product} {ergonomic}
     bool SegmentedCodeCache                       = true                                      {product} {ergonomic}
   size_t SoftMaxHeapSize                          = 2147483648                             {manageable} {ergonomic}
     bool UseCompressedOops                        = true                           {product lp64_product} {ergonomic}
     bool UseG1GC                                  = true                                      {product} {ergonomic}
     bool UseLargePagesIndividualAllocation        = false                                  {pd product} {ergonomic}

Logging:
Log output configuration:
 #0: stdout all=warning uptime,level,tags foldmultilines=false
 #1: stderr all=off uptime,level,tags foldmultilines=false

Environment Variables:
JAVA_HOME=C:\Program Files\Java\jdk1.8.0_271
PATH=C:\Program Files\Common Files\Oracle\Java\javapath;C:\Program Files\Java\jdk1.8.0_271;C:\Program Files (x86)\Common Files\Oracle\Java\javapath;C:\Windows\system32;C:\Windows;C:\Windows\System32\Wbem;C:\Windows\System32\WindowsPowerShell\v1.0\;C:\Windows\System32\OpenSSH\;C:\Program Files\Git\cmd;C:\Program Files\Java\jdk1.8.0_271\bin;C:\Users\MSI\Downloads\apache-tomcat-8.5.90-windows-x64\apache-tomcat-8.5.90\bin;C:\Program Files\Java\jre1.8.0_271;C:\Program Files\nodejs\;C:\Program Files\Docker\Docker\resources\bin;C:\Program Files\PuTTY\;C:\Program Files\dotnet\;C:\Users\MSI\AppData\Local\Programs\Python\Python312\Scripts\;C:\Users\MSI\AppData\Local\Programs\Python\Python312\;C:\Users\MSI\AppData\Local\Programs\Python\Launcher\;C:\Program Files\MySQL\MySQL Shell 8.0\bin\;C:\Users\MSI\AppData\Local\Microsoft\WindowsApps;C:\Users\MSI\AppData\Roaming\npm;C:\Users\MSI\AppData\Local\Programs\Microsoft VS Code\bin;C:\Program Files\JetBrains\IntelliJ IDEA 2024.3.2\bin;
USERNAME=MSI
OS=Windows_NT
PROCESSOR_IDENTIFIER=Intel64 Family 6 Model 165 Stepping 2, GenuineIntel
TMP=C:\Users\MSI\AppData\Local\Temp
TEMP=C:\Users\MSI\AppData\Local\Temp




Periodic native trim disabled

JNI global refs:
JNI global refs: 19, weak refs: 0

JNI global refs memory usage: 835, weak refs: 833

Process memory usage:
Resident Set Size: 106928K (1% of 8206088K total physical memory with 681432K free physical memory)

OOME stack traces (most recent first):
Classloader memory used:
