#
# There is insufficient memory for the Java Runtime Environment to continue.
# Native memory allocation (mmap) failed to map 132120576 bytes. Error detail: G1 virtual space
# Possible reasons:
#   The system is out of physical RAM or swap space
#   This process is running with CompressedOops enabled, and the Java Heap may be blocking the growth of the native heap
# Possible solutions:
#   Reduce memory load on the system
#   Increase physical memory or swap space
#   Check if swap backing store is full
#   Decrease Java heap size (-Xmx/-Xms)
#   Decrease number of Java threads
#   Decrease Java thread stack sizes (-Xss)
#   Set larger code cache with -XX:ReservedCodeCacheSize=
#   JVM is running with Unscaled Compressed Oops mode in which the Java heap is
#     placed in the first 4GB address space. The Java Heap base address is the
#     maximum limit for the native heap growth. Please use -XX:HeapBaseMinAddress
#     to set the Java Heap base and to place the Java Heap above 4GB virtual address.
# This output file may be truncated or incomplete.
#
#  Out of Memory Error (os_windows.cpp:3828), pid=1848, tid=13220
#
# JRE version:  (21.0.5+8) (build )
# Java VM: OpenJDK 64-Bit Server VM (21.0.5+8-b631.30, mixed mode, sharing, tiered, compressed oops, compressed class ptrs, g1 gc, windows-amd64)
# No core dump will be written. Minidumps are not enabled by default on client versions of Windows
#

---------------  S U M M A R Y ------------

Command Line: git4idea.http.GitAskPassApp Username for 'https://github.com': 

Host: Intel(R) Core(TM) i5-10500H CPU @ 2.50GHz, 12 cores, 7G,  Windows 10 , 64 bit Build 19041 (10.0.19041.5438)
Time: Sun Mar 23 13:32:30 2025 Sri Lanka Standard Time elapsed time: 0.008257 seconds (0d 0h 0m 0s)

---------------  T H R E A D  ---------------

Current thread (0x000001bd92db37f0):  JavaThread "Unknown thread" [_thread_in_vm, id=13220, stack(0x000000088e600000,0x000000088e700000) (1024K)]

Stack: [0x000000088e600000,0x000000088e700000]
Native frames: (J=compiled Java code, j=interpreted, Vv=VM code, C=native code)
V  [jvm.dll+0x6e52b9]
V  [jvm.dll+0x8c3633]
V  [jvm.dll+0x8c5b8e]
V  [jvm.dll+0x8c6273]
V  [jvm.dll+0x288f46]
V  [jvm.dll+0x6e1a35]
V  [jvm.dll+0x6d5e3a]
V  [jvm.dll+0x3634bb]
V  [jvm.dll+0x36b086]
V  [jvm.dll+0x3bd346]
V  [jvm.dll+0x3bd618]
V  [jvm.dll+0x335c2c]
V  [jvm.dll+0x33691b]
V  [jvm.dll+0x88aa89]
V  [jvm.dll+0x3ca518]
V  [jvm.dll+0x873b98]
V  [jvm.dll+0x45eede]
V  [jvm.dll+0x460bc1]
C  [jli.dll+0x52ab]
C  [ucrtbase.dll+0x21bb2]
C  [KERNEL32.DLL+0x17374]
C  [ntdll.dll+0x4cc91]


---------------  P R O C E S S  ---------------

Threads class SMR info:
_java_thread_list=0x00007ff9b67ea148, length=0, elements={
}

Java Threads: ( => current thread )
Total: 0

Other Threads:
  0x000001bd92e07860 WorkerThread "GC Thread#0"                     [id=6156, stack(0x000000088e700000,0x000000088e800000) (1024K)]
  0x000001bd92e18b90 ConcurrentGCThread "G1 Main Marker"            [id=18296, stack(0x000000088e800000,0x000000088e900000) (1024K)]
  0x000001bd92e195a0 WorkerThread "G1 Conc#0"                       [id=17192, stack(0x000000088e900000,0x000000088ea00000) (1024K)]

[error occurred during error reporting (printing all threads), id 0xc0000005, EXCEPTION_ACCESS_VIOLATION (0xc0000005) at pc=0x00007ff9b5ed8ce7]
VM state: not at safepoint (not fully initialized)

VM Mutex/Monitor currently owned by a thread:  ([mutex/lock_event])
[0x00007ff9b685eb30] Heap_lock - owner thread: 0x000001bd92db37f0

Heap address: 0x0000000082c00000, size: 2004 MB, Compressed Oops mode: 32-bit

CDS archive(s) mapped at: [0x0000000000000000-0x0000000000000000-0x0000000000000000), size 0, SharedBaseAddress: 0x0000000800000000, ArchiveRelocationMode: 1.
Narrow klass base: 0x0000000000000000, Narrow klass shift: 0, Narrow klass range: 0x0

GC Precious Log:
 CardTable entry size: 512
 Card Set container configuration: InlinePtr #cards 5 size 8 Array Of Cards #cards 12 size 40 Howl #buckets 4 coarsen threshold 1843 Howl Bitmap #cards 512 size 80 coarsen threshold 460 Card regions per heap region 1 cards per card region 2048

Heap:
 garbage-first heap   total 0K, used 0K [0x0000000082c00000, 0x0000000100000000)
  region size 1024K, 0 young (0K), 0 survivors (0K)
 Metaspace       used 0K, committed 0K, reserved 0K
  class space    used 0K, committed 0K, reserved 0K

Heap Regions: E=young(eden), S=young(survivor), O=old, HS=humongous(starts), HC=humongous(continues), CS=collection set, F=free, TAMS=top-at-mark-start, PB=parsable bottom

Card table byte_map: [0x000001bda66a0000,0x000001bda6a90000] _byte_map_base: 0x000001bda628a000

Marking Bits: (CMBitMap*) 0x000001bd92e07e70
 Bits: [0x000001bda6a90000, 0x000001bda89e0000)

GC Heap History (0 events):
No events

Dll operation events (1 events):
Event: 0.005 Loaded shared library C:\Program Files\JetBrains\IntelliJ IDEA 2024.3.2\jbr\bin\java.dll

Deoptimization events (0 events):
No events

Classes loaded (0 events):
No events

Classes unloaded (0 events):
No events

Classes redefined (0 events):
No events

Internal exceptions (0 events):
No events

ZGC Phase Switch (0 events):
No events

VM Operations (0 events):
No events

Memory protections (0 events):
No events

Nmethod flushes (0 events):
No events

Events (0 events):
No events


Dynamic libraries:
0x00007ff7c8c40000 - 0x00007ff7c8c4a000 	C:\Program Files\JetBrains\IntelliJ IDEA 2024.3.2\jbr\bin\java.exe
0x00007ff9febb0000 - 0x00007ff9feda8000 	C:\Windows\SYSTEM32\ntdll.dll
0x00007ff9fcea0000 - 0x00007ff9fcf62000 	C:\Windows\System32\KERNEL32.DLL
0x00007ff9fc380000 - 0x00007ff9fc67f000 	C:\Windows\System32\KERNELBASE.dll
0x00007ff9fc280000 - 0x00007ff9fc380000 	C:\Windows\System32\ucrtbase.dll
0x00007ff9f5630000 - 0x00007ff9f5648000 	C:\Program Files\JetBrains\IntelliJ IDEA 2024.3.2\jbr\bin\jli.dll
0x00007ff9fcbd0000 - 0x00007ff9fcd6d000 	C:\Windows\System32\USER32.dll
0x00007ff9fc9b0000 - 0x00007ff9fc9d2000 	C:\Windows\System32\win32u.dll
0x00007ff9e88f0000 - 0x00007ff9e8b8a000 	C:\Windows\WinSxS\amd64_microsoft.windows.common-controls_6595b64144ccf1df_6.0.19041.4355_none_60b8b9eb71f62e16\COMCTL32.dll
0x00007ff9f8420000 - 0x00007ff9f843b000 	C:\Program Files\JetBrains\IntelliJ IDEA 2024.3.2\jbr\bin\VCRUNTIME140.dll
0x00007ff9fde00000 - 0x00007ff9fde2b000 	C:\Windows\System32\GDI32.dll
0x00007ff9fdc80000 - 0x00007ff9fdd1e000 	C:\Windows\System32\msvcrt.dll
0x00007ff9fc7e0000 - 0x00007ff9fc8fa000 	C:\Windows\System32\gdi32full.dll
0x00007ff9fcb30000 - 0x00007ff9fcbcd000 	C:\Windows\System32\msvcp_win.dll
0x00007ff9fd520000 - 0x00007ff9fd54f000 	C:\Windows\System32\IMM32.DLL
0x00007ff9f9880000 - 0x00007ff9f988c000 	C:\Program Files\JetBrains\IntelliJ IDEA 2024.3.2\jbr\bin\vcruntime140_1.dll
0x00007ff9cfa00000 - 0x00007ff9cfa8d000 	C:\Program Files\JetBrains\IntelliJ IDEA 2024.3.2\jbr\bin\msvcp140.dll
0x00007ff9b5b90000 - 0x00007ff9b6951000 	C:\Program Files\JetBrains\IntelliJ IDEA 2024.3.2\jbr\bin\server\jvm.dll
0x00007ff9fcdf0000 - 0x00007ff9fce9f000 	C:\Windows\System32\ADVAPI32.dll
0x00007ff9fead0000 - 0x00007ff9feb6f000 	C:\Windows\System32\sechost.dll
0x00007ff9fe080000 - 0x00007ff9fe1a3000 	C:\Windows\System32\RPCRT4.dll
0x00007ff9fc250000 - 0x00007ff9fc277000 	C:\Windows\System32\bcrypt.dll
0x00007ff9fdb50000 - 0x00007ff9fdbbb000 	C:\Windows\System32\WS2_32.dll
0x00007ff9fb7c0000 - 0x00007ff9fb80b000 	C:\Windows\SYSTEM32\POWRPROF.dll
0x00007ff9ea5f0000 - 0x00007ff9ea617000 	C:\Windows\SYSTEM32\WINMM.dll
0x00007ff9f72b0000 - 0x00007ff9f72ba000 	C:\Windows\SYSTEM32\VERSION.dll
0x00007ff9fb620000 - 0x00007ff9fb632000 	C:\Windows\SYSTEM32\UMPDC.dll
0x00007ff9fa090000 - 0x00007ff9fa0a2000 	C:\Windows\SYSTEM32\kernel.appcore.dll
0x00007ff9f8670000 - 0x00007ff9f867a000 	C:\Program Files\JetBrains\IntelliJ IDEA 2024.3.2\jbr\bin\jimage.dll
0x00007ff9e42d0000 - 0x00007ff9e44b4000 	C:\Windows\SYSTEM32\DBGHELP.DLL
0x00007ff9e4170000 - 0x00007ff9e41a4000 	C:\Windows\SYSTEM32\dbgcore.DLL
0x00007ff9fc9e0000 - 0x00007ff9fca62000 	C:\Windows\System32\bcryptPrimitives.dll
0x00007ff9f7e60000 - 0x00007ff9f7e80000 	C:\Program Files\JetBrains\IntelliJ IDEA 2024.3.2\jbr\bin\java.dll

dbghelp: loaded successfully - version: 4.0.5 - missing functions: none
symbol engine: initialized successfully - sym options: 0x614 - pdb path: .;C:\Program Files\JetBrains\IntelliJ IDEA 2024.3.2\jbr\bin;C:\Windows\SYSTEM32;C:\Windows\WinSxS\amd64_microsoft.windows.common-controls_6595b64144ccf1df_6.0.19041.4355_none_60b8b9eb71f62e16;C:\Program Files\JetBrains\IntelliJ IDEA 2024.3.2\jbr\bin\server

VM Arguments:
java_command: git4idea.http.GitAskPassApp Username for 'https://github.com': 
java_class_path (initial): C:/Program Files/JetBrains/IntelliJ IDEA 2024.3.2/plugins/vcs-git/lib/git4idea-rt.jar;C:/Program Files/JetBrains/IntelliJ IDEA 2024.3.2/lib/externalProcess-rt.jar
Launcher Type: SUN_STANDARD

[Global flags]
     intx CICompilerCount                          = 4                                         {product} {ergonomic}
     uint ConcGCThreads                            = 3                                         {product} {ergonomic}
     uint G1ConcRefinementThreads                  = 10                                        {product} {ergonomic}
   size_t G1HeapRegionSize                         = 1048576                                   {product} {ergonomic}
    uintx GCDrainStackTargetSize                   = 64                                        {product} {ergonomic}
   size_t InitialHeapSize                          = 132120576                                 {product} {ergonomic}
   size_t MarkStackSize                            = 4194304                                   {product} {ergonomic}
   size_t MaxHeapSize                              = 2101346304                                {product} {ergonomic}
   size_t MinHeapDeltaBytes                        = 1048576                                   {product} {ergonomic}
   size_t MinHeapSize                              = 8388608                                   {product} {ergonomic}
    uintx NonNMethodCodeHeapSize                   = 5839372                                {pd product} {ergonomic}
    uintx NonProfiledCodeHeapSize                  = 122909434                              {pd product} {ergonomic}
    uintx ProfiledCodeHeapSize                     = 122909434                              {pd product} {ergonomic}
    uintx ReservedCodeCacheSize                    = 251658240                              {pd product} {ergonomic}
     bool SegmentedCodeCache                       = true                                      {product} {ergonomic}
   size_t SoftMaxHeapSize                          = 2101346304                             {manageable} {ergonomic}
     bool UseCompressedOops                        = true                           {product lp64_product} {ergonomic}
     bool UseG1GC                                  = true                                      {product} {ergonomic}
     bool UseLargePagesIndividualAllocation        = false                                  {pd product} {ergonomic}

Logging:
Log output configuration:
 #0: stdout all=warning uptime,level,tags foldmultilines=false
 #1: stderr all=off uptime,level,tags foldmultilines=false

Environment Variables:
JAVA_HOME=C:\Program Files\Java\jdk1.8.0_271
PATH=C:\Program Files\Git\mingw64\libexec\git-core;C:\Program Files\Git\mingw64\libexec\git-core;C:\Program Files\Git\mingw64\bin;C:\Program Files\Git\usr\bin;C:\Users\MSI\bin;C:\Program Files\Common Files\Oracle\Java\javapath;C:\Program Files\Java\jdk1.8.0_271;C:\Program Files (x86)\Common Files\Oracle\Java\javapath;C:\Windows\system32;C:\Windows;C:\Windows\System32\Wbem;C:\Windows\System32\WindowsPowerShell\v1.0;C:\Windows\System32\OpenSSH;C:\Program Files\Git\cmd;C:\Program Files\Java\jdk1.8.0_271\bin;C:\Users\MSI\Downloads\apache-tomcat-8.5.90-windows-x64\apache-tomcat-8.5.90\bin;C:\Program Files\Java\jre1.8.0_271;C:\Program Files\nodejs;C:\Program Files\Docker\Docker\resources\bin;C:\Program Files\PuTTY;C:\Program Files\dotnet;C:\Users\MSI\AppData\Local\Programs\Python\Python312\Scripts;C:\Users\MSI\AppData\Local\Programs\Python\Python312;C:\Users\MSI\AppData\Local\Programs\Python\Launcher;C:\Program Files\MySQL\MySQL Shell 8.0\bin;C:\Users\MSI\AppData\Local\Microsoft\WindowsApps;C:\Users\MSI\AppData\Roaming\npm;C:\Users\MSI\AppData\Local\Programs\Microsoft VS Code\bin;C:\Program Files\JetBrains\IntelliJ IDEA 2024.3.2\bin
USERNAME=MSI
DISPLAY=:0.0
LC_ALL=en_US.UTF-8
TERM=xterm-256color
TMPDIR=C:\Users\MSI\AppData\Local\Temp
OS=Windows_NT
PROCESSOR_IDENTIFIER=Intel64 Family 6 Model 165 Stepping 2, GenuineIntel
TMP=C:\Users\MSI\AppData\Local\Temp
TEMP=C:\Users\MSI\AppData\Local\Temp




Periodic native trim disabled

JNI global refs:
JNI global refs: 0, weak refs: 0

JNI global refs memory usage: 0, weak refs: 0

Process memory usage:
Resident Set Size: 10852K (0% of 8206088K total physical memory with 808012K free physical memory)

OOME stack traces (most recent first):
Classloader memory used:

---------------  S Y S T E M  ---------------

OS:
 Windows 10 , 64 bit Build 19041 (10.0.19041.5438)
OS uptime: 0 days 3:33 hours
Hyper-V role detected

CPU: total 12 (initial active 12) (6 cores per cpu, 2 threads per core) family 6 model 165 stepping 2 microcode 0xe2, cx8, cmov, fxsr, ht, mmx, 3dnowpref, sse, sse2, sse3, ssse3, sse4.1, sse4.2, popcnt, lzcnt, tsc, tscinvbit, avx, avx2, aes, erms, clmul, bmi1, bmi2, adx, fma, vzeroupper, clflush, clflushopt, hv, rdtscp, f16c
Processor Information for all 12 processors :
  Max Mhz: 2496, Current Mhz: 2496, Mhz Limit: 2496

Memory: 4k page, system-wide physical 8013M (789M free)
TotalPageFile size 12109M (AvailPageFile size 66M)
current process WorkingSet (physical memory assigned to process): 10M, peak: 10M
current process commit charge ("private bytes"): 64M, peak: 190M

vm_info: OpenJDK 64-Bit Server VM (21.0.5+8-b631.30) for windows-amd64 JRE (21.0.5+8-b631.30), built on 2024-12-06 by "builduser" with MS VC++ 16.10 / 16.11 (VS2019)

END.
